<?xml version="1.0" encoding="UTF-8"?>
<testsuite xmlns:xsi="http://www.w3.org/2001/XMLSchema-instance" xsi:noNamespaceSchemaLocation="https://maven.apache.org/surefire/maven-surefire-plugin/xsd/surefire-test-report.xsd" name="com.ningmeng.manage_course.dao.FeignTest" time="28.695" tests="1" errors="1" skipped="0" failures="0">
  <properties>
    <property name="sun.desktop" value="windows"/>
    <property name="awt.toolkit" value="sun.awt.windows.WToolkit"/>
    <property name="file.encoding.pkg" value="sun.io"/>
    <property name="java.specification.version" value="1.8"/>
    <property name="sun.cpu.isalist" value="amd64"/>
    <property name="sun.jnu.encoding" value="GBK"/>
    <property name="java.class.path" value="E:\nginx-1.14\hdservicecode\hdservicecode\nm-service-manage-course\target\test-classes;E:\nginx-1.14\hdservicecode\hdservicecode\nm-service-manage-course\target\classes;E:\nginx-1.14\hdservicecode\hdservicecode\nm-service-api\target\nm-service-api.jar;E:\nginx-1.14\maven_config\repository\commons-fileupload\commons-fileupload\1.3.3\commons-fileupload-1.3.3.jar;E:\nginx-1.14\maven_config\repository\io\springfox\springfox-swagger2\2.7.0\springfox-swagger2-2.7.0.jar;E:\nginx-1.14\maven_config\repository\io\swagger\swagger-annotations\1.5.13\swagger-annotations-1.5.13.jar;E:\nginx-1.14\maven_config\repository\io\swagger\swagger-models\1.5.13\swagger-models-1.5.13.jar;E:\nginx-1.14\maven_config\repository\io\springfox\springfox-spi\2.7.0\springfox-spi-2.7.0.jar;E:\nginx-1.14\maven_config\repository\io\springfox\springfox-core\2.7.0\springfox-core-2.7.0.jar;E:\nginx-1.14\maven_config\repository\io\springfox\springfox-schema\2.7.0\springfox-schema-2.7.0.jar;E:\nginx-1.14\maven_config\repository\io\springfox\springfox-swagger-common\2.7.0\springfox-swagger-common-2.7.0.jar;E:\nginx-1.14\maven_config\repository\io\springfox\springfox-spring-web\2.7.0\springfox-spring-web-2.7.0.jar;E:\nginx-1.14\maven_config\repository\org\reflections\reflections\0.9.11\reflections-0.9.11.jar;E:\nginx-1.14\maven_config\repository\com\fasterxml\classmate\1.3.4\classmate-1.3.4.jar;E:\nginx-1.14\maven_config\repository\org\springframework\plugin\spring-plugin-core\1.2.0.RELEASE\spring-plugin-core-1.2.0.RELEASE.jar;E:\nginx-1.14\maven_config\repository\org\springframework\plugin\spring-plugin-metadata\1.2.0.RELEASE\spring-plugin-metadata-1.2.0.RELEASE.jar;E:\nginx-1.14\maven_config\repository\org\mapstruct\mapstruct\1.1.0.Final\mapstruct-1.1.0.Final.jar;E:\nginx-1.14\maven_config\repository\io\springfox\springfox-swagger-ui\2.7.0\springfox-swagger-ui-2.7.0.jar;E:\nginx-1.14\hdservicecode\hdservicecode\nm-framework-model\target\nm-framework-model.jar;E:\nginx-1.14\maven_config\repository\org\projectlombok\lombok\1.16.16\lombok-1.16.16.jar;E:\nginx-1.14\maven_config\repository\org\springframework\data\spring-data-commons\2.0.6.RELEASE\spring-data-commons-2.0.6.RELEASE.jar;E:\nginx-1.14\maven_config\repository\org\springframework\data\spring-data-mongodb\2.0.6.RELEASE\spring-data-mongodb-2.0.6.RELEASE.jar;E:\nginx-1.14\maven_config\repository\org\springframework\spring-context\5.0.5.RELEASE\spring-context-5.0.5.RELEASE.jar;E:\nginx-1.14\maven_config\repository\org\springframework\spring-expression\5.0.5.RELEASE\spring-expression-5.0.5.RELEASE.jar;E:\nginx-1.14\maven_config\repository\org\mongodb\mongo-java-driver\3.6.3\mongo-java-driver-3.6.3.jar;E:\nginx-1.14\maven_config\repository\org\hibernate\hibernate-core\5.2.16.Final\hibernate-core-5.2.16.Final.jar;E:\nginx-1.14\maven_config\repository\org\jboss\logging\jboss-logging\3.3.2.Final\jboss-logging-3.3.2.Final.jar;E:\nginx-1.14\maven_config\repository\org\hibernate\javax\persistence\hibernate-jpa-2.1-api\1.0.0.Final\hibernate-jpa-2.1-api-1.0.0.Final.jar;E:\nginx-1.14\maven_config\repository\org\javassist\javassist\3.22.0-GA\javassist-3.22.0-GA.jar;E:\nginx-1.14\maven_config\repository\antlr\antlr\2.7.7\antlr-2.7.7.jar;E:\nginx-1.14\maven_config\repository\org\jboss\spec\javax\transaction\jboss-transaction-api_1.2_spec\1.0.1.Final\jboss-transaction-api_1.2_spec-1.0.1.Final.jar;E:\nginx-1.14\maven_config\repository\org\jboss\jandex\2.0.3.Final\jandex-2.0.3.Final.jar;E:\nginx-1.14\maven_config\repository\dom4j\dom4j\1.6.1\dom4j-1.6.1.jar;E:\nginx-1.14\maven_config\repository\org\hibernate\common\hibernate-commons-annotations\5.0.1.Final\hibernate-commons-annotations-5.0.1.Final.jar;E:\nginx-1.14\maven_config\repository\com\google\guava\guava\24.0-jre\guava-24.0-jre.jar;E:\nginx-1.14\maven_config\repository\com\google\code\findbugs\jsr305\1.3.9\jsr305-1.3.9.jar;E:\nginx-1.14\maven_config\repository\org\checkerframework\checker-compat-qual\2.0.0\checker-compat-qual-2.0.0.jar;E:\nginx-1.14\maven_config\repository\com\google\errorprone\error_prone_annotations\2.1.3\error_prone_annotations-2.1.3.jar;E:\nginx-1.14\maven_config\repository\com\google\j2objc\j2objc-annotations\1.1\j2objc-annotations-1.1.jar;E:\nginx-1.14\maven_config\repository\org\codehaus\mojo\animal-sniffer-annotations\1.14\animal-sniffer-annotations-1.14.jar;E:\nginx-1.14\hdservicecode\hdservicecode\nm-framework-utils\target\nm-framework-utils.jar;E:\nginx-1.14\maven_config\repository\javax\servlet\javax.servlet-api\3.1.0\javax.servlet-api-3.1.0.jar;E:\nginx-1.14\maven_config\repository\org\springframework\boot\spring-boot-starter-logging\2.0.1.RELEASE\spring-boot-starter-logging-2.0.1.RELEASE.jar;E:\nginx-1.14\maven_config\repository\ch\qos\logback\logback-classic\1.2.3\logback-classic-1.2.3.jar;E:\nginx-1.14\maven_config\repository\ch\qos\logback\logback-core\1.2.3\logback-core-1.2.3.jar;E:\nginx-1.14\maven_config\repository\org\apache\logging\log4j\log4j-to-slf4j\2.10.0\log4j-to-slf4j-2.10.0.jar;E:\nginx-1.14\maven_config\repository\org\apache\logging\log4j\log4j-api\2.10.0\log4j-api-2.10.0.jar;E:\nginx-1.14\maven_config\repository\org\slf4j\jul-to-slf4j\1.7.25\jul-to-slf4j-1.7.25.jar;E:\nginx-1.14\maven_config\repository\org\apache\httpcomponents\httpclient\4.5.5\httpclient-4.5.5.jar;E:\nginx-1.14\maven_config\repository\org\apache\httpcomponents\httpcore\4.4.9\httpcore-4.4.9.jar;E:\nginx-1.14\maven_config\repository\commons-codec\commons-codec\1.10\commons-codec-1.10.jar;E:\nginx-1.14\maven_config\repository\net\lingala\zip4j\zip4j\1.3.1\zip4j-1.3.1.jar;E:\nginx-1.14\maven_config\repository\org\springframework\security\spring-security-crypto\5.0.4.RELEASE\spring-security-crypto-5.0.4.RELEASE.jar;E:\nginx-1.14\maven_config\repository\org\springframework\security\spring-security-jwt\1.0.8.RELEASE\spring-security-jwt-1.0.8.RELEASE.jar;E:\nginx-1.14\maven_config\repository\org\bouncycastle\bcpkix-jdk15on\1.56\bcpkix-jdk15on-1.56.jar;E:\nginx-1.14\maven_config\repository\org\bouncycastle\bcprov-jdk15on\1.56\bcprov-jdk15on-1.56.jar;E:\nginx-1.14\hdservicecode\hdservicecode\nm-framework-common\target\nm-framework-common.jar;E:\nginx-1.14\maven_config\repository\org\springframework\spring-web\5.0.5.RELEASE\spring-web-5.0.5.RELEASE.jar;E:\nginx-1.14\maven_config\repository\org\springframework\boot\spring-boot-starter-web\2.0.1.RELEASE\spring-boot-starter-web-2.0.1.RELEASE.jar;E:\nginx-1.14\maven_config\repository\org\springframework\boot\spring-boot-starter\2.0.1.RELEASE\spring-boot-starter-2.0.1.RELEASE.jar;E:\nginx-1.14\maven_config\repository\org\springframework\boot\spring-boot\2.0.1.RELEASE\spring-boot-2.0.1.RELEASE.jar;E:\nginx-1.14\maven_config\repository\javax\annotation\javax.annotation-api\1.3.2\javax.annotation-api-1.3.2.jar;E:\nginx-1.14\maven_config\repository\org\yaml\snakeyaml\1.19\snakeyaml-1.19.jar;E:\nginx-1.14\maven_config\repository\org\springframework\boot\spring-boot-starter-json\2.0.1.RELEASE\spring-boot-starter-json-2.0.1.RELEASE.jar;E:\nginx-1.14\maven_config\repository\com\fasterxml\jackson\core\jackson-databind\2.9.5\jackson-databind-2.9.5.jar;E:\nginx-1.14\maven_config\repository\com\fasterxml\jackson\datatype\jackson-datatype-jdk8\2.9.5\jackson-datatype-jdk8-2.9.5.jar;E:\nginx-1.14\maven_config\repository\com\fasterxml\jackson\datatype\jackson-datatype-jsr310\2.9.5\jackson-datatype-jsr310-2.9.5.jar;E:\nginx-1.14\maven_config\repository\com\fasterxml\jackson\module\jackson-module-parameter-names\2.9.5\jackson-module-parameter-names-2.9.5.jar;E:\nginx-1.14\maven_config\repository\org\springframework\boot\spring-boot-starter-tomcat\2.0.1.RELEASE\spring-boot-starter-tomcat-2.0.1.RELEASE.jar;E:\nginx-1.14\maven_config\repository\org\apache\tomcat\embed\tomcat-embed-core\8.5.28\tomcat-embed-core-8.5.28.jar;E:\nginx-1.14\maven_config\repository\org\apache\tomcat\embed\tomcat-embed-el\8.5.28\tomcat-embed-el-8.5.28.jar;E:\nginx-1.14\maven_config\repository\org\apache\tomcat\embed\tomcat-embed-websocket\8.5.28\tomcat-embed-websocket-8.5.28.jar;E:\nginx-1.14\maven_config\repository\org\hibernate\validator\hibernate-validator\6.0.9.Final\hibernate-validator-6.0.9.Final.jar;E:\nginx-1.14\maven_config\repository\javax\validation\validation-api\2.0.1.Final\validation-api-2.0.1.Final.jar;E:\nginx-1.14\maven_config\repository\org\springframework\spring-webmvc\5.0.5.RELEASE\spring-webmvc-5.0.5.RELEASE.jar;E:\nginx-1.14\maven_config\repository\org\springframework\spring-aop\5.0.5.RELEASE\spring-aop-5.0.5.RELEASE.jar;E:\nginx-1.14\maven_config\repository\mysql\mysql-connector-java\5.1.40\mysql-connector-java-5.1.40.jar;E:\nginx-1.14\maven_config\repository\com\alibaba\druid-spring-boot-starter\1.1.10\druid-spring-boot-starter-1.1.10.jar;E:\nginx-1.14\maven_config\repository\com\alibaba\druid\1.1.6\druid-1.1.6.jar;E:\nginx-1.14\maven_config\repository\org\slf4j\slf4j-api\1.7.25\slf4j-api-1.7.25.jar;E:\nginx-1.14\maven_config\repository\org\springframework\boot\spring-boot-autoconfigure\2.0.1.RELEASE\spring-boot-autoconfigure-2.0.1.RELEASE.jar;E:\nginx-1.14\maven_config\repository\org\mybatis\spring\boot\mybatis-spring-boot-starter\1.3.1\mybatis-spring-boot-starter-1.3.1.jar;E:\nginx-1.14\maven_config\repository\org\springframework\boot\spring-boot-starter-jdbc\2.0.1.RELEASE\spring-boot-starter-jdbc-2.0.1.RELEASE.jar;E:\nginx-1.14\maven_config\repository\com\zaxxer\HikariCP\2.7.8\HikariCP-2.7.8.jar;E:\nginx-1.14\maven_config\repository\org\mybatis\spring\boot\mybatis-spring-boot-autoconfigure\1.3.1\mybatis-spring-boot-autoconfigure-1.3.1.jar;E:\nginx-1.14\maven_config\repository\org\mybatis\mybatis\3.4.5\mybatis-3.4.5.jar;E:\nginx-1.14\maven_config\repository\org\mybatis\mybatis-spring\1.3.1\mybatis-spring-1.3.1.jar;E:\nginx-1.14\maven_config\repository\org\springframework\spring-orm\5.0.5.RELEASE\spring-orm-5.0.5.RELEASE.jar;E:\nginx-1.14\maven_config\repository\org\springframework\spring-beans\5.0.5.RELEASE\spring-beans-5.0.5.RELEASE.jar;E:\nginx-1.14\maven_config\repository\org\springframework\spring-core\5.0.5.RELEASE\spring-core-5.0.5.RELEASE.jar;E:\nginx-1.14\maven_config\repository\org\springframework\spring-jcl\5.0.5.RELEASE\spring-jcl-5.0.5.RELEASE.jar;E:\nginx-1.14\maven_config\repository\org\springframework\spring-jdbc\5.0.5.RELEASE\spring-jdbc-5.0.5.RELEASE.jar;E:\nginx-1.14\maven_config\repository\org\springframework\spring-tx\5.0.5.RELEASE\spring-tx-5.0.5.RELEASE.jar;E:\nginx-1.14\maven_config\repository\org\springframework\boot\spring-boot-starter-data-jpa\2.0.1.RELEASE\spring-boot-starter-data-jpa-2.0.1.RELEASE.jar;E:\nginx-1.14\maven_config\repository\org\springframework\boot\spring-boot-starter-aop\2.0.1.RELEASE\spring-boot-starter-aop-2.0.1.RELEASE.jar;E:\nginx-1.14\maven_config\repository\org\aspectj\aspectjweaver\1.8.13\aspectjweaver-1.8.13.jar;E:\nginx-1.14\maven_config\repository\javax\transaction\javax.transaction-api\1.2\javax.transaction-api-1.2.jar;E:\nginx-1.14\maven_config\repository\org\springframework\data\spring-data-jpa\2.0.6.RELEASE\spring-data-jpa-2.0.6.RELEASE.jar;E:\nginx-1.14\maven_config\repository\org\springframework\spring-aspects\5.0.5.RELEASE\spring-aspects-5.0.5.RELEASE.jar;E:\nginx-1.14\maven_config\repository\com\squareup\okhttp3\okhttp\3.9.1\okhttp-3.9.1.jar;E:\nginx-1.14\maven_config\repository\com\squareup\okio\okio\1.13.0\okio-1.13.0.jar;E:\nginx-1.14\maven_config\repository\com\alibaba\fastjson\1.2.30\fastjson-1.2.30.jar;E:\nginx-1.14\maven_config\repository\commons-io\commons-io\2.6\commons-io-2.6.jar;E:\nginx-1.14\maven_config\repository\org\apache\commons\commons-lang3\3.6\commons-lang3-3.6.jar;E:\nginx-1.14\maven_config\repository\org\springframework\boot\spring-boot-starter-test\2.0.1.RELEASE\spring-boot-starter-test-2.0.1.RELEASE.jar;E:\nginx-1.14\maven_config\repository\org\springframework\boot\spring-boot-test\2.0.1.RELEASE\spring-boot-test-2.0.1.RELEASE.jar;E:\nginx-1.14\maven_config\repository\org\springframework\boot\spring-boot-test-autoconfigure\2.0.1.RELEASE\spring-boot-test-autoconfigure-2.0.1.RELEASE.jar;E:\nginx-1.14\maven_config\repository\com\jayway\jsonpath\json-path\2.4.0\json-path-2.4.0.jar;E:\nginx-1.14\maven_config\repository\net\minidev\json-smart\2.3\json-smart-2.3.jar;E:\nginx-1.14\maven_config\repository\net\minidev\accessors-smart\1.2\accessors-smart-1.2.jar;E:\nginx-1.14\maven_config\repository\org\ow2\asm\asm\5.0.4\asm-5.0.4.jar;E:\nginx-1.14\maven_config\repository\junit\junit\4.12\junit-4.12.jar;E:\nginx-1.14\maven_config\repository\org\assertj\assertj-core\3.9.1\assertj-core-3.9.1.jar;E:\nginx-1.14\maven_config\repository\org\mockito\mockito-core\2.15.0\mockito-core-2.15.0.jar;E:\nginx-1.14\maven_config\repository\net\bytebuddy\byte-buddy\1.7.11\byte-buddy-1.7.11.jar;E:\nginx-1.14\maven_config\repository\net\bytebuddy\byte-buddy-agent\1.7.11\byte-buddy-agent-1.7.11.jar;E:\nginx-1.14\maven_config\repository\org\objenesis\objenesis\2.6\objenesis-2.6.jar;E:\nginx-1.14\maven_config\repository\org\hamcrest\hamcrest-core\1.3\hamcrest-core-1.3.jar;E:\nginx-1.14\maven_config\repository\org\hamcrest\hamcrest-library\1.3\hamcrest-library-1.3.jar;E:\nginx-1.14\maven_config\repository\org\skyscreamer\jsonassert\1.5.0\jsonassert-1.5.0.jar;E:\nginx-1.14\maven_config\repository\com\vaadin\external\google\android-json\0.0.20131108.vaadin1\android-json-0.0.20131108.vaadin1.jar;E:\nginx-1.14\maven_config\repository\org\springframework\spring-test\5.0.5.RELEASE\spring-test-5.0.5.RELEASE.jar;E:\nginx-1.14\maven_config\repository\org\xmlunit\xmlunit-core\2.5.1\xmlunit-core-2.5.1.jar;E:\nginx-1.14\maven_config\repository\com\github\pagehelper\pagehelper-spring-boot-starter\1.2.4\pagehelper-spring-boot-starter-1.2.4.jar;E:\nginx-1.14\maven_config\repository\com\github\pagehelper\pagehelper-spring-boot-autoconfigure\1.2.4\pagehelper-spring-boot-autoconfigure-1.2.4.jar;E:\nginx-1.14\maven_config\repository\com\github\pagehelper\pagehelper\5.1.3\pagehelper-5.1.3.jar;E:\nginx-1.14\maven_config\repository\com\github\jsqlparser\jsqlparser\1.0\jsqlparser-1.0.jar;E:\nginx-1.14\maven_config\repository\org\springframework\cloud\spring-cloud-starter-netflix-eureka-client\2.0.1.RELEASE\spring-cloud-starter-netflix-eureka-client-2.0.1.RELEASE.jar;E:\nginx-1.14\maven_config\repository\org\springframework\cloud\spring-cloud-starter\2.0.1.RELEASE\spring-cloud-starter-2.0.1.RELEASE.jar;E:\nginx-1.14\maven_config\repository\org\springframework\cloud\spring-cloud-context\2.0.1.RELEASE\spring-cloud-context-2.0.1.RELEASE.jar;E:\nginx-1.14\maven_config\repository\org\springframework\security\spring-security-rsa\1.0.5.RELEASE\spring-security-rsa-1.0.5.RELEASE.jar;E:\nginx-1.14\maven_config\repository\org\springframework\cloud\spring-cloud-netflix-core\2.0.1.RELEASE\spring-cloud-netflix-core-2.0.1.RELEASE.jar;E:\nginx-1.14\maven_config\repository\org\springframework\cloud\spring-cloud-netflix-eureka-client\2.0.1.RELEASE\spring-cloud-netflix-eureka-client-2.0.1.RELEASE.jar;E:\nginx-1.14\maven_config\repository\com\netflix\eureka\eureka-client\1.9.3\eureka-client-1.9.3.jar;E:\nginx-1.14\maven_config\repository\org\codehaus\jettison\jettison\1.3.7\jettison-1.3.7.jar;E:\nginx-1.14\maven_config\repository\stax\stax-api\1.0.1\stax-api-1.0.1.jar;E:\nginx-1.14\maven_config\repository\com\netflix\netflix-commons\netflix-eventbus\0.3.0\netflix-eventbus-0.3.0.jar;E:\nginx-1.14\maven_config\repository\com\netflix\netflix-commons\netflix-infix\0.3.0\netflix-infix-0.3.0.jar;E:\nginx-1.14\maven_config\repository\commons-jxpath\commons-jxpath\1.3\commons-jxpath-1.3.jar;E:\nginx-1.14\maven_config\repository\joda-time\joda-time\2.9.9\joda-time-2.9.9.jar;E:\nginx-1.14\maven_config\repository\org\antlr\antlr-runtime\3.4\antlr-runtime-3.4.jar;E:\nginx-1.14\maven_config\repository\org\antlr\stringtemplate\3.2.1\stringtemplate-3.2.1.jar;E:\nginx-1.14\maven_config\repository\com\google\code\gson\gson\2.8.2\gson-2.8.2.jar;E:\nginx-1.14\maven_config\repository\org\apache\commons\commons-math\2.2\commons-math-2.2.jar;E:\nginx-1.14\maven_config\repository\com\netflix\archaius\archaius-core\0.7.6\archaius-core-0.7.6.jar;E:\nginx-1.14\maven_config\repository\javax\ws\rs\jsr311-api\1.1.1\jsr311-api-1.1.1.jar;E:\nginx-1.14\maven_config\repository\com\netflix\servo\servo-core\0.12.21\servo-core-0.12.21.jar;E:\nginx-1.14\maven_config\repository\com\sun\jersey\jersey-core\1.19.1\jersey-core-1.19.1.jar;E:\nginx-1.14\maven_config\repository\com\sun\jersey\jersey-client\1.19.1\jersey-client-1.19.1.jar;E:\nginx-1.14\maven_config\repository\com\sun\jersey\contribs\jersey-apache-client4\1.19.1\jersey-apache-client4-1.19.1.jar;E:\nginx-1.14\maven_config\repository\com\google\inject\guice\4.1.0\guice-4.1.0.jar;E:\nginx-1.14\maven_config\repository\javax\inject\javax.inject\1\javax.inject-1.jar;E:\nginx-1.14\maven_config\repository\aopalliance\aopalliance\1.0\aopalliance-1.0.jar;E:\nginx-1.14\maven_config\repository\com\github\vlsi\compactmap\compactmap\1.2.1\compactmap-1.2.1.jar;E:\nginx-1.14\maven_config\repository\com\github\andrewoma\dexx\dexx-collections\0.2\dexx-collections-0.2.jar;E:\nginx-1.14\maven_config\repository\com\fasterxml\jackson\core\jackson-annotations\2.9.0\jackson-annotations-2.9.0.jar;E:\nginx-1.14\maven_config\repository\com\fasterxml\jackson\core\jackson-core\2.9.5\jackson-core-2.9.5.jar;E:\nginx-1.14\maven_config\repository\com\netflix\eureka\eureka-core\1.9.3\eureka-core-1.9.3.jar;E:\nginx-1.14\maven_config\repository\org\codehaus\woodstox\woodstox-core-asl\4.4.1\woodstox-core-asl-4.4.1.jar;E:\nginx-1.14\maven_config\repository\javax\xml\stream\stax-api\1.0-2\stax-api-1.0-2.jar;E:\nginx-1.14\maven_config\repository\org\codehaus\woodstox\stax2-api\3.1.4\stax2-api-3.1.4.jar;E:\nginx-1.14\maven_config\repository\org\springframework\cloud\spring-cloud-starter-netflix-archaius\2.0.1.RELEASE\spring-cloud-starter-netflix-archaius-2.0.1.RELEASE.jar;E:\nginx-1.14\maven_config\repository\org\springframework\cloud\spring-cloud-netflix-ribbon\2.0.1.RELEASE\spring-cloud-netflix-ribbon-2.0.1.RELEASE.jar;E:\nginx-1.14\maven_config\repository\org\springframework\cloud\spring-cloud-netflix-archaius\2.0.1.RELEASE\spring-cloud-netflix-archaius-2.0.1.RELEASE.jar;E:\nginx-1.14\maven_config\repository\commons-configuration\commons-configuration\1.8\commons-configuration-1.8.jar;E:\nginx-1.14\maven_config\repository\commons-lang\commons-lang\2.6\commons-lang-2.6.jar;E:\nginx-1.14\maven_config\repository\org\springframework\cloud\spring-cloud-starter-netflix-ribbon\2.0.1.RELEASE\spring-cloud-starter-netflix-ribbon-2.0.1.RELEASE.jar;E:\nginx-1.14\maven_config\repository\com\netflix\ribbon\ribbon\2.2.5\ribbon-2.2.5.jar;E:\nginx-1.14\maven_config\repository\com\netflix\ribbon\ribbon-transport\2.2.5\ribbon-transport-2.2.5.jar;E:\nginx-1.14\maven_config\repository\io\reactivex\rxnetty-contexts\0.4.9\rxnetty-contexts-0.4.9.jar;E:\nginx-1.14\maven_config\repository\io\reactivex\rxnetty-servo\0.4.9\rxnetty-servo-0.4.9.jar;E:\nginx-1.14\maven_config\repository\io\reactivex\rxnetty\0.4.9\rxnetty-0.4.9.jar;E:\nginx-1.14\maven_config\repository\io\netty\netty-codec-http\4.1.23.Final\netty-codec-http-4.1.23.Final.jar;E:\nginx-1.14\maven_config\repository\io\netty\netty-codec\4.1.23.Final\netty-codec-4.1.23.Final.jar;E:\nginx-1.14\maven_config\repository\io\netty\netty-transport-native-epoll\4.1.23.Final\netty-transport-native-epoll-4.1.23.Final.jar;E:\nginx-1.14\maven_config\repository\io\netty\netty-common\4.1.23.Final\netty-common-4.1.23.Final.jar;E:\nginx-1.14\maven_config\repository\io\netty\netty-buffer\4.1.23.Final\netty-buffer-4.1.23.Final.jar;E:\nginx-1.14\maven_config\repository\io\netty\netty-transport-native-unix-common\4.1.23.Final\netty-transport-native-unix-common-4.1.23.Final.jar;E:\nginx-1.14\maven_config\repository\io\netty\netty-transport\4.1.23.Final\netty-transport-4.1.23.Final.jar;E:\nginx-1.14\maven_config\repository\io\netty\netty-resolver\4.1.23.Final\netty-resolver-4.1.23.Final.jar;E:\nginx-1.14\maven_config\repository\com\netflix\ribbon\ribbon-core\2.2.5\ribbon-core-2.2.5.jar;E:\nginx-1.14\maven_config\repository\com\netflix\ribbon\ribbon-httpclient\2.2.5\ribbon-httpclient-2.2.5.jar;E:\nginx-1.14\maven_config\repository\commons-collections\commons-collections\3.2.2\commons-collections-3.2.2.jar;E:\nginx-1.14\maven_config\repository\com\netflix\netflix-commons\netflix-commons-util\0.3.0\netflix-commons-util-0.3.0.jar;E:\nginx-1.14\maven_config\repository\com\netflix\ribbon\ribbon-loadbalancer\2.2.5\ribbon-loadbalancer-2.2.5.jar;E:\nginx-1.14\maven_config\repository\com\netflix\netflix-commons\netflix-statistics\0.1.1\netflix-statistics-0.1.1.jar;E:\nginx-1.14\maven_config\repository\io\reactivex\rxjava\1.3.8\rxjava-1.3.8.jar;E:\nginx-1.14\maven_config\repository\com\netflix\ribbon\ribbon-eureka\2.2.5\ribbon-eureka-2.2.5.jar;E:\nginx-1.14\maven_config\repository\com\thoughtworks\xstream\xstream\1.4.10\xstream-1.4.10.jar;E:\nginx-1.14\maven_config\repository\xmlpull\xmlpull\1.1.3.1\xmlpull-1.1.3.1.jar;E:\nginx-1.14\maven_config\repository\xpp3\xpp3_min\1.1.4c\xpp3_min-1.1.4c.jar;E:\nginx-1.14\maven_config\repository\org\springframework\cloud\spring-cloud-starter-openfeign\2.0.1.RELEASE\spring-cloud-starter-openfeign-2.0.1.RELEASE.jar;E:\nginx-1.14\maven_config\repository\org\springframework\cloud\spring-cloud-openfeign-core\2.0.1.RELEASE\spring-cloud-openfeign-core-2.0.1.RELEASE.jar;E:\nginx-1.14\maven_config\repository\org\springframework\cloud\spring-cloud-commons\2.0.1.RELEASE\spring-cloud-commons-2.0.1.RELEASE.jar;E:\nginx-1.14\maven_config\repository\io\github\openfeign\feign-core\9.5.1\feign-core-9.5.1.jar;E:\nginx-1.14\maven_config\repository\io\github\openfeign\feign-slf4j\9.5.1\feign-slf4j-9.5.1.jar;E:\nginx-1.14\maven_config\repository\io\github\openfeign\feign-hystrix\9.5.1\feign-hystrix-9.5.1.jar;E:\nginx-1.14\maven_config\repository\com\netflix\hystrix\hystrix-core\1.5.12\hystrix-core-1.5.12.jar;E:\nginx-1.14\maven_config\repository\org\hdrhistogram\HdrHistogram\2.1.9\HdrHistogram-2.1.9.jar;E:\nginx-1.14\maven_config\repository\io\github\openfeign\feign-java8\9.5.1\feign-java8-9.5.1.jar;E:\nginx-1.14\maven_config\repository\com\netflix\feign\feign-okhttp\8.18.0\feign-okhttp-8.18.0.jar;E:\nginx-1.14\maven_config\repository\com\netflix\feign\feign-core\8.18.0\feign-core-8.18.0.jar;E:\nginx-1.14\maven_config\repository\org\jvnet\animal-sniffer-annotation\1.0\animal-sniffer-annotation-1.0.jar;"/>
    <property name="java.vm.vendor" value="Oracle Corporation"/>
    <property name="sun.arch.data.model" value="64"/>
    <property name="user.variant" value=""/>
    <property name="java.vendor.url" value="http://java.oracle.com/"/>
    <property name="user.timezone" value=""/>
    <property name="java.vm.specification.version" value="1.8"/>
    <property name="os.name" value="Windows 10"/>
    <property name="user.country" value="CN"/>
    <property name="sun.java.launcher" value="SUN_STANDARD"/>
    <property name="sun.boot.library.path" value="C:\Program Files\Java\jdk1.8.0_91\jre\bin"/>
    <property name="sun.java.command" value="C:\Users\ASUS\AppData\Local\Temp\surefire3031866665741347682\surefirebooter599786619540887596.jar C:\Users\ASUS\AppData\Local\Temp\surefire3031866665741347682 2020-03-05T20-54-34_681-jvmRun1 surefire5818495549436950457tmp surefire_01929371420490371881tmp"/>
    <property name="surefire.test.class.path" value="E:\nginx-1.14\hdservicecode\hdservicecode\nm-service-manage-course\target\test-classes;E:\nginx-1.14\hdservicecode\hdservicecode\nm-service-manage-course\target\classes;E:\nginx-1.14\hdservicecode\hdservicecode\nm-service-api\target\nm-service-api.jar;E:\nginx-1.14\maven_config\repository\commons-fileupload\commons-fileupload\1.3.3\commons-fileupload-1.3.3.jar;E:\nginx-1.14\maven_config\repository\io\springfox\springfox-swagger2\2.7.0\springfox-swagger2-2.7.0.jar;E:\nginx-1.14\maven_config\repository\io\swagger\swagger-annotations\1.5.13\swagger-annotations-1.5.13.jar;E:\nginx-1.14\maven_config\repository\io\swagger\swagger-models\1.5.13\swagger-models-1.5.13.jar;E:\nginx-1.14\maven_config\repository\io\springfox\springfox-spi\2.7.0\springfox-spi-2.7.0.jar;E:\nginx-1.14\maven_config\repository\io\springfox\springfox-core\2.7.0\springfox-core-2.7.0.jar;E:\nginx-1.14\maven_config\repository\io\springfox\springfox-schema\2.7.0\springfox-schema-2.7.0.jar;E:\nginx-1.14\maven_config\repository\io\springfox\springfox-swagger-common\2.7.0\springfox-swagger-common-2.7.0.jar;E:\nginx-1.14\maven_config\repository\io\springfox\springfox-spring-web\2.7.0\springfox-spring-web-2.7.0.jar;E:\nginx-1.14\maven_config\repository\org\reflections\reflections\0.9.11\reflections-0.9.11.jar;E:\nginx-1.14\maven_config\repository\com\fasterxml\classmate\1.3.4\classmate-1.3.4.jar;E:\nginx-1.14\maven_config\repository\org\springframework\plugin\spring-plugin-core\1.2.0.RELEASE\spring-plugin-core-1.2.0.RELEASE.jar;E:\nginx-1.14\maven_config\repository\org\springframework\plugin\spring-plugin-metadata\1.2.0.RELEASE\spring-plugin-metadata-1.2.0.RELEASE.jar;E:\nginx-1.14\maven_config\repository\org\mapstruct\mapstruct\1.1.0.Final\mapstruct-1.1.0.Final.jar;E:\nginx-1.14\maven_config\repository\io\springfox\springfox-swagger-ui\2.7.0\springfox-swagger-ui-2.7.0.jar;E:\nginx-1.14\hdservicecode\hdservicecode\nm-framework-model\target\nm-framework-model.jar;E:\nginx-1.14\maven_config\repository\org\projectlombok\lombok\1.16.16\lombok-1.16.16.jar;E:\nginx-1.14\maven_config\repository\org\springframework\data\spring-data-commons\2.0.6.RELEASE\spring-data-commons-2.0.6.RELEASE.jar;E:\nginx-1.14\maven_config\repository\org\springframework\data\spring-data-mongodb\2.0.6.RELEASE\spring-data-mongodb-2.0.6.RELEASE.jar;E:\nginx-1.14\maven_config\repository\org\springframework\spring-context\5.0.5.RELEASE\spring-context-5.0.5.RELEASE.jar;E:\nginx-1.14\maven_config\repository\org\springframework\spring-expression\5.0.5.RELEASE\spring-expression-5.0.5.RELEASE.jar;E:\nginx-1.14\maven_config\repository\org\mongodb\mongo-java-driver\3.6.3\mongo-java-driver-3.6.3.jar;E:\nginx-1.14\maven_config\repository\org\hibernate\hibernate-core\5.2.16.Final\hibernate-core-5.2.16.Final.jar;E:\nginx-1.14\maven_config\repository\org\jboss\logging\jboss-logging\3.3.2.Final\jboss-logging-3.3.2.Final.jar;E:\nginx-1.14\maven_config\repository\org\hibernate\javax\persistence\hibernate-jpa-2.1-api\1.0.0.Final\hibernate-jpa-2.1-api-1.0.0.Final.jar;E:\nginx-1.14\maven_config\repository\org\javassist\javassist\3.22.0-GA\javassist-3.22.0-GA.jar;E:\nginx-1.14\maven_config\repository\antlr\antlr\2.7.7\antlr-2.7.7.jar;E:\nginx-1.14\maven_config\repository\org\jboss\spec\javax\transaction\jboss-transaction-api_1.2_spec\1.0.1.Final\jboss-transaction-api_1.2_spec-1.0.1.Final.jar;E:\nginx-1.14\maven_config\repository\org\jboss\jandex\2.0.3.Final\jandex-2.0.3.Final.jar;E:\nginx-1.14\maven_config\repository\dom4j\dom4j\1.6.1\dom4j-1.6.1.jar;E:\nginx-1.14\maven_config\repository\org\hibernate\common\hibernate-commons-annotations\5.0.1.Final\hibernate-commons-annotations-5.0.1.Final.jar;E:\nginx-1.14\maven_config\repository\com\google\guava\guava\24.0-jre\guava-24.0-jre.jar;E:\nginx-1.14\maven_config\repository\com\google\code\findbugs\jsr305\1.3.9\jsr305-1.3.9.jar;E:\nginx-1.14\maven_config\repository\org\checkerframework\checker-compat-qual\2.0.0\checker-compat-qual-2.0.0.jar;E:\nginx-1.14\maven_config\repository\com\google\errorprone\error_prone_annotations\2.1.3\error_prone_annotations-2.1.3.jar;E:\nginx-1.14\maven_config\repository\com\google\j2objc\j2objc-annotations\1.1\j2objc-annotations-1.1.jar;E:\nginx-1.14\maven_config\repository\org\codehaus\mojo\animal-sniffer-annotations\1.14\animal-sniffer-annotations-1.14.jar;E:\nginx-1.14\hdservicecode\hdservicecode\nm-framework-utils\target\nm-framework-utils.jar;E:\nginx-1.14\maven_config\repository\javax\servlet\javax.servlet-api\3.1.0\javax.servlet-api-3.1.0.jar;E:\nginx-1.14\maven_config\repository\org\springframework\boot\spring-boot-starter-logging\2.0.1.RELEASE\spring-boot-starter-logging-2.0.1.RELEASE.jar;E:\nginx-1.14\maven_config\repository\ch\qos\logback\logback-classic\1.2.3\logback-classic-1.2.3.jar;E:\nginx-1.14\maven_config\repository\ch\qos\logback\logback-core\1.2.3\logback-core-1.2.3.jar;E:\nginx-1.14\maven_config\repository\org\apache\logging\log4j\log4j-to-slf4j\2.10.0\log4j-to-slf4j-2.10.0.jar;E:\nginx-1.14\maven_config\repository\org\apache\logging\log4j\log4j-api\2.10.0\log4j-api-2.10.0.jar;E:\nginx-1.14\maven_config\repository\org\slf4j\jul-to-slf4j\1.7.25\jul-to-slf4j-1.7.25.jar;E:\nginx-1.14\maven_config\repository\org\apache\httpcomponents\httpclient\4.5.5\httpclient-4.5.5.jar;E:\nginx-1.14\maven_config\repository\org\apache\httpcomponents\httpcore\4.4.9\httpcore-4.4.9.jar;E:\nginx-1.14\maven_config\repository\commons-codec\commons-codec\1.10\commons-codec-1.10.jar;E:\nginx-1.14\maven_config\repository\net\lingala\zip4j\zip4j\1.3.1\zip4j-1.3.1.jar;E:\nginx-1.14\maven_config\repository\org\springframework\security\spring-security-crypto\5.0.4.RELEASE\spring-security-crypto-5.0.4.RELEASE.jar;E:\nginx-1.14\maven_config\repository\org\springframework\security\spring-security-jwt\1.0.8.RELEASE\spring-security-jwt-1.0.8.RELEASE.jar;E:\nginx-1.14\maven_config\repository\org\bouncycastle\bcpkix-jdk15on\1.56\bcpkix-jdk15on-1.56.jar;E:\nginx-1.14\maven_config\repository\org\bouncycastle\bcprov-jdk15on\1.56\bcprov-jdk15on-1.56.jar;E:\nginx-1.14\hdservicecode\hdservicecode\nm-framework-common\target\nm-framework-common.jar;E:\nginx-1.14\maven_config\repository\org\springframework\spring-web\5.0.5.RELEASE\spring-web-5.0.5.RELEASE.jar;E:\nginx-1.14\maven_config\repository\org\springframework\boot\spring-boot-starter-web\2.0.1.RELEASE\spring-boot-starter-web-2.0.1.RELEASE.jar;E:\nginx-1.14\maven_config\repository\org\springframework\boot\spring-boot-starter\2.0.1.RELEASE\spring-boot-starter-2.0.1.RELEASE.jar;E:\nginx-1.14\maven_config\repository\org\springframework\boot\spring-boot\2.0.1.RELEASE\spring-boot-2.0.1.RELEASE.jar;E:\nginx-1.14\maven_config\repository\javax\annotation\javax.annotation-api\1.3.2\javax.annotation-api-1.3.2.jar;E:\nginx-1.14\maven_config\repository\org\yaml\snakeyaml\1.19\snakeyaml-1.19.jar;E:\nginx-1.14\maven_config\repository\org\springframework\boot\spring-boot-starter-json\2.0.1.RELEASE\spring-boot-starter-json-2.0.1.RELEASE.jar;E:\nginx-1.14\maven_config\repository\com\fasterxml\jackson\core\jackson-databind\2.9.5\jackson-databind-2.9.5.jar;E:\nginx-1.14\maven_config\repository\com\fasterxml\jackson\datatype\jackson-datatype-jdk8\2.9.5\jackson-datatype-jdk8-2.9.5.jar;E:\nginx-1.14\maven_config\repository\com\fasterxml\jackson\datatype\jackson-datatype-jsr310\2.9.5\jackson-datatype-jsr310-2.9.5.jar;E:\nginx-1.14\maven_config\repository\com\fasterxml\jackson\module\jackson-module-parameter-names\2.9.5\jackson-module-parameter-names-2.9.5.jar;E:\nginx-1.14\maven_config\repository\org\springframework\boot\spring-boot-starter-tomcat\2.0.1.RELEASE\spring-boot-starter-tomcat-2.0.1.RELEASE.jar;E:\nginx-1.14\maven_config\repository\org\apache\tomcat\embed\tomcat-embed-core\8.5.28\tomcat-embed-core-8.5.28.jar;E:\nginx-1.14\maven_config\repository\org\apache\tomcat\embed\tomcat-embed-el\8.5.28\tomcat-embed-el-8.5.28.jar;E:\nginx-1.14\maven_config\repository\org\apache\tomcat\embed\tomcat-embed-websocket\8.5.28\tomcat-embed-websocket-8.5.28.jar;E:\nginx-1.14\maven_config\repository\org\hibernate\validator\hibernate-validator\6.0.9.Final\hibernate-validator-6.0.9.Final.jar;E:\nginx-1.14\maven_config\repository\javax\validation\validation-api\2.0.1.Final\validation-api-2.0.1.Final.jar;E:\nginx-1.14\maven_config\repository\org\springframework\spring-webmvc\5.0.5.RELEASE\spring-webmvc-5.0.5.RELEASE.jar;E:\nginx-1.14\maven_config\repository\org\springframework\spring-aop\5.0.5.RELEASE\spring-aop-5.0.5.RELEASE.jar;E:\nginx-1.14\maven_config\repository\mysql\mysql-connector-java\5.1.40\mysql-connector-java-5.1.40.jar;E:\nginx-1.14\maven_config\repository\com\alibaba\druid-spring-boot-starter\1.1.10\druid-spring-boot-starter-1.1.10.jar;E:\nginx-1.14\maven_config\repository\com\alibaba\druid\1.1.6\druid-1.1.6.jar;E:\nginx-1.14\maven_config\repository\org\slf4j\slf4j-api\1.7.25\slf4j-api-1.7.25.jar;E:\nginx-1.14\maven_config\repository\org\springframework\boot\spring-boot-autoconfigure\2.0.1.RELEASE\spring-boot-autoconfigure-2.0.1.RELEASE.jar;E:\nginx-1.14\maven_config\repository\org\mybatis\spring\boot\mybatis-spring-boot-starter\1.3.1\mybatis-spring-boot-starter-1.3.1.jar;E:\nginx-1.14\maven_config\repository\org\springframework\boot\spring-boot-starter-jdbc\2.0.1.RELEASE\spring-boot-starter-jdbc-2.0.1.RELEASE.jar;E:\nginx-1.14\maven_config\repository\com\zaxxer\HikariCP\2.7.8\HikariCP-2.7.8.jar;E:\nginx-1.14\maven_config\repository\org\mybatis\spring\boot\mybatis-spring-boot-autoconfigure\1.3.1\mybatis-spring-boot-autoconfigure-1.3.1.jar;E:\nginx-1.14\maven_config\repository\org\mybatis\mybatis\3.4.5\mybatis-3.4.5.jar;E:\nginx-1.14\maven_config\repository\org\mybatis\mybatis-spring\1.3.1\mybatis-spring-1.3.1.jar;E:\nginx-1.14\maven_config\repository\org\springframework\spring-orm\5.0.5.RELEASE\spring-orm-5.0.5.RELEASE.jar;E:\nginx-1.14\maven_config\repository\org\springframework\spring-beans\5.0.5.RELEASE\spring-beans-5.0.5.RELEASE.jar;E:\nginx-1.14\maven_config\repository\org\springframework\spring-core\5.0.5.RELEASE\spring-core-5.0.5.RELEASE.jar;E:\nginx-1.14\maven_config\repository\org\springframework\spring-jcl\5.0.5.RELEASE\spring-jcl-5.0.5.RELEASE.jar;E:\nginx-1.14\maven_config\repository\org\springframework\spring-jdbc\5.0.5.RELEASE\spring-jdbc-5.0.5.RELEASE.jar;E:\nginx-1.14\maven_config\repository\org\springframework\spring-tx\5.0.5.RELEASE\spring-tx-5.0.5.RELEASE.jar;E:\nginx-1.14\maven_config\repository\org\springframework\boot\spring-boot-starter-data-jpa\2.0.1.RELEASE\spring-boot-starter-data-jpa-2.0.1.RELEASE.jar;E:\nginx-1.14\maven_config\repository\org\springframework\boot\spring-boot-starter-aop\2.0.1.RELEASE\spring-boot-starter-aop-2.0.1.RELEASE.jar;E:\nginx-1.14\maven_config\repository\org\aspectj\aspectjweaver\1.8.13\aspectjweaver-1.8.13.jar;E:\nginx-1.14\maven_config\repository\javax\transaction\javax.transaction-api\1.2\javax.transaction-api-1.2.jar;E:\nginx-1.14\maven_config\repository\org\springframework\data\spring-data-jpa\2.0.6.RELEASE\spring-data-jpa-2.0.6.RELEASE.jar;E:\nginx-1.14\maven_config\repository\org\springframework\spring-aspects\5.0.5.RELEASE\spring-aspects-5.0.5.RELEASE.jar;E:\nginx-1.14\maven_config\repository\com\squareup\okhttp3\okhttp\3.9.1\okhttp-3.9.1.jar;E:\nginx-1.14\maven_config\repository\com\squareup\okio\okio\1.13.0\okio-1.13.0.jar;E:\nginx-1.14\maven_config\repository\com\alibaba\fastjson\1.2.30\fastjson-1.2.30.jar;E:\nginx-1.14\maven_config\repository\commons-io\commons-io\2.6\commons-io-2.6.jar;E:\nginx-1.14\maven_config\repository\org\apache\commons\commons-lang3\3.6\commons-lang3-3.6.jar;E:\nginx-1.14\maven_config\repository\org\springframework\boot\spring-boot-starter-test\2.0.1.RELEASE\spring-boot-starter-test-2.0.1.RELEASE.jar;E:\nginx-1.14\maven_config\repository\org\springframework\boot\spring-boot-test\2.0.1.RELEASE\spring-boot-test-2.0.1.RELEASE.jar;E:\nginx-1.14\maven_config\repository\org\springframework\boot\spring-boot-test-autoconfigure\2.0.1.RELEASE\spring-boot-test-autoconfigure-2.0.1.RELEASE.jar;E:\nginx-1.14\maven_config\repository\com\jayway\jsonpath\json-path\2.4.0\json-path-2.4.0.jar;E:\nginx-1.14\maven_config\repository\net\minidev\json-smart\2.3\json-smart-2.3.jar;E:\nginx-1.14\maven_config\repository\net\minidev\accessors-smart\1.2\accessors-smart-1.2.jar;E:\nginx-1.14\maven_config\repository\org\ow2\asm\asm\5.0.4\asm-5.0.4.jar;E:\nginx-1.14\maven_config\repository\junit\junit\4.12\junit-4.12.jar;E:\nginx-1.14\maven_config\repository\org\assertj\assertj-core\3.9.1\assertj-core-3.9.1.jar;E:\nginx-1.14\maven_config\repository\org\mockito\mockito-core\2.15.0\mockito-core-2.15.0.jar;E:\nginx-1.14\maven_config\repository\net\bytebuddy\byte-buddy\1.7.11\byte-buddy-1.7.11.jar;E:\nginx-1.14\maven_config\repository\net\bytebuddy\byte-buddy-agent\1.7.11\byte-buddy-agent-1.7.11.jar;E:\nginx-1.14\maven_config\repository\org\objenesis\objenesis\2.6\objenesis-2.6.jar;E:\nginx-1.14\maven_config\repository\org\hamcrest\hamcrest-core\1.3\hamcrest-core-1.3.jar;E:\nginx-1.14\maven_config\repository\org\hamcrest\hamcrest-library\1.3\hamcrest-library-1.3.jar;E:\nginx-1.14\maven_config\repository\org\skyscreamer\jsonassert\1.5.0\jsonassert-1.5.0.jar;E:\nginx-1.14\maven_config\repository\com\vaadin\external\google\android-json\0.0.20131108.vaadin1\android-json-0.0.20131108.vaadin1.jar;E:\nginx-1.14\maven_config\repository\org\springframework\spring-test\5.0.5.RELEASE\spring-test-5.0.5.RELEASE.jar;E:\nginx-1.14\maven_config\repository\org\xmlunit\xmlunit-core\2.5.1\xmlunit-core-2.5.1.jar;E:\nginx-1.14\maven_config\repository\com\github\pagehelper\pagehelper-spring-boot-starter\1.2.4\pagehelper-spring-boot-starter-1.2.4.jar;E:\nginx-1.14\maven_config\repository\com\github\pagehelper\pagehelper-spring-boot-autoconfigure\1.2.4\pagehelper-spring-boot-autoconfigure-1.2.4.jar;E:\nginx-1.14\maven_config\repository\com\github\pagehelper\pagehelper\5.1.3\pagehelper-5.1.3.jar;E:\nginx-1.14\maven_config\repository\com\github\jsqlparser\jsqlparser\1.0\jsqlparser-1.0.jar;E:\nginx-1.14\maven_config\repository\org\springframework\cloud\spring-cloud-starter-netflix-eureka-client\2.0.1.RELEASE\spring-cloud-starter-netflix-eureka-client-2.0.1.RELEASE.jar;E:\nginx-1.14\maven_config\repository\org\springframework\cloud\spring-cloud-starter\2.0.1.RELEASE\spring-cloud-starter-2.0.1.RELEASE.jar;E:\nginx-1.14\maven_config\repository\org\springframework\cloud\spring-cloud-context\2.0.1.RELEASE\spring-cloud-context-2.0.1.RELEASE.jar;E:\nginx-1.14\maven_config\repository\org\springframework\security\spring-security-rsa\1.0.5.RELEASE\spring-security-rsa-1.0.5.RELEASE.jar;E:\nginx-1.14\maven_config\repository\org\springframework\cloud\spring-cloud-netflix-core\2.0.1.RELEASE\spring-cloud-netflix-core-2.0.1.RELEASE.jar;E:\nginx-1.14\maven_config\repository\org\springframework\cloud\spring-cloud-netflix-eureka-client\2.0.1.RELEASE\spring-cloud-netflix-eureka-client-2.0.1.RELEASE.jar;E:\nginx-1.14\maven_config\repository\com\netflix\eureka\eureka-client\1.9.3\eureka-client-1.9.3.jar;E:\nginx-1.14\maven_config\repository\org\codehaus\jettison\jettison\1.3.7\jettison-1.3.7.jar;E:\nginx-1.14\maven_config\repository\stax\stax-api\1.0.1\stax-api-1.0.1.jar;E:\nginx-1.14\maven_config\repository\com\netflix\netflix-commons\netflix-eventbus\0.3.0\netflix-eventbus-0.3.0.jar;E:\nginx-1.14\maven_config\repository\com\netflix\netflix-commons\netflix-infix\0.3.0\netflix-infix-0.3.0.jar;E:\nginx-1.14\maven_config\repository\commons-jxpath\commons-jxpath\1.3\commons-jxpath-1.3.jar;E:\nginx-1.14\maven_config\repository\joda-time\joda-time\2.9.9\joda-time-2.9.9.jar;E:\nginx-1.14\maven_config\repository\org\antlr\antlr-runtime\3.4\antlr-runtime-3.4.jar;E:\nginx-1.14\maven_config\repository\org\antlr\stringtemplate\3.2.1\stringtemplate-3.2.1.jar;E:\nginx-1.14\maven_config\repository\com\google\code\gson\gson\2.8.2\gson-2.8.2.jar;E:\nginx-1.14\maven_config\repository\org\apache\commons\commons-math\2.2\commons-math-2.2.jar;E:\nginx-1.14\maven_config\repository\com\netflix\archaius\archaius-core\0.7.6\archaius-core-0.7.6.jar;E:\nginx-1.14\maven_config\repository\javax\ws\rs\jsr311-api\1.1.1\jsr311-api-1.1.1.jar;E:\nginx-1.14\maven_config\repository\com\netflix\servo\servo-core\0.12.21\servo-core-0.12.21.jar;E:\nginx-1.14\maven_config\repository\com\sun\jersey\jersey-core\1.19.1\jersey-core-1.19.1.jar;E:\nginx-1.14\maven_config\repository\com\sun\jersey\jersey-client\1.19.1\jersey-client-1.19.1.jar;E:\nginx-1.14\maven_config\repository\com\sun\jersey\contribs\jersey-apache-client4\1.19.1\jersey-apache-client4-1.19.1.jar;E:\nginx-1.14\maven_config\repository\com\google\inject\guice\4.1.0\guice-4.1.0.jar;E:\nginx-1.14\maven_config\repository\javax\inject\javax.inject\1\javax.inject-1.jar;E:\nginx-1.14\maven_config\repository\aopalliance\aopalliance\1.0\aopalliance-1.0.jar;E:\nginx-1.14\maven_config\repository\com\github\vlsi\compactmap\compactmap\1.2.1\compactmap-1.2.1.jar;E:\nginx-1.14\maven_config\repository\com\github\andrewoma\dexx\dexx-collections\0.2\dexx-collections-0.2.jar;E:\nginx-1.14\maven_config\repository\com\fasterxml\jackson\core\jackson-annotations\2.9.0\jackson-annotations-2.9.0.jar;E:\nginx-1.14\maven_config\repository\com\fasterxml\jackson\core\jackson-core\2.9.5\jackson-core-2.9.5.jar;E:\nginx-1.14\maven_config\repository\com\netflix\eureka\eureka-core\1.9.3\eureka-core-1.9.3.jar;E:\nginx-1.14\maven_config\repository\org\codehaus\woodstox\woodstox-core-asl\4.4.1\woodstox-core-asl-4.4.1.jar;E:\nginx-1.14\maven_config\repository\javax\xml\stream\stax-api\1.0-2\stax-api-1.0-2.jar;E:\nginx-1.14\maven_config\repository\org\codehaus\woodstox\stax2-api\3.1.4\stax2-api-3.1.4.jar;E:\nginx-1.14\maven_config\repository\org\springframework\cloud\spring-cloud-starter-netflix-archaius\2.0.1.RELEASE\spring-cloud-starter-netflix-archaius-2.0.1.RELEASE.jar;E:\nginx-1.14\maven_config\repository\org\springframework\cloud\spring-cloud-netflix-ribbon\2.0.1.RELEASE\spring-cloud-netflix-ribbon-2.0.1.RELEASE.jar;E:\nginx-1.14\maven_config\repository\org\springframework\cloud\spring-cloud-netflix-archaius\2.0.1.RELEASE\spring-cloud-netflix-archaius-2.0.1.RELEASE.jar;E:\nginx-1.14\maven_config\repository\commons-configuration\commons-configuration\1.8\commons-configuration-1.8.jar;E:\nginx-1.14\maven_config\repository\commons-lang\commons-lang\2.6\commons-lang-2.6.jar;E:\nginx-1.14\maven_config\repository\org\springframework\cloud\spring-cloud-starter-netflix-ribbon\2.0.1.RELEASE\spring-cloud-starter-netflix-ribbon-2.0.1.RELEASE.jar;E:\nginx-1.14\maven_config\repository\com\netflix\ribbon\ribbon\2.2.5\ribbon-2.2.5.jar;E:\nginx-1.14\maven_config\repository\com\netflix\ribbon\ribbon-transport\2.2.5\ribbon-transport-2.2.5.jar;E:\nginx-1.14\maven_config\repository\io\reactivex\rxnetty-contexts\0.4.9\rxnetty-contexts-0.4.9.jar;E:\nginx-1.14\maven_config\repository\io\reactivex\rxnetty-servo\0.4.9\rxnetty-servo-0.4.9.jar;E:\nginx-1.14\maven_config\repository\io\reactivex\rxnetty\0.4.9\rxnetty-0.4.9.jar;E:\nginx-1.14\maven_config\repository\io\netty\netty-codec-http\4.1.23.Final\netty-codec-http-4.1.23.Final.jar;E:\nginx-1.14\maven_config\repository\io\netty\netty-codec\4.1.23.Final\netty-codec-4.1.23.Final.jar;E:\nginx-1.14\maven_config\repository\io\netty\netty-transport-native-epoll\4.1.23.Final\netty-transport-native-epoll-4.1.23.Final.jar;E:\nginx-1.14\maven_config\repository\io\netty\netty-common\4.1.23.Final\netty-common-4.1.23.Final.jar;E:\nginx-1.14\maven_config\repository\io\netty\netty-buffer\4.1.23.Final\netty-buffer-4.1.23.Final.jar;E:\nginx-1.14\maven_config\repository\io\netty\netty-transport-native-unix-common\4.1.23.Final\netty-transport-native-unix-common-4.1.23.Final.jar;E:\nginx-1.14\maven_config\repository\io\netty\netty-transport\4.1.23.Final\netty-transport-4.1.23.Final.jar;E:\nginx-1.14\maven_config\repository\io\netty\netty-resolver\4.1.23.Final\netty-resolver-4.1.23.Final.jar;E:\nginx-1.14\maven_config\repository\com\netflix\ribbon\ribbon-core\2.2.5\ribbon-core-2.2.5.jar;E:\nginx-1.14\maven_config\repository\com\netflix\ribbon\ribbon-httpclient\2.2.5\ribbon-httpclient-2.2.5.jar;E:\nginx-1.14\maven_config\repository\commons-collections\commons-collections\3.2.2\commons-collections-3.2.2.jar;E:\nginx-1.14\maven_config\repository\com\netflix\netflix-commons\netflix-commons-util\0.3.0\netflix-commons-util-0.3.0.jar;E:\nginx-1.14\maven_config\repository\com\netflix\ribbon\ribbon-loadbalancer\2.2.5\ribbon-loadbalancer-2.2.5.jar;E:\nginx-1.14\maven_config\repository\com\netflix\netflix-commons\netflix-statistics\0.1.1\netflix-statistics-0.1.1.jar;E:\nginx-1.14\maven_config\repository\io\reactivex\rxjava\1.3.8\rxjava-1.3.8.jar;E:\nginx-1.14\maven_config\repository\com\netflix\ribbon\ribbon-eureka\2.2.5\ribbon-eureka-2.2.5.jar;E:\nginx-1.14\maven_config\repository\com\thoughtworks\xstream\xstream\1.4.10\xstream-1.4.10.jar;E:\nginx-1.14\maven_config\repository\xmlpull\xmlpull\1.1.3.1\xmlpull-1.1.3.1.jar;E:\nginx-1.14\maven_config\repository\xpp3\xpp3_min\1.1.4c\xpp3_min-1.1.4c.jar;E:\nginx-1.14\maven_config\repository\org\springframework\cloud\spring-cloud-starter-openfeign\2.0.1.RELEASE\spring-cloud-starter-openfeign-2.0.1.RELEASE.jar;E:\nginx-1.14\maven_config\repository\org\springframework\cloud\spring-cloud-openfeign-core\2.0.1.RELEASE\spring-cloud-openfeign-core-2.0.1.RELEASE.jar;E:\nginx-1.14\maven_config\repository\org\springframework\cloud\spring-cloud-commons\2.0.1.RELEASE\spring-cloud-commons-2.0.1.RELEASE.jar;E:\nginx-1.14\maven_config\repository\io\github\openfeign\feign-core\9.5.1\feign-core-9.5.1.jar;E:\nginx-1.14\maven_config\repository\io\github\openfeign\feign-slf4j\9.5.1\feign-slf4j-9.5.1.jar;E:\nginx-1.14\maven_config\repository\io\github\openfeign\feign-hystrix\9.5.1\feign-hystrix-9.5.1.jar;E:\nginx-1.14\maven_config\repository\com\netflix\hystrix\hystrix-core\1.5.12\hystrix-core-1.5.12.jar;E:\nginx-1.14\maven_config\repository\org\hdrhistogram\HdrHistogram\2.1.9\HdrHistogram-2.1.9.jar;E:\nginx-1.14\maven_config\repository\io\github\openfeign\feign-java8\9.5.1\feign-java8-9.5.1.jar;E:\nginx-1.14\maven_config\repository\com\netflix\feign\feign-okhttp\8.18.0\feign-okhttp-8.18.0.jar;E:\nginx-1.14\maven_config\repository\com\netflix\feign\feign-core\8.18.0\feign-core-8.18.0.jar;E:\nginx-1.14\maven_config\repository\org\jvnet\animal-sniffer-annotation\1.0\animal-sniffer-annotation-1.0.jar;"/>
    <property name="sun.cpu.endian" value="little"/>
    <property name="user.home" value="C:\Users\ASUS"/>
    <property name="user.language" value="zh"/>
    <property name="java.specification.vendor" value="Oracle Corporation"/>
    <property name="java.home" value="C:\Program Files\Java\jdk1.8.0_91\jre"/>
    <property name="basedir" value="E:\nginx-1.14\hdservicecode\hdservicecode\nm-service-manage-course"/>
    <property name="file.separator" value="\"/>
    <property name="line.separator" value="&#10;"/>
    <property name="java.vm.specification.vendor" value="Oracle Corporation"/>
    <property name="java.specification.name" value="Java Platform API Specification"/>
    <property name="java.awt.graphicsenv" value="sun.awt.Win32GraphicsEnvironment"/>
    <property name="surefire.real.class.path" value="C:\Users\ASUS\AppData\Local\Temp\surefire3031866665741347682\surefirebooter599786619540887596.jar"/>
    <property name="sun.boot.class.path" value="C:\Program Files\Java\jdk1.8.0_91\jre\lib\resources.jar;C:\Program Files\Java\jdk1.8.0_91\jre\lib\rt.jar;C:\Program Files\Java\jdk1.8.0_91\jre\lib\sunrsasign.jar;C:\Program Files\Java\jdk1.8.0_91\jre\lib\jsse.jar;C:\Program Files\Java\jdk1.8.0_91\jre\lib\jce.jar;C:\Program Files\Java\jdk1.8.0_91\jre\lib\charsets.jar;C:\Program Files\Java\jdk1.8.0_91\jre\lib\jfr.jar;C:\Program Files\Java\jdk1.8.0_91\jre\classes"/>
    <property name="user.script" value=""/>
    <property name="sun.management.compiler" value="HotSpot 64-Bit Tiered Compilers"/>
    <property name="java.runtime.version" value="1.8.0_91-b14"/>
    <property name="user.name" value="ASUS"/>
    <property name="path.separator" value=";"/>
    <property name="os.version" value="10.0"/>
    <property name="java.endorsed.dirs" value="C:\Program Files\Java\jdk1.8.0_91\jre\lib\endorsed"/>
    <property name="java.runtime.name" value="Java(TM) SE Runtime Environment"/>
    <property name="file.encoding" value="GBK"/>
    <property name="java.vm.name" value="Java HotSpot(TM) 64-Bit Server VM"/>
    <property name="localRepository" value="E:\nginx-1.14\maven_config\repository"/>
    <property name="java.vendor.url.bug" value="http://bugreport.sun.com/bugreport/"/>
    <property name="java.io.tmpdir" value="C:\Users\ASUS\AppData\Local\Temp\"/>
    <property name="idea.version" value="2017.1.2"/>
    <property name="java.version" value="1.8.0_91"/>
    <property name="user.dir" value="E:\nginx-1.14\hdservicecode\hdservicecode\nm-service-manage-course"/>
    <property name="os.arch" value="amd64"/>
    <property name="java.vm.specification.name" value="Java Virtual Machine Specification"/>
    <property name="java.awt.printerjob" value="sun.awt.windows.WPrinterJob"/>
    <property name="sun.os.patch.level" value=""/>
    <property name="java.library.path" value="C:\Program Files\Java\jdk1.8.0_91\jre\bin;C:\WINDOWS\Sun\Java\bin;C:\WINDOWS\system32;C:\WINDOWS;F:\app\ASUS\product\11.2.0\dbhome_1\bin;E:\maven\bin;E:\maven\apache-maven-3.6.1\bin;C:\Program Files (x86)\Intel\iCLS Client\;C:\Program Files\Intel\iCLS Client\;C:\Windows\system32;C:\Windows;C:\Windows\System32\Wbem;C:\Windows\System32\WindowsPowerShell\v1.0\;C:\Program Files (x86)\NVIDIA Corporation\PhysX\Common;C:\Program Files (x86)\Intel\Intel(R) Management Engine Components\DAL;C:\Program Files\Intel\Intel(R) Management Engine Components\DAL;C:\Program Files (x86)\Intel\Intel(R) Management Engine Components\IPT;C:\Program Files\Intel\Intel(R) Management Engine Components\IPT;C:\Program Files\Intel\WiFi\bin\;C:\Program Files\Common Files\Intel\WirelessCommon\;C:\WINDOWS\system32;C:\WINDOWS;C:\WINDOWS\System32\Wbem;C:\WINDOWS\System32\WindowsPowerShell\v1.0\;C:\WINDOWS\System32\OpenSSH\;C:\Program Files\MySQL\MySQL Server 5.5\bin;C:\Program Files\NVIDIA Corporation\NVIDIA NvDLISR;E:\Head\;E:\vue\visual\bin;C:\WINDOWS\system32;C:\WINDOWS;C:\WINDOWS\System32\Wbem;C:\WINDOWS\System32\WindowsPowerShell\v1.0\;C:\WINDOWS\System32\OpenSSH\;E:\Git\cmd;E:\ffmpeg\ffmpeg-20180227-fa0c9d6-win64-static\bin;C:\Users\ASUS\AppData\Local\Microsoft\WindowsApps;C:\Users\ASUS\AppData\Roaming\npm;E:\vue\bin;E:\vue\visual\bin;;."/>
    <property name="java.vm.info" value="mixed mode"/>
    <property name="java.vendor" value="Oracle Corporation"/>
    <property name="java.vm.version" value="25.91-b14"/>
    <property name="java.ext.dirs" value="C:\Program Files\Java\jdk1.8.0_91\jre\lib\ext;C:\WINDOWS\Sun\Java\lib\ext"/>
    <property name="sun.io.unicode.encoding" value="UnicodeLittle"/>
    <property name="maven.repo.local" value="E:\nginx-1.14\maven_config\repository"/>
    <property name="java.class.version" value="52.0"/>
  </properties>
  <testcase name="testfeign" classname="com.ningmeng.manage_course.dao.FeignTest" time="6.907">
    <error message="com.netflix.client.ClientException: Load balancer does not have available server for client: nm-service-manage-cms" type="java.lang.RuntimeException">java.lang.RuntimeException: com.netflix.client.ClientException: Load balancer does not have available server for client: nm-service-manage-cms
	at com.ningmeng.manage_course.dao.FeignTest.testfeign(FeignTest.java:23)
Caused by: com.netflix.client.ClientException: Load balancer does not have available server for client: nm-service-manage-cms
	at com.ningmeng.manage_course.dao.FeignTest.testfeign(FeignTest.java:23)
</error>
    <system-out><![CDATA[20:54:38.866 [main] DEBUG org.springframework.test.context.junit4.SpringJUnit4ClassRunner - SpringJUnit4ClassRunner constructor called with [class com.ningmeng.manage_course.dao.FeignTest]
20:54:38.872 [main] DEBUG org.springframework.test.context.BootstrapUtils - Instantiating CacheAwareContextLoaderDelegate from class [org.springframework.test.context.cache.DefaultCacheAwareContextLoaderDelegate]
20:54:38.885 [main] DEBUG org.springframework.test.context.BootstrapUtils - Instantiating BootstrapContext using constructor [public org.springframework.test.context.support.DefaultBootstrapContext(java.lang.Class,org.springframework.test.context.CacheAwareContextLoaderDelegate)]
20:54:38.907 [main] DEBUG org.springframework.test.context.BootstrapUtils - Instantiating TestContextBootstrapper for test class [com.ningmeng.manage_course.dao.FeignTest] from class [org.springframework.boot.test.context.SpringBootTestContextBootstrapper]
20:54:38.925 [main] INFO org.springframework.boot.test.context.SpringBootTestContextBootstrapper - Neither @ContextConfiguration nor @ContextHierarchy found for test class [com.ningmeng.manage_course.dao.FeignTest], using SpringBootContextLoader
20:54:38.929 [main] DEBUG org.springframework.test.context.support.AbstractContextLoader - Did not detect default resource location for test class [com.ningmeng.manage_course.dao.FeignTest]: class path resource [com/ningmeng/manage_course/dao/FeignTest-context.xml] does not exist
20:54:38.930 [main] DEBUG org.springframework.test.context.support.AbstractContextLoader - Did not detect default resource location for test class [com.ningmeng.manage_course.dao.FeignTest]: class path resource [com/ningmeng/manage_course/dao/FeignTestContext.groovy] does not exist
20:54:38.930 [main] INFO org.springframework.test.context.support.AbstractContextLoader - Could not detect default resource locations for test class [com.ningmeng.manage_course.dao.FeignTest]: no resource found for suffixes {-context.xml, Context.groovy}.
20:54:38.931 [main] INFO org.springframework.test.context.support.AnnotationConfigContextLoaderUtils - Could not detect default configuration classes for test class [com.ningmeng.manage_course.dao.FeignTest]: FeignTest does not declare any static, non-private, non-final, nested classes annotated with @Configuration.
20:54:38.984 [main] DEBUG org.springframework.test.context.support.ActiveProfilesUtils - Could not find an 'annotation declaring class' for annotation type [org.springframework.test.context.ActiveProfiles] and class [com.ningmeng.manage_course.dao.FeignTest]
20:54:38.992 [main] DEBUG org.springframework.core.env.StandardEnvironment - Adding PropertySource 'systemProperties' with lowest search precedence
20:54:38.992 [main] DEBUG org.springframework.core.env.StandardEnvironment - Adding PropertySource 'systemEnvironment' with lowest search precedence
20:54:38.992 [main] DEBUG org.springframework.core.env.StandardEnvironment - Initialized StandardEnvironment with PropertySources [MapPropertySource@1519736165 {name='systemProperties', properties={idea.version=2017.1.2, java.runtime.name=Java(TM) SE Runtime Environment, sun.boot.library.path=C:\Program Files\Java\jdk1.8.0_91\jre\bin, java.vm.version=25.91-b14, java.vm.vendor=Oracle Corporation, java.vendor.url=http://java.oracle.com/, path.separator=;, java.vm.name=Java HotSpot(TM) 64-Bit Server VM, file.encoding.pkg=sun.io, user.country=CN, user.script=, sun.java.launcher=SUN_STANDARD, sun.os.patch.level=, java.vm.specification.name=Java Virtual Machine Specification, user.dir=E:\nginx-1.14\hdservicecode\hdservicecode\nm-service-manage-course, java.runtime.version=1.8.0_91-b14, basedir=E:\nginx-1.14\hdservicecode\hdservicecode\nm-service-manage-course, java.awt.graphicsenv=sun.awt.Win32GraphicsEnvironment, java.endorsed.dirs=C:\Program Files\Java\jdk1.8.0_91\jre\lib\endorsed, os.arch=amd64, surefire.real.class.path=C:\Users\ASUS\AppData\Local\Temp\surefire3031866665741347682\surefirebooter599786619540887596.jar, java.io.tmpdir=C:\Users\ASUS\AppData\Local\Temp\, line.separator=
, java.vm.specification.vendor=Oracle Corporation, user.variant=, os.name=Windows 10, sun.jnu.encoding=GBK, java.library.path=C:\Program Files\Java\jdk1.8.0_91\jre\bin;C:\WINDOWS\Sun\Java\bin;C:\WINDOWS\system32;C:\WINDOWS;F:\app\ASUS\product\11.2.0\dbhome_1\bin;E:\maven\bin;E:\maven\apache-maven-3.6.1\bin;C:\Program Files (x86)\Intel\iCLS Client\;C:\Program Files\Intel\iCLS Client\;C:\Windows\system32;C:\Windows;C:\Windows\System32\Wbem;C:\Windows\System32\WindowsPowerShell\v1.0\;C:\Program Files (x86)\NVIDIA Corporation\PhysX\Common;C:\Program Files (x86)\Intel\Intel(R) Management Engine Components\DAL;C:\Program Files\Intel\Intel(R) Management Engine Components\DAL;C:\Program Files (x86)\Intel\Intel(R) Management Engine Components\IPT;C:\Program Files\Intel\Intel(R) Management Engine Components\IPT;C:\Program Files\Intel\WiFi\bin\;C:\Program Files\Common Files\Intel\WirelessCommon\;C:\WINDOWS\system32;C:\WINDOWS;C:\WINDOWS\System32\Wbem;C:\WINDOWS\System32\WindowsPowerShell\v1.0\;C:\WINDOWS\System32\OpenSSH\;C:\Program Files\MySQL\MySQL Server 5.5\bin;C:\Program Files\NVIDIA Corporation\NVIDIA NvDLISR;E:\Head\;E:\vue\visual\bin;C:\WINDOWS\system32;C:\WINDOWS;C:\WINDOWS\System32\Wbem;C:\WINDOWS\System32\WindowsPowerShell\v1.0\;C:\WINDOWS\System32\OpenSSH\;E:\Git\cmd;E:\ffmpeg\ffmpeg-20180227-fa0c9d6-win64-static\bin;C:\Users\ASUS\AppData\Local\Microsoft\WindowsApps;C:\Users\ASUS\AppData\Roaming\npm;E:\vue\bin;E:\vue\visual\bin;;., surefire.test.class.path=E:\nginx-1.14\hdservicecode\hdservicecode\nm-service-manage-course\target\test-classes;E:\nginx-1.14\hdservicecode\hdservicecode\nm-service-manage-course\target\classes;E:\nginx-1.14\hdservicecode\hdservicecode\nm-service-api\target\nm-service-api.jar;E:\nginx-1.14\maven_config\repository\commons-fileupload\commons-fileupload\1.3.3\commons-fileupload-1.3.3.jar;E:\nginx-1.14\maven_config\repository\io\springfox\springfox-swagger2\2.7.0\springfox-swagger2-2.7.0.jar;E:\nginx-1.14\maven_config\repository\io\swagger\swagger-annotations\1.5.13\swagger-annotations-1.5.13.jar;E:\nginx-1.14\maven_config\repository\io\swagger\swagger-models\1.5.13\swagger-models-1.5.13.jar;E:\nginx-1.14\maven_config\repository\io\springfox\springfox-spi\2.7.0\springfox-spi-2.7.0.jar;E:\nginx-1.14\maven_config\repository\io\springfox\springfox-core\2.7.0\springfox-core-2.7.0.jar;E:\nginx-1.14\maven_config\repository\io\springfox\springfox-schema\2.7.0\springfox-schema-2.7.0.jar;E:\nginx-1.14\maven_config\repository\io\springfox\springfox-swagger-common\2.7.0\springfox-swagger-common-2.7.0.jar;E:\nginx-1.14\maven_config\repository\io\springfox\springfox-spring-web\2.7.0\springfox-spring-web-2.7.0.jar;E:\nginx-1.14\maven_config\repository\org\reflections\reflections\0.9.11\reflections-0.9.11.jar;E:\nginx-1.14\maven_config\repository\com\fasterxml\classmate\1.3.4\classmate-1.3.4.jar;E:\nginx-1.14\maven_config\repository\org\springframework\plugin\spring-plugin-core\1.2.0.RELEASE\spring-plugin-core-1.2.0.RELEASE.jar;E:\nginx-1.14\maven_config\repository\org\springframework\plugin\spring-plugin-metadata\1.2.0.RELEASE\spring-plugin-metadata-1.2.0.RELEASE.jar;E:\nginx-1.14\maven_config\repository\org\mapstruct\mapstruct\1.1.0.Final\mapstruct-1.1.0.Final.jar;E:\nginx-1.14\maven_config\repository\io\springfox\springfox-swagger-ui\2.7.0\springfox-swagger-ui-2.7.0.jar;E:\nginx-1.14\hdservicecode\hdservicecode\nm-framework-model\target\nm-framework-model.jar;E:\nginx-1.14\maven_config\repository\org\projectlombok\lombok\1.16.16\lombok-1.16.16.jar;E:\nginx-1.14\maven_config\repository\org\springframework\data\spring-data-commons\2.0.6.RELEASE\spring-data-commons-2.0.6.RELEASE.jar;E:\nginx-1.14\maven_config\repository\org\springframework\data\spring-data-mongodb\2.0.6.RELEASE\spring-data-mongodb-2.0.6.RELEASE.jar;E:\nginx-1.14\maven_config\repository\org\springframework\spring-context\5.0.5.RELEASE\spring-context-5.0.5.RELEASE.jar;E:\nginx-1.14\maven_config\repository\org\springframework\spring-expression\5.0.5.RELEASE\spring-expression-5.0.5.RELEASE.jar;E:\nginx-1.14\maven_config\repository\org\mongodb\mongo-java-driver\3.6.3\mongo-java-driver-3.6.3.jar;E:\nginx-1.14\maven_config\repository\org\hibernate\hibernate-core\5.2.16.Final\hibernate-core-5.2.16.Final.jar;E:\nginx-1.14\maven_config\repository\org\jboss\logging\jboss-logging\3.3.2.Final\jboss-logging-3.3.2.Final.jar;E:\nginx-1.14\maven_config\repository\org\hibernate\javax\persistence\hibernate-jpa-2.1-api\1.0.0.Final\hibernate-jpa-2.1-api-1.0.0.Final.jar;E:\nginx-1.14\maven_config\repository\org\javassist\javassist\3.22.0-GA\javassist-3.22.0-GA.jar;E:\nginx-1.14\maven_config\repository\antlr\antlr\2.7.7\antlr-2.7.7.jar;E:\nginx-1.14\maven_config\repository\org\jboss\spec\javax\transaction\jboss-transaction-api_1.2_spec\1.0.1.Final\jboss-transaction-api_1.2_spec-1.0.1.Final.jar;E:\nginx-1.14\maven_config\repository\org\jboss\jandex\2.0.3.Final\jandex-2.0.3.Final.jar;E:\nginx-1.14\maven_config\repository\dom4j\dom4j\1.6.1\dom4j-1.6.1.jar;E:\nginx-1.14\maven_config\repository\org\hibernate\common\hibernate-commons-annotations\5.0.1.Final\hibernate-commons-annotations-5.0.1.Final.jar;E:\nginx-1.14\maven_config\repository\com\google\guava\guava\24.0-jre\guava-24.0-jre.jar;E:\nginx-1.14\maven_config\repository\com\google\code\findbugs\jsr305\1.3.9\jsr305-1.3.9.jar;E:\nginx-1.14\maven_config\repository\org\checkerframework\checker-compat-qual\2.0.0\checker-compat-qual-2.0.0.jar;E:\nginx-1.14\maven_config\repository\com\google\errorprone\error_prone_annotations\2.1.3\error_prone_annotations-2.1.3.jar;E:\nginx-1.14\maven_config\repository\com\google\j2objc\j2objc-annotations\1.1\j2objc-annotations-1.1.jar;E:\nginx-1.14\maven_config\repository\org\codehaus\mojo\animal-sniffer-annotations\1.14\animal-sniffer-annotations-1.14.jar;E:\nginx-1.14\hdservicecode\hdservicecode\nm-framework-utils\target\nm-framework-utils.jar;E:\nginx-1.14\maven_config\repository\javax\servlet\javax.servlet-api\3.1.0\javax.servlet-api-3.1.0.jar;E:\nginx-1.14\maven_config\repository\org\springframework\boot\spring-boot-starter-logging\2.0.1.RELEASE\spring-boot-starter-logging-2.0.1.RELEASE.jar;E:\nginx-1.14\maven_config\repository\ch\qos\logback\logback-classic\1.2.3\logback-classic-1.2.3.jar;E:\nginx-1.14\maven_config\repository\ch\qos\logback\logback-core\1.2.3\logback-core-1.2.3.jar;E:\nginx-1.14\maven_config\repository\org\apache\logging\log4j\log4j-to-slf4j\2.10.0\log4j-to-slf4j-2.10.0.jar;E:\nginx-1.14\maven_config\repository\org\apache\logging\log4j\log4j-api\2.10.0\log4j-api-2.10.0.jar;E:\nginx-1.14\maven_config\repository\org\slf4j\jul-to-slf4j\1.7.25\jul-to-slf4j-1.7.25.jar;E:\nginx-1.14\maven_config\repository\org\apache\httpcomponents\httpclient\4.5.5\httpclient-4.5.5.jar;E:\nginx-1.14\maven_config\repository\org\apache\httpcomponents\httpcore\4.4.9\httpcore-4.4.9.jar;E:\nginx-1.14\maven_config\repository\commons-codec\commons-codec\1.10\commons-codec-1.10.jar;E:\nginx-1.14\maven_config\repository\net\lingala\zip4j\zip4j\1.3.1\zip4j-1.3.1.jar;E:\nginx-1.14\maven_config\repository\org\springframework\security\spring-security-crypto\5.0.4.RELEASE\spring-security-crypto-5.0.4.RELEASE.jar;E:\nginx-1.14\maven_config\repository\org\springframework\security\spring-security-jwt\1.0.8.RELEASE\spring-security-jwt-1.0.8.RELEASE.jar;E:\nginx-1.14\maven_config\repository\org\bouncycastle\bcpkix-jdk15on\1.56\bcpkix-jdk15on-1.56.jar;E:\nginx-1.14\maven_config\repository\org\bouncycastle\bcprov-jdk15on\1.56\bcprov-jdk15on-1.56.jar;E:\nginx-1.14\hdservicecode\hdservicecode\nm-framework-common\target\nm-framework-common.jar;E:\nginx-1.14\maven_config\repository\org\springframework\spring-web\5.0.5.RELEASE\spring-web-5.0.5.RELEASE.jar;E:\nginx-1.14\maven_config\repository\org\springframework\boot\spring-boot-starter-web\2.0.1.RELEASE\spring-boot-starter-web-2.0.1.RELEASE.jar;E:\nginx-1.14\maven_config\repository\org\springframework\boot\spring-boot-starter\2.0.1.RELEASE\spring-boot-starter-2.0.1.RELEASE.jar;E:\nginx-1.14\maven_config\repository\org\springframework\boot\spring-boot\2.0.1.RELEASE\spring-boot-2.0.1.RELEASE.jar;E:\nginx-1.14\maven_config\repository\javax\annotation\javax.annotation-api\1.3.2\javax.annotation-api-1.3.2.jar;E:\nginx-1.14\maven_config\repository\org\yaml\snakeyaml\1.19\snakeyaml-1.19.jar;E:\nginx-1.14\maven_config\repository\org\springframework\boot\spring-boot-starter-json\2.0.1.RELEASE\spring-boot-starter-json-2.0.1.RELEASE.jar;E:\nginx-1.14\maven_config\repository\com\fasterxml\jackson\core\jackson-databind\2.9.5\jackson-databind-2.9.5.jar;E:\nginx-1.14\maven_config\repository\com\fasterxml\jackson\datatype\jackson-datatype-jdk8\2.9.5\jackson-datatype-jdk8-2.9.5.jar;E:\nginx-1.14\maven_config\repository\com\fasterxml\jackson\datatype\jackson-datatype-jsr310\2.9.5\jackson-datatype-jsr310-2.9.5.jar;E:\nginx-1.14\maven_config\repository\com\fasterxml\jackson\module\jackson-module-parameter-names\2.9.5\jackson-module-parameter-names-2.9.5.jar;E:\nginx-1.14\maven_config\repository\org\springframework\boot\spring-boot-starter-tomcat\2.0.1.RELEASE\spring-boot-starter-tomcat-2.0.1.RELEASE.jar;E:\nginx-1.14\maven_config\repository\org\apache\tomcat\embed\tomcat-embed-core\8.5.28\tomcat-embed-core-8.5.28.jar;E:\nginx-1.14\maven_config\repository\org\apache\tomcat\embed\tomcat-embed-el\8.5.28\tomcat-embed-el-8.5.28.jar;E:\nginx-1.14\maven_config\repository\org\apache\tomcat\embed\tomcat-embed-websocket\8.5.28\tomcat-embed-websocket-8.5.28.jar;E:\nginx-1.14\maven_config\repository\org\hibernate\validator\hibernate-validator\6.0.9.Final\hibernate-validator-6.0.9.Final.jar;E:\nginx-1.14\maven_config\repository\javax\validation\validation-api\2.0.1.Final\validation-api-2.0.1.Final.jar;E:\nginx-1.14\maven_config\repository\org\springframework\spring-webmvc\5.0.5.RELEASE\spring-webmvc-5.0.5.RELEASE.jar;E:\nginx-1.14\maven_config\repository\org\springframework\spring-aop\5.0.5.RELEASE\spring-aop-5.0.5.RELEASE.jar;E:\nginx-1.14\maven_config\repository\mysql\mysql-connector-java\5.1.40\mysql-connector-java-5.1.40.jar;E:\nginx-1.14\maven_config\repository\com\alibaba\druid-spring-boot-starter\1.1.10\druid-spring-boot-starter-1.1.10.jar;E:\nginx-1.14\maven_config\repository\com\alibaba\druid\1.1.6\druid-1.1.6.jar;E:\nginx-1.14\maven_config\repository\org\slf4j\slf4j-api\1.7.25\slf4j-api-1.7.25.jar;E:\nginx-1.14\maven_config\repository\org\springframework\boot\spring-boot-autoconfigure\2.0.1.RELEASE\spring-boot-autoconfigure-2.0.1.RELEASE.jar;E:\nginx-1.14\maven_config\repository\org\mybatis\spring\boot\mybatis-spring-boot-starter\1.3.1\mybatis-spring-boot-starter-1.3.1.jar;E:\nginx-1.14\maven_config\repository\org\springframework\boot\spring-boot-starter-jdbc\2.0.1.RELEASE\spring-boot-starter-jdbc-2.0.1.RELEASE.jar;E:\nginx-1.14\maven_config\repository\com\zaxxer\HikariCP\2.7.8\HikariCP-2.7.8.jar;E:\nginx-1.14\maven_config\repository\org\mybatis\spring\boot\mybatis-spring-boot-autoconfigure\1.3.1\mybatis-spring-boot-autoconfigure-1.3.1.jar;E:\nginx-1.14\maven_config\repository\org\mybatis\mybatis\3.4.5\mybatis-3.4.5.jar;E:\nginx-1.14\maven_config\repository\org\mybatis\mybatis-spring\1.3.1\mybatis-spring-1.3.1.jar;E:\nginx-1.14\maven_config\repository\org\springframework\spring-orm\5.0.5.RELEASE\spring-orm-5.0.5.RELEASE.jar;E:\nginx-1.14\maven_config\repository\org\springframework\spring-beans\5.0.5.RELEASE\spring-beans-5.0.5.RELEASE.jar;E:\nginx-1.14\maven_config\repository\org\springframework\spring-core\5.0.5.RELEASE\spring-core-5.0.5.RELEASE.jar;E:\nginx-1.14\maven_config\repository\org\springframework\spring-jcl\5.0.5.RELEASE\spring-jcl-5.0.5.RELEASE.jar;E:\nginx-1.14\maven_config\repository\org\springframework\spring-jdbc\5.0.5.RELEASE\spring-jdbc-5.0.5.RELEASE.jar;E:\nginx-1.14\maven_config\repository\org\springframework\spring-tx\5.0.5.RELEASE\spring-tx-5.0.5.RELEASE.jar;E:\nginx-1.14\maven_config\repository\org\springframework\boot\spring-boot-starter-data-jpa\2.0.1.RELEASE\spring-boot-starter-data-jpa-2.0.1.RELEASE.jar;E:\nginx-1.14\maven_config\repository\org\springframework\boot\spring-boot-starter-aop\2.0.1.RELEASE\spring-boot-starter-aop-2.0.1.RELEASE.jar;E:\nginx-1.14\maven_config\repository\org\aspectj\aspectjweaver\1.8.13\aspectjweaver-1.8.13.jar;E:\nginx-1.14\maven_config\repository\javax\transaction\javax.transaction-api\1.2\javax.transaction-api-1.2.jar;E:\nginx-1.14\maven_config\repository\org\springframework\data\spring-data-jpa\2.0.6.RELEASE\spring-data-jpa-2.0.6.RELEASE.jar;E:\nginx-1.14\maven_config\repository\org\springframework\spring-aspects\5.0.5.RELEASE\spring-aspects-5.0.5.RELEASE.jar;E:\nginx-1.14\maven_config\repository\com\squareup\okhttp3\okhttp\3.9.1\okhttp-3.9.1.jar;E:\nginx-1.14\maven_config\repository\com\squareup\okio\okio\1.13.0\okio-1.13.0.jar;E:\nginx-1.14\maven_config\repository\com\alibaba\fastjson\1.2.30\fastjson-1.2.30.jar;E:\nginx-1.14\maven_config\repository\commons-io\commons-io\2.6\commons-io-2.6.jar;E:\nginx-1.14\maven_config\repository\org\apache\commons\commons-lang3\3.6\commons-lang3-3.6.jar;E:\nginx-1.14\maven_config\repository\org\springframework\boot\spring-boot-starter-test\2.0.1.RELEASE\spring-boot-starter-test-2.0.1.RELEASE.jar;E:\nginx-1.14\maven_config\repository\org\springframework\boot\spring-boot-test\2.0.1.RELEASE\spring-boot-test-2.0.1.RELEASE.jar;E:\nginx-1.14\maven_config\repository\org\springframework\boot\spring-boot-test-autoconfigure\2.0.1.RELEASE\spring-boot-test-autoconfigure-2.0.1.RELEASE.jar;E:\nginx-1.14\maven_config\repository\com\jayway\jsonpath\json-path\2.4.0\json-path-2.4.0.jar;E:\nginx-1.14\maven_config\repository\net\minidev\json-smart\2.3\json-smart-2.3.jar;E:\nginx-1.14\maven_config\repository\net\minidev\accessors-smart\1.2\accessors-smart-1.2.jar;E:\nginx-1.14\maven_config\repository\org\ow2\asm\asm\5.0.4\asm-5.0.4.jar;E:\nginx-1.14\maven_config\repository\junit\junit\4.12\junit-4.12.jar;E:\nginx-1.14\maven_config\repository\org\assertj\assertj-core\3.9.1\assertj-core-3.9.1.jar;E:\nginx-1.14\maven_config\repository\org\mockito\mockito-core\2.15.0\mockito-core-2.15.0.jar;E:\nginx-1.14\maven_config\repository\net\bytebuddy\byte-buddy\1.7.11\byte-buddy-1.7.11.jar;E:\nginx-1.14\maven_config\repository\net\bytebuddy\byte-buddy-agent\1.7.11\byte-buddy-agent-1.7.11.jar;E:\nginx-1.14\maven_config\repository\org\objenesis\objenesis\2.6\objenesis-2.6.jar;E:\nginx-1.14\maven_config\repository\org\hamcrest\hamcrest-core\1.3\hamcrest-core-1.3.jar;E:\nginx-1.14\maven_config\repository\org\hamcrest\hamcrest-library\1.3\hamcrest-library-1.3.jar;E:\nginx-1.14\maven_config\repository\org\skyscreamer\jsonassert\1.5.0\jsonassert-1.5.0.jar;E:\nginx-1.14\maven_config\repository\com\vaadin\external\google\android-json\0.0.20131108.vaadin1\android-json-0.0.20131108.vaadin1.jar;E:\nginx-1.14\maven_config\repository\org\springframework\spring-test\5.0.5.RELEASE\spring-test-5.0.5.RELEASE.jar;E:\nginx-1.14\maven_config\repository\org\xmlunit\xmlunit-core\2.5.1\xmlunit-core-2.5.1.jar;E:\nginx-1.14\maven_config\repository\com\github\pagehelper\pagehelper-spring-boot-starter\1.2.4\pagehelper-spring-boot-starter-1.2.4.jar;E:\nginx-1.14\maven_config\repository\com\github\pagehelper\pagehelper-spring-boot-autoconfigure\1.2.4\pagehelper-spring-boot-autoconfigure-1.2.4.jar;E:\nginx-1.14\maven_config\repository\com\github\pagehelper\pagehelper\5.1.3\pagehelper-5.1.3.jar;E:\nginx-1.14\maven_config\repository\com\github\jsqlparser\jsqlparser\1.0\jsqlparser-1.0.jar;E:\nginx-1.14\maven_config\repository\org\springframework\cloud\spring-cloud-starter-netflix-eureka-client\2.0.1.RELEASE\spring-cloud-starter-netflix-eureka-client-2.0.1.RELEASE.jar;E:\nginx-1.14\maven_config\repository\org\springframework\cloud\spring-cloud-starter\2.0.1.RELEASE\spring-cloud-starter-2.0.1.RELEASE.jar;E:\nginx-1.14\maven_config\repository\org\springframework\cloud\spring-cloud-context\2.0.1.RELEASE\spring-cloud-context-2.0.1.RELEASE.jar;E:\nginx-1.14\maven_config\repository\org\springframework\security\spring-security-rsa\1.0.5.RELEASE\spring-security-rsa-1.0.5.RELEASE.jar;E:\nginx-1.14\maven_config\repository\org\springframework\cloud\spring-cloud-netflix-core\2.0.1.RELEASE\spring-cloud-netflix-core-2.0.1.RELEASE.jar;E:\nginx-1.14\maven_config\repository\org\springframework\cloud\spring-cloud-netflix-eureka-client\2.0.1.RELEASE\spring-cloud-netflix-eureka-client-2.0.1.RELEASE.jar;E:\nginx-1.14\maven_config\repository\com\netflix\eureka\eureka-client\1.9.3\eureka-client-1.9.3.jar;E:\nginx-1.14\maven_config\repository\org\codehaus\jettison\jettison\1.3.7\jettison-1.3.7.jar;E:\nginx-1.14\maven_config\repository\stax\stax-api\1.0.1\stax-api-1.0.1.jar;E:\nginx-1.14\maven_config\repository\com\netflix\netflix-commons\netflix-eventbus\0.3.0\netflix-eventbus-0.3.0.jar;E:\nginx-1.14\maven_config\repository\com\netflix\netflix-commons\netflix-infix\0.3.0\netflix-infix-0.3.0.jar;E:\nginx-1.14\maven_config\repository\commons-jxpath\commons-jxpath\1.3\commons-jxpath-1.3.jar;E:\nginx-1.14\maven_config\repository\joda-time\joda-time\2.9.9\joda-time-2.9.9.jar;E:\nginx-1.14\maven_config\repository\org\antlr\antlr-runtime\3.4\antlr-runtime-3.4.jar;E:\nginx-1.14\maven_config\repository\org\antlr\stringtemplate\3.2.1\stringtemplate-3.2.1.jar;E:\nginx-1.14\maven_config\repository\com\google\code\gson\gson\2.8.2\gson-2.8.2.jar;E:\nginx-1.14\maven_config\repository\org\apache\commons\commons-math\2.2\commons-math-2.2.jar;E:\nginx-1.14\maven_config\repository\com\netflix\archaius\archaius-core\0.7.6\archaius-core-0.7.6.jar;E:\nginx-1.14\maven_config\repository\javax\ws\rs\jsr311-api\1.1.1\jsr311-api-1.1.1.jar;E:\nginx-1.14\maven_config\repository\com\netflix\servo\servo-core\0.12.21\servo-core-0.12.21.jar;E:\nginx-1.14\maven_config\repository\com\sun\jersey\jersey-core\1.19.1\jersey-core-1.19.1.jar;E:\nginx-1.14\maven_config\repository\com\sun\jersey\jersey-client\1.19.1\jersey-client-1.19.1.jar;E:\nginx-1.14\maven_config\repository\com\sun\jersey\contribs\jersey-apache-client4\1.19.1\jersey-apache-client4-1.19.1.jar;E:\nginx-1.14\maven_config\repository\com\google\inject\guice\4.1.0\guice-4.1.0.jar;E:\nginx-1.14\maven_config\repository\javax\inject\javax.inject\1\javax.inject-1.jar;E:\nginx-1.14\maven_config\repository\aopalliance\aopalliance\1.0\aopalliance-1.0.jar;E:\nginx-1.14\maven_config\repository\com\github\vlsi\compactmap\compactmap\1.2.1\compactmap-1.2.1.jar;E:\nginx-1.14\maven_config\repository\com\github\andrewoma\dexx\dexx-collections\0.2\dexx-collections-0.2.jar;E:\nginx-1.14\maven_config\repository\com\fasterxml\jackson\core\jackson-annotations\2.9.0\jackson-annotations-2.9.0.jar;E:\nginx-1.14\maven_config\repository\com\fasterxml\jackson\core\jackson-core\2.9.5\jackson-core-2.9.5.jar;E:\nginx-1.14\maven_config\repository\com\netflix\eureka\eureka-core\1.9.3\eureka-core-1.9.3.jar;E:\nginx-1.14\maven_config\repository\org\codehaus\woodstox\woodstox-core-asl\4.4.1\woodstox-core-asl-4.4.1.jar;E:\nginx-1.14\maven_config\repository\javax\xml\stream\stax-api\1.0-2\stax-api-1.0-2.jar;E:\nginx-1.14\maven_config\repository\org\codehaus\woodstox\stax2-api\3.1.4\stax2-api-3.1.4.jar;E:\nginx-1.14\maven_config\repository\org\springframework\cloud\spring-cloud-starter-netflix-archaius\2.0.1.RELEASE\spring-cloud-starter-netflix-archaius-2.0.1.RELEASE.jar;E:\nginx-1.14\maven_config\repository\org\springframework\cloud\spring-cloud-netflix-ribbon\2.0.1.RELEASE\spring-cloud-netflix-ribbon-2.0.1.RELEASE.jar;E:\nginx-1.14\maven_config\repository\org\springframework\cloud\spring-cloud-netflix-archaius\2.0.1.RELEASE\spring-cloud-netflix-archaius-2.0.1.RELEASE.jar;E:\nginx-1.14\maven_config\repository\commons-configuration\commons-configuration\1.8\commons-configuration-1.8.jar;E:\nginx-1.14\maven_config\repository\commons-lang\commons-lang\2.6\commons-lang-2.6.jar;E:\nginx-1.14\maven_config\repository\org\springframework\cloud\spring-cloud-starter-netflix-ribbon\2.0.1.RELEASE\spring-cloud-starter-netflix-ribbon-2.0.1.RELEASE.jar;E:\nginx-1.14\maven_config\repository\com\netflix\ribbon\ribbon\2.2.5\ribbon-2.2.5.jar;E:\nginx-1.14\maven_config\repository\com\netflix\ribbon\ribbon-transport\2.2.5\ribbon-transport-2.2.5.jar;E:\nginx-1.14\maven_config\repository\io\reactivex\rxnetty-contexts\0.4.9\rxnetty-contexts-0.4.9.jar;E:\nginx-1.14\maven_config\repository\io\reactivex\rxnetty-servo\0.4.9\rxnetty-servo-0.4.9.jar;E:\nginx-1.14\maven_config\repository\io\reactivex\rxnetty\0.4.9\rxnetty-0.4.9.jar;E:\nginx-1.14\maven_config\repository\io\netty\netty-codec-http\4.1.23.Final\netty-codec-http-4.1.23.Final.jar;E:\nginx-1.14\maven_config\repository\io\netty\netty-codec\4.1.23.Final\netty-codec-4.1.23.Final.jar;E:\nginx-1.14\maven_config\repository\io\netty\netty-transport-native-epoll\4.1.23.Final\netty-transport-native-epoll-4.1.23.Final.jar;E:\nginx-1.14\maven_config\repository\io\netty\netty-common\4.1.23.Final\netty-common-4.1.23.Final.jar;E:\nginx-1.14\maven_config\repository\io\netty\netty-buffer\4.1.23.Final\netty-buffer-4.1.23.Final.jar;E:\nginx-1.14\maven_config\repository\io\netty\netty-transport-native-unix-common\4.1.23.Final\netty-transport-native-unix-common-4.1.23.Final.jar;E:\nginx-1.14\maven_config\repository\io\netty\netty-transport\4.1.23.Final\netty-transport-4.1.23.Final.jar;E:\nginx-1.14\maven_config\repository\io\netty\netty-resolver\4.1.23.Final\netty-resolver-4.1.23.Final.jar;E:\nginx-1.14\maven_config\repository\com\netflix\ribbon\ribbon-core\2.2.5\ribbon-core-2.2.5.jar;E:\nginx-1.14\maven_config\repository\com\netflix\ribbon\ribbon-httpclient\2.2.5\ribbon-httpclient-2.2.5.jar;E:\nginx-1.14\maven_config\repository\commons-collections\commons-collections\3.2.2\commons-collections-3.2.2.jar;E:\nginx-1.14\maven_config\repository\com\netflix\netflix-commons\netflix-commons-util\0.3.0\netflix-commons-util-0.3.0.jar;E:\nginx-1.14\maven_config\repository\com\netflix\ribbon\ribbon-loadbalancer\2.2.5\ribbon-loadbalancer-2.2.5.jar;E:\nginx-1.14\maven_config\repository\com\netflix\netflix-commons\netflix-statistics\0.1.1\netflix-statistics-0.1.1.jar;E:\nginx-1.14\maven_config\repository\io\reactivex\rxjava\1.3.8\rxjava-1.3.8.jar;E:\nginx-1.14\maven_config\repository\com\netflix\ribbon\ribbon-eureka\2.2.5\ribbon-eureka-2.2.5.jar;E:\nginx-1.14\maven_config\repository\com\thoughtworks\xstream\xstream\1.4.10\xstream-1.4.10.jar;E:\nginx-1.14\maven_config\repository\xmlpull\xmlpull\1.1.3.1\xmlpull-1.1.3.1.jar;E:\nginx-1.14\maven_config\repository\xpp3\xpp3_min\1.1.4c\xpp3_min-1.1.4c.jar;E:\nginx-1.14\maven_config\repository\org\springframework\cloud\spring-cloud-starter-openfeign\2.0.1.RELEASE\spring-cloud-starter-openfeign-2.0.1.RELEASE.jar;E:\nginx-1.14\maven_config\repository\org\springframework\cloud\spring-cloud-openfeign-core\2.0.1.RELEASE\spring-cloud-openfeign-core-2.0.1.RELEASE.jar;E:\nginx-1.14\maven_config\repository\org\springframework\cloud\spring-cloud-commons\2.0.1.RELEASE\spring-cloud-commons-2.0.1.RELEASE.jar;E:\nginx-1.14\maven_config\repository\io\github\openfeign\feign-core\9.5.1\feign-core-9.5.1.jar;E:\nginx-1.14\maven_config\repository\io\github\openfeign\feign-slf4j\9.5.1\feign-slf4j-9.5.1.jar;E:\nginx-1.14\maven_config\repository\io\github\openfeign\feign-hystrix\9.5.1\feign-hystrix-9.5.1.jar;E:\nginx-1.14\maven_config\repository\com\netflix\hystrix\hystrix-core\1.5.12\hystrix-core-1.5.12.jar;E:\nginx-1.14\maven_config\repository\org\hdrhistogram\HdrHistogram\2.1.9\HdrHistogram-2.1.9.jar;E:\nginx-1.14\maven_config\repository\io\github\openfeign\feign-java8\9.5.1\feign-java8-9.5.1.jar;E:\nginx-1.14\maven_config\repository\com\netflix\feign\feign-okhttp\8.18.0\feign-okhttp-8.18.0.jar;E:\nginx-1.14\maven_config\repository\com\netflix\feign\feign-core\8.18.0\feign-core-8.18.0.jar;E:\nginx-1.14\maven_config\repository\org\jvnet\animal-sniffer-annotation\1.0\animal-sniffer-annotation-1.0.jar;, java.specification.name=Java Platform API Specification, java.class.version=52.0, sun.management.compiler=HotSpot 64-Bit Tiered Compilers, maven.repo.local=E:\nginx-1.14\maven_config\repository, os.version=10.0, user.home=C:\Users\ASUS, user.timezone=Asia/Shanghai, java.awt.printerjob=sun.awt.windows.WPrinterJob, file.encoding=GBK, java.specification.version=1.8, java.class.path=E:\nginx-1.14\hdservicecode\hdservicecode\nm-service-manage-course\target\test-classes;E:\nginx-1.14\hdservicecode\hdservicecode\nm-service-manage-course\target\classes;E:\nginx-1.14\hdservicecode\hdservicecode\nm-service-api\target\nm-service-api.jar;E:\nginx-1.14\maven_config\repository\commons-fileupload\commons-fileupload\1.3.3\commons-fileupload-1.3.3.jar;E:\nginx-1.14\maven_config\repository\io\springfox\springfox-swagger2\2.7.0\springfox-swagger2-2.7.0.jar;E:\nginx-1.14\maven_config\repository\io\swagger\swagger-annotations\1.5.13\swagger-annotations-1.5.13.jar;E:\nginx-1.14\maven_config\repository\io\swagger\swagger-models\1.5.13\swagger-models-1.5.13.jar;E:\nginx-1.14\maven_config\repository\io\springfox\springfox-spi\2.7.0\springfox-spi-2.7.0.jar;E:\nginx-1.14\maven_config\repository\io\springfox\springfox-core\2.7.0\springfox-core-2.7.0.jar;E:\nginx-1.14\maven_config\repository\io\springfox\springfox-schema\2.7.0\springfox-schema-2.7.0.jar;E:\nginx-1.14\maven_config\repository\io\springfox\springfox-swagger-common\2.7.0\springfox-swagger-common-2.7.0.jar;E:\nginx-1.14\maven_config\repository\io\springfox\springfox-spring-web\2.7.0\springfox-spring-web-2.7.0.jar;E:\nginx-1.14\maven_config\repository\org\reflections\reflections\0.9.11\reflections-0.9.11.jar;E:\nginx-1.14\maven_config\repository\com\fasterxml\classmate\1.3.4\classmate-1.3.4.jar;E:\nginx-1.14\maven_config\repository\org\springframework\plugin\spring-plugin-core\1.2.0.RELEASE\spring-plugin-core-1.2.0.RELEASE.jar;E:\nginx-1.14\maven_config\repository\org\springframework\plugin\spring-plugin-metadata\1.2.0.RELEASE\spring-plugin-metadata-1.2.0.RELEASE.jar;E:\nginx-1.14\maven_config\repository\org\mapstruct\mapstruct\1.1.0.Final\mapstruct-1.1.0.Final.jar;E:\nginx-1.14\maven_config\repository\io\springfox\springfox-swagger-ui\2.7.0\springfox-swagger-ui-2.7.0.jar;E:\nginx-1.14\hdservicecode\hdservicecode\nm-framework-model\target\nm-framework-model.jar;E:\nginx-1.14\maven_config\repository\org\projectlombok\lombok\1.16.16\lombok-1.16.16.jar;E:\nginx-1.14\maven_config\repository\org\springframework\data\spring-data-commons\2.0.6.RELEASE\spring-data-commons-2.0.6.RELEASE.jar;E:\nginx-1.14\maven_config\repository\org\springframework\data\spring-data-mongodb\2.0.6.RELEASE\spring-data-mongodb-2.0.6.RELEASE.jar;E:\nginx-1.14\maven_config\repository\org\springframework\spring-context\5.0.5.RELEASE\spring-context-5.0.5.RELEASE.jar;E:\nginx-1.14\maven_config\repository\org\springframework\spring-expression\5.0.5.RELEASE\spring-expression-5.0.5.RELEASE.jar;E:\nginx-1.14\maven_config\repository\org\mongodb\mongo-java-driver\3.6.3\mongo-java-driver-3.6.3.jar;E:\nginx-1.14\maven_config\repository\org\hibernate\hibernate-core\5.2.16.Final\hibernate-core-5.2.16.Final.jar;E:\nginx-1.14\maven_config\repository\org\jboss\logging\jboss-logging\3.3.2.Final\jboss-logging-3.3.2.Final.jar;E:\nginx-1.14\maven_config\repository\org\hibernate\javax\persistence\hibernate-jpa-2.1-api\1.0.0.Final\hibernate-jpa-2.1-api-1.0.0.Final.jar;E:\nginx-1.14\maven_config\repository\org\javassist\javassist\3.22.0-GA\javassist-3.22.0-GA.jar;E:\nginx-1.14\maven_config\repository\antlr\antlr\2.7.7\antlr-2.7.7.jar;E:\nginx-1.14\maven_config\repository\org\jboss\spec\javax\transaction\jboss-transaction-api_1.2_spec\1.0.1.Final\jboss-transaction-api_1.2_spec-1.0.1.Final.jar;E:\nginx-1.14\maven_config\repository\org\jboss\jandex\2.0.3.Final\jandex-2.0.3.Final.jar;E:\nginx-1.14\maven_config\repository\dom4j\dom4j\1.6.1\dom4j-1.6.1.jar;E:\nginx-1.14\maven_config\repository\org\hibernate\common\hibernate-commons-annotations\5.0.1.Final\hibernate-commons-annotations-5.0.1.Final.jar;E:\nginx-1.14\maven_config\repository\com\google\guava\guava\24.0-jre\guava-24.0-jre.jar;E:\nginx-1.14\maven_config\repository\com\google\code\findbugs\jsr305\1.3.9\jsr305-1.3.9.jar;E:\nginx-1.14\maven_config\repository\org\checkerframework\checker-compat-qual\2.0.0\checker-compat-qual-2.0.0.jar;E:\nginx-1.14\maven_config\repository\com\google\errorprone\error_prone_annotations\2.1.3\error_prone_annotations-2.1.3.jar;E:\nginx-1.14\maven_config\repository\com\google\j2objc\j2objc-annotations\1.1\j2objc-annotations-1.1.jar;E:\nginx-1.14\maven_config\repository\org\codehaus\mojo\animal-sniffer-annotations\1.14\animal-sniffer-annotations-1.14.jar;E:\nginx-1.14\hdservicecode\hdservicecode\nm-framework-utils\target\nm-framework-utils.jar;E:\nginx-1.14\maven_config\repository\javax\servlet\javax.servlet-api\3.1.0\javax.servlet-api-3.1.0.jar;E:\nginx-1.14\maven_config\repository\org\springframework\boot\spring-boot-starter-logging\2.0.1.RELEASE\spring-boot-starter-logging-2.0.1.RELEASE.jar;E:\nginx-1.14\maven_config\repository\ch\qos\logback\logback-classic\1.2.3\logback-classic-1.2.3.jar;E:\nginx-1.14\maven_config\repository\ch\qos\logback\logback-core\1.2.3\logback-core-1.2.3.jar;E:\nginx-1.14\maven_config\repository\org\apache\logging\log4j\log4j-to-slf4j\2.10.0\log4j-to-slf4j-2.10.0.jar;E:\nginx-1.14\maven_config\repository\org\apache\logging\log4j\log4j-api\2.10.0\log4j-api-2.10.0.jar;E:\nginx-1.14\maven_config\repository\org\slf4j\jul-to-slf4j\1.7.25\jul-to-slf4j-1.7.25.jar;E:\nginx-1.14\maven_config\repository\org\apache\httpcomponents\httpclient\4.5.5\httpclient-4.5.5.jar;E:\nginx-1.14\maven_config\repository\org\apache\httpcomponents\httpcore\4.4.9\httpcore-4.4.9.jar;E:\nginx-1.14\maven_config\repository\commons-codec\commons-codec\1.10\commons-codec-1.10.jar;E:\nginx-1.14\maven_config\repository\net\lingala\zip4j\zip4j\1.3.1\zip4j-1.3.1.jar;E:\nginx-1.14\maven_config\repository\org\springframework\security\spring-security-crypto\5.0.4.RELEASE\spring-security-crypto-5.0.4.RELEASE.jar;E:\nginx-1.14\maven_config\repository\org\springframework\security\spring-security-jwt\1.0.8.RELEASE\spring-security-jwt-1.0.8.RELEASE.jar;E:\nginx-1.14\maven_config\repository\org\bouncycastle\bcpkix-jdk15on\1.56\bcpkix-jdk15on-1.56.jar;E:\nginx-1.14\maven_config\repository\org\bouncycastle\bcprov-jdk15on\1.56\bcprov-jdk15on-1.56.jar;E:\nginx-1.14\hdservicecode\hdservicecode\nm-framework-common\target\nm-framework-common.jar;E:\nginx-1.14\maven_config\repository\org\springframework\spring-web\5.0.5.RELEASE\spring-web-5.0.5.RELEASE.jar;E:\nginx-1.14\maven_config\repository\org\springframework\boot\spring-boot-starter-web\2.0.1.RELEASE\spring-boot-starter-web-2.0.1.RELEASE.jar;E:\nginx-1.14\maven_config\repository\org\springframework\boot\spring-boot-starter\2.0.1.RELEASE\spring-boot-starter-2.0.1.RELEASE.jar;E:\nginx-1.14\maven_config\repository\org\springframework\boot\spring-boot\2.0.1.RELEASE\spring-boot-2.0.1.RELEASE.jar;E:\nginx-1.14\maven_config\repository\javax\annotation\javax.annotation-api\1.3.2\javax.annotation-api-1.3.2.jar;E:\nginx-1.14\maven_config\repository\org\yaml\snakeyaml\1.19\snakeyaml-1.19.jar;E:\nginx-1.14\maven_config\repository\org\springframework\boot\spring-boot-starter-json\2.0.1.RELEASE\spring-boot-starter-json-2.0.1.RELEASE.jar;E:\nginx-1.14\maven_config\repository\com\fasterxml\jackson\core\jackson-databind\2.9.5\jackson-databind-2.9.5.jar;E:\nginx-1.14\maven_config\repository\com\fasterxml\jackson\datatype\jackson-datatype-jdk8\2.9.5\jackson-datatype-jdk8-2.9.5.jar;E:\nginx-1.14\maven_config\repository\com\fasterxml\jackson\datatype\jackson-datatype-jsr310\2.9.5\jackson-datatype-jsr310-2.9.5.jar;E:\nginx-1.14\maven_config\repository\com\fasterxml\jackson\module\jackson-module-parameter-names\2.9.5\jackson-module-parameter-names-2.9.5.jar;E:\nginx-1.14\maven_config\repository\org\springframework\boot\spring-boot-starter-tomcat\2.0.1.RELEASE\spring-boot-starter-tomcat-2.0.1.RELEASE.jar;E:\nginx-1.14\maven_config\repository\org\apache\tomcat\embed\tomcat-embed-core\8.5.28\tomcat-embed-core-8.5.28.jar;E:\nginx-1.14\maven_config\repository\org\apache\tomcat\embed\tomcat-embed-el\8.5.28\tomcat-embed-el-8.5.28.jar;E:\nginx-1.14\maven_config\repository\org\apache\tomcat\embed\tomcat-embed-websocket\8.5.28\tomcat-embed-websocket-8.5.28.jar;E:\nginx-1.14\maven_config\repository\org\hibernate\validator\hibernate-validator\6.0.9.Final\hibernate-validator-6.0.9.Final.jar;E:\nginx-1.14\maven_config\repository\javax\validation\validation-api\2.0.1.Final\validation-api-2.0.1.Final.jar;E:\nginx-1.14\maven_config\repository\org\springframework\spring-webmvc\5.0.5.RELEASE\spring-webmvc-5.0.5.RELEASE.jar;E:\nginx-1.14\maven_config\repository\org\springframework\spring-aop\5.0.5.RELEASE\spring-aop-5.0.5.RELEASE.jar;E:\nginx-1.14\maven_config\repository\mysql\mysql-connector-java\5.1.40\mysql-connector-java-5.1.40.jar;E:\nginx-1.14\maven_config\repository\com\alibaba\druid-spring-boot-starter\1.1.10\druid-spring-boot-starter-1.1.10.jar;E:\nginx-1.14\maven_config\repository\com\alibaba\druid\1.1.6\druid-1.1.6.jar;E:\nginx-1.14\maven_config\repository\org\slf4j\slf4j-api\1.7.25\slf4j-api-1.7.25.jar;E:\nginx-1.14\maven_config\repository\org\springframework\boot\spring-boot-autoconfigure\2.0.1.RELEASE\spring-boot-autoconfigure-2.0.1.RELEASE.jar;E:\nginx-1.14\maven_config\repository\org\mybatis\spring\boot\mybatis-spring-boot-starter\1.3.1\mybatis-spring-boot-starter-1.3.1.jar;E:\nginx-1.14\maven_config\repository\org\springframework\boot\spring-boot-starter-jdbc\2.0.1.RELEASE\spring-boot-starter-jdbc-2.0.1.RELEASE.jar;E:\nginx-1.14\maven_config\repository\com\zaxxer\HikariCP\2.7.8\HikariCP-2.7.8.jar;E:\nginx-1.14\maven_config\repository\org\mybatis\spring\boot\mybatis-spring-boot-autoconfigure\1.3.1\mybatis-spring-boot-autoconfigure-1.3.1.jar;E:\nginx-1.14\maven_config\repository\org\mybatis\mybatis\3.4.5\mybatis-3.4.5.jar;E:\nginx-1.14\maven_config\repository\org\mybatis\mybatis-spring\1.3.1\mybatis-spring-1.3.1.jar;E:\nginx-1.14\maven_config\repository\org\springframework\spring-orm\5.0.5.RELEASE\spring-orm-5.0.5.RELEASE.jar;E:\nginx-1.14\maven_config\repository\org\springframework\spring-beans\5.0.5.RELEASE\spring-beans-5.0.5.RELEASE.jar;E:\nginx-1.14\maven_config\repository\org\springframework\spring-core\5.0.5.RELEASE\spring-core-5.0.5.RELEASE.jar;E:\nginx-1.14\maven_config\repository\org\springframework\spring-jcl\5.0.5.RELEASE\spring-jcl-5.0.5.RELEASE.jar;E:\nginx-1.14\maven_config\repository\org\springframework\spring-jdbc\5.0.5.RELEASE\spring-jdbc-5.0.5.RELEASE.jar;E:\nginx-1.14\maven_config\repository\org\springframework\spring-tx\5.0.5.RELEASE\spring-tx-5.0.5.RELEASE.jar;E:\nginx-1.14\maven_config\repository\org\springframework\boot\spring-boot-starter-data-jpa\2.0.1.RELEASE\spring-boot-starter-data-jpa-2.0.1.RELEASE.jar;E:\nginx-1.14\maven_config\repository\org\springframework\boot\spring-boot-starter-aop\2.0.1.RELEASE\spring-boot-starter-aop-2.0.1.RELEASE.jar;E:\nginx-1.14\maven_config\repository\org\aspectj\aspectjweaver\1.8.13\aspectjweaver-1.8.13.jar;E:\nginx-1.14\maven_config\repository\javax\transaction\javax.transaction-api\1.2\javax.transaction-api-1.2.jar;E:\nginx-1.14\maven_config\repository\org\springframework\data\spring-data-jpa\2.0.6.RELEASE\spring-data-jpa-2.0.6.RELEASE.jar;E:\nginx-1.14\maven_config\repository\org\springframework\spring-aspects\5.0.5.RELEASE\spring-aspects-5.0.5.RELEASE.jar;E:\nginx-1.14\maven_config\repository\com\squareup\okhttp3\okhttp\3.9.1\okhttp-3.9.1.jar;E:\nginx-1.14\maven_config\repository\com\squareup\okio\okio\1.13.0\okio-1.13.0.jar;E:\nginx-1.14\maven_config\repository\com\alibaba\fastjson\1.2.30\fastjson-1.2.30.jar;E:\nginx-1.14\maven_config\repository\commons-io\commons-io\2.6\commons-io-2.6.jar;E:\nginx-1.14\maven_config\repository\org\apache\commons\commons-lang3\3.6\commons-lang3-3.6.jar;E:\nginx-1.14\maven_config\repository\org\springframework\boot\spring-boot-starter-test\2.0.1.RELEASE\spring-boot-starter-test-2.0.1.RELEASE.jar;E:\nginx-1.14\maven_config\repository\org\springframework\boot\spring-boot-test\2.0.1.RELEASE\spring-boot-test-2.0.1.RELEASE.jar;E:\nginx-1.14\maven_config\repository\org\springframework\boot\spring-boot-test-autoconfigure\2.0.1.RELEASE\spring-boot-test-autoconfigure-2.0.1.RELEASE.jar;E:\nginx-1.14\maven_config\repository\com\jayway\jsonpath\json-path\2.4.0\json-path-2.4.0.jar;E:\nginx-1.14\maven_config\repository\net\minidev\json-smart\2.3\json-smart-2.3.jar;E:\nginx-1.14\maven_config\repository\net\minidev\accessors-smart\1.2\accessors-smart-1.2.jar;E:\nginx-1.14\maven_config\repository\org\ow2\asm\asm\5.0.4\asm-5.0.4.jar;E:\nginx-1.14\maven_config\repository\junit\junit\4.12\junit-4.12.jar;E:\nginx-1.14\maven_config\repository\org\assertj\assertj-core\3.9.1\assertj-core-3.9.1.jar;E:\nginx-1.14\maven_config\repository\org\mockito\mockito-core\2.15.0\mockito-core-2.15.0.jar;E:\nginx-1.14\maven_config\repository\net\bytebuddy\byte-buddy\1.7.11\byte-buddy-1.7.11.jar;E:\nginx-1.14\maven_config\repository\net\bytebuddy\byte-buddy-agent\1.7.11\byte-buddy-agent-1.7.11.jar;E:\nginx-1.14\maven_config\repository\org\objenesis\objenesis\2.6\objenesis-2.6.jar;E:\nginx-1.14\maven_config\repository\org\hamcrest\hamcrest-core\1.3\hamcrest-core-1.3.jar;E:\nginx-1.14\maven_config\repository\org\hamcrest\hamcrest-library\1.3\hamcrest-library-1.3.jar;E:\nginx-1.14\maven_config\repository\org\skyscreamer\jsonassert\1.5.0\jsonassert-1.5.0.jar;E:\nginx-1.14\maven_config\repository\com\vaadin\external\google\android-json\0.0.20131108.vaadin1\android-json-0.0.20131108.vaadin1.jar;E:\nginx-1.14\maven_config\repository\org\springframework\spring-test\5.0.5.RELEASE\spring-test-5.0.5.RELEASE.jar;E:\nginx-1.14\maven_config\repository\org\xmlunit\xmlunit-core\2.5.1\xmlunit-core-2.5.1.jar;E:\nginx-1.14\maven_config\repository\com\github\pagehelper\pagehelper-spring-boot-starter\1.2.4\pagehelper-spring-boot-starter-1.2.4.jar;E:\nginx-1.14\maven_config\repository\com\github\pagehelper\pagehelper-spring-boot-autoconfigure\1.2.4\pagehelper-spring-boot-autoconfigure-1.2.4.jar;E:\nginx-1.14\maven_config\repository\com\github\pagehelper\pagehelper\5.1.3\pagehelper-5.1.3.jar;E:\nginx-1.14\maven_config\repository\com\github\jsqlparser\jsqlparser\1.0\jsqlparser-1.0.jar;E:\nginx-1.14\maven_config\repository\org\springframework\cloud\spring-cloud-starter-netflix-eureka-client\2.0.1.RELEASE\spring-cloud-starter-netflix-eureka-client-2.0.1.RELEASE.jar;E:\nginx-1.14\maven_config\repository\org\springframework\cloud\spring-cloud-starter\2.0.1.RELEASE\spring-cloud-starter-2.0.1.RELEASE.jar;E:\nginx-1.14\maven_config\repository\org\springframework\cloud\spring-cloud-context\2.0.1.RELEASE\spring-cloud-context-2.0.1.RELEASE.jar;E:\nginx-1.14\maven_config\repository\org\springframework\security\spring-security-rsa\1.0.5.RELEASE\spring-security-rsa-1.0.5.RELEASE.jar;E:\nginx-1.14\maven_config\repository\org\springframework\cloud\spring-cloud-netflix-core\2.0.1.RELEASE\spring-cloud-netflix-core-2.0.1.RELEASE.jar;E:\nginx-1.14\maven_config\repository\org\springframework\cloud\spring-cloud-netflix-eureka-client\2.0.1.RELEASE\spring-cloud-netflix-eureka-client-2.0.1.RELEASE.jar;E:\nginx-1.14\maven_config\repository\com\netflix\eureka\eureka-client\1.9.3\eureka-client-1.9.3.jar;E:\nginx-1.14\maven_config\repository\org\codehaus\jettison\jettison\1.3.7\jettison-1.3.7.jar;E:\nginx-1.14\maven_config\repository\stax\stax-api\1.0.1\stax-api-1.0.1.jar;E:\nginx-1.14\maven_config\repository\com\netflix\netflix-commons\netflix-eventbus\0.3.0\netflix-eventbus-0.3.0.jar;E:\nginx-1.14\maven_config\repository\com\netflix\netflix-commons\netflix-infix\0.3.0\netflix-infix-0.3.0.jar;E:\nginx-1.14\maven_config\repository\commons-jxpath\commons-jxpath\1.3\commons-jxpath-1.3.jar;E:\nginx-1.14\maven_config\repository\joda-time\joda-time\2.9.9\joda-time-2.9.9.jar;E:\nginx-1.14\maven_config\repository\org\antlr\antlr-runtime\3.4\antlr-runtime-3.4.jar;E:\nginx-1.14\maven_config\repository\org\antlr\stringtemplate\3.2.1\stringtemplate-3.2.1.jar;E:\nginx-1.14\maven_config\repository\com\google\code\gson\gson\2.8.2\gson-2.8.2.jar;E:\nginx-1.14\maven_config\repository\org\apache\commons\commons-math\2.2\commons-math-2.2.jar;E:\nginx-1.14\maven_config\repository\com\netflix\archaius\archaius-core\0.7.6\archaius-core-0.7.6.jar;E:\nginx-1.14\maven_config\repository\javax\ws\rs\jsr311-api\1.1.1\jsr311-api-1.1.1.jar;E:\nginx-1.14\maven_config\repository\com\netflix\servo\servo-core\0.12.21\servo-core-0.12.21.jar;E:\nginx-1.14\maven_config\repository\com\sun\jersey\jersey-core\1.19.1\jersey-core-1.19.1.jar;E:\nginx-1.14\maven_config\repository\com\sun\jersey\jersey-client\1.19.1\jersey-client-1.19.1.jar;E:\nginx-1.14\maven_config\repository\com\sun\jersey\contribs\jersey-apache-client4\1.19.1\jersey-apache-client4-1.19.1.jar;E:\nginx-1.14\maven_config\repository\com\google\inject\guice\4.1.0\guice-4.1.0.jar;E:\nginx-1.14\maven_config\repository\javax\inject\javax.inject\1\javax.inject-1.jar;E:\nginx-1.14\maven_config\repository\aopalliance\aopalliance\1.0\aopalliance-1.0.jar;E:\nginx-1.14\maven_config\repository\com\github\vlsi\compactmap\compactmap\1.2.1\compactmap-1.2.1.jar;E:\nginx-1.14\maven_config\repository\com\github\andrewoma\dexx\dexx-collections\0.2\dexx-collections-0.2.jar;E:\nginx-1.14\maven_config\repository\com\fasterxml\jackson\core\jackson-annotations\2.9.0\jackson-annotations-2.9.0.jar;E:\nginx-1.14\maven_config\repository\com\fasterxml\jackson\core\jackson-core\2.9.5\jackson-core-2.9.5.jar;E:\nginx-1.14\maven_config\repository\com\netflix\eureka\eureka-core\1.9.3\eureka-core-1.9.3.jar;E:\nginx-1.14\maven_config\repository\org\codehaus\woodstox\woodstox-core-asl\4.4.1\woodstox-core-asl-4.4.1.jar;E:\nginx-1.14\maven_config\repository\javax\xml\stream\stax-api\1.0-2\stax-api-1.0-2.jar;E:\nginx-1.14\maven_config\repository\org\codehaus\woodstox\stax2-api\3.1.4\stax2-api-3.1.4.jar;E:\nginx-1.14\maven_config\repository\org\springframework\cloud\spring-cloud-starter-netflix-archaius\2.0.1.RELEASE\spring-cloud-starter-netflix-archaius-2.0.1.RELEASE.jar;E:\nginx-1.14\maven_config\repository\org\springframework\cloud\spring-cloud-netflix-ribbon\2.0.1.RELEASE\spring-cloud-netflix-ribbon-2.0.1.RELEASE.jar;E:\nginx-1.14\maven_config\repository\org\springframework\cloud\spring-cloud-netflix-archaius\2.0.1.RELEASE\spring-cloud-netflix-archaius-2.0.1.RELEASE.jar;E:\nginx-1.14\maven_config\repository\commons-configuration\commons-configuration\1.8\commons-configuration-1.8.jar;E:\nginx-1.14\maven_config\repository\commons-lang\commons-lang\2.6\commons-lang-2.6.jar;E:\nginx-1.14\maven_config\repository\org\springframework\cloud\spring-cloud-starter-netflix-ribbon\2.0.1.RELEASE\spring-cloud-starter-netflix-ribbon-2.0.1.RELEASE.jar;E:\nginx-1.14\maven_config\repository\com\netflix\ribbon\ribbon\2.2.5\ribbon-2.2.5.jar;E:\nginx-1.14\maven_config\repository\com\netflix\ribbon\ribbon-transport\2.2.5\ribbon-transport-2.2.5.jar;E:\nginx-1.14\maven_config\repository\io\reactivex\rxnetty-contexts\0.4.9\rxnetty-contexts-0.4.9.jar;E:\nginx-1.14\maven_config\repository\io\reactivex\rxnetty-servo\0.4.9\rxnetty-servo-0.4.9.jar;E:\nginx-1.14\maven_config\repository\io\reactivex\rxnetty\0.4.9\rxnetty-0.4.9.jar;E:\nginx-1.14\maven_config\repository\io\netty\netty-codec-http\4.1.23.Final\netty-codec-http-4.1.23.Final.jar;E:\nginx-1.14\maven_config\repository\io\netty\netty-codec\4.1.23.Final\netty-codec-4.1.23.Final.jar;E:\nginx-1.14\maven_config\repository\io\netty\netty-transport-native-epoll\4.1.23.Final\netty-transport-native-epoll-4.1.23.Final.jar;E:\nginx-1.14\maven_config\repository\io\netty\netty-common\4.1.23.Final\netty-common-4.1.23.Final.jar;E:\nginx-1.14\maven_config\repository\io\netty\netty-buffer\4.1.23.Final\netty-buffer-4.1.23.Final.jar;E:\nginx-1.14\maven_config\repository\io\netty\netty-transport-native-unix-common\4.1.23.Final\netty-transport-native-unix-common-4.1.23.Final.jar;E:\nginx-1.14\maven_config\repository\io\netty\netty-transport\4.1.23.Final\netty-transport-4.1.23.Final.jar;E:\nginx-1.14\maven_config\repository\io\netty\netty-resolver\4.1.23.Final\netty-resolver-4.1.23.Final.jar;E:\nginx-1.14\maven_config\repository\com\netflix\ribbon\ribbon-core\2.2.5\ribbon-core-2.2.5.jar;E:\nginx-1.14\maven_config\repository\com\netflix\ribbon\ribbon-httpclient\2.2.5\ribbon-httpclient-2.2.5.jar;E:\nginx-1.14\maven_config\repository\commons-collections\commons-collections\3.2.2\commons-collections-3.2.2.jar;E:\nginx-1.14\maven_config\repository\com\netflix\netflix-commons\netflix-commons-util\0.3.0\netflix-commons-util-0.3.0.jar;E:\nginx-1.14\maven_config\repository\com\netflix\ribbon\ribbon-loadbalancer\2.2.5\ribbon-loadbalancer-2.2.5.jar;E:\nginx-1.14\maven_config\repository\com\netflix\netflix-commons\netflix-statistics\0.1.1\netflix-statistics-0.1.1.jar;E:\nginx-1.14\maven_config\repository\io\reactivex\rxjava\1.3.8\rxjava-1.3.8.jar;E:\nginx-1.14\maven_config\repository\com\netflix\ribbon\ribbon-eureka\2.2.5\ribbon-eureka-2.2.5.jar;E:\nginx-1.14\maven_config\repository\com\thoughtworks\xstream\xstream\1.4.10\xstream-1.4.10.jar;E:\nginx-1.14\maven_config\repository\xmlpull\xmlpull\1.1.3.1\xmlpull-1.1.3.1.jar;E:\nginx-1.14\maven_config\repository\xpp3\xpp3_min\1.1.4c\xpp3_min-1.1.4c.jar;E:\nginx-1.14\maven_config\repository\org\springframework\cloud\spring-cloud-starter-openfeign\2.0.1.RELEASE\spring-cloud-starter-openfeign-2.0.1.RELEASE.jar;E:\nginx-1.14\maven_config\repository\org\springframework\cloud\spring-cloud-openfeign-core\2.0.1.RELEASE\spring-cloud-openfeign-core-2.0.1.RELEASE.jar;E:\nginx-1.14\maven_config\repository\org\springframework\cloud\spring-cloud-commons\2.0.1.RELEASE\spring-cloud-commons-2.0.1.RELEASE.jar;E:\nginx-1.14\maven_config\repository\io\github\openfeign\feign-core\9.5.1\feign-core-9.5.1.jar;E:\nginx-1.14\maven_config\repository\io\github\openfeign\feign-slf4j\9.5.1\feign-slf4j-9.5.1.jar;E:\nginx-1.14\maven_config\repository\io\github\openfeign\feign-hystrix\9.5.1\feign-hystrix-9.5.1.jar;E:\nginx-1.14\maven_config\repository\com\netflix\hystrix\hystrix-core\1.5.12\hystrix-core-1.5.12.jar;E:\nginx-1.14\maven_config\repository\org\hdrhistogram\HdrHistogram\2.1.9\HdrHistogram-2.1.9.jar;E:\nginx-1.14\maven_config\repository\io\github\openfeign\feign-java8\9.5.1\feign-java8-9.5.1.jar;E:\nginx-1.14\maven_config\repository\com\netflix\feign\feign-okhttp\8.18.0\feign-okhttp-8.18.0.jar;E:\nginx-1.14\maven_config\repository\com\netflix\feign\feign-core\8.18.0\feign-core-8.18.0.jar;E:\nginx-1.14\maven_config\repository\org\jvnet\animal-sniffer-annotation\1.0\animal-sniffer-annotation-1.0.jar;, user.name=ASUS, java.vm.specification.version=1.8, sun.java.command=C:\Users\ASUS\AppData\Local\Temp\surefire3031866665741347682\surefirebooter599786619540887596.jar C:\Users\ASUS\AppData\Local\Temp\surefire3031866665741347682 2020-03-05T20-54-34_681-jvmRun1 surefire5818495549436950457tmp surefire_01929371420490371881tmp, java.home=C:\Program Files\Java\jdk1.8.0_91\jre, sun.arch.data.model=64, user.language=zh, java.specification.vendor=Oracle Corporation, awt.toolkit=sun.awt.windows.WToolkit, java.vm.info=mixed mode, java.version=1.8.0_91, java.ext.dirs=C:\Program Files\Java\jdk1.8.0_91\jre\lib\ext;C:\WINDOWS\Sun\Java\lib\ext, sun.boot.class.path=C:\Program Files\Java\jdk1.8.0_91\jre\lib\resources.jar;C:\Program Files\Java\jdk1.8.0_91\jre\lib\rt.jar;C:\Program Files\Java\jdk1.8.0_91\jre\lib\sunrsasign.jar;C:\Program Files\Java\jdk1.8.0_91\jre\lib\jsse.jar;C:\Program Files\Java\jdk1.8.0_91\jre\lib\jce.jar;C:\Program Files\Java\jdk1.8.0_91\jre\lib\charsets.jar;C:\Program Files\Java\jdk1.8.0_91\jre\lib\jfr.jar;C:\Program Files\Java\jdk1.8.0_91\jre\classes, java.vendor=Oracle Corporation, localRepository=E:\nginx-1.14\maven_config\repository, file.separator=\, java.vendor.url.bug=http://bugreport.sun.com/bugreport/, sun.io.unicode.encoding=UnicodeLittle, sun.cpu.endian=little, sun.desktop=windows, sun.cpu.isalist=amd64}}, SystemEnvironmentPropertySource@1653844940 {name='systemEnvironment', properties={PATH=F:\app\ASUS\product\11.2.0\dbhome_1\bin;E:\maven\bin;E:\maven\apache-maven-3.6.1\bin;C:\Program Files (x86)\Intel\iCLS Client\;C:\Program Files\Intel\iCLS Client\;C:\Windows\system32;C:\Windows;C:\Windows\System32\Wbem;C:\Windows\System32\WindowsPowerShell\v1.0\;C:\Program Files (x86)\NVIDIA Corporation\PhysX\Common;C:\Program Files (x86)\Intel\Intel(R) Management Engine Components\DAL;C:\Program Files\Intel\Intel(R) Management Engine Components\DAL;C:\Program Files (x86)\Intel\Intel(R) Management Engine Components\IPT;C:\Program Files\Intel\Intel(R) Management Engine Components\IPT;C:\Program Files\Intel\WiFi\bin\;C:\Program Files\Common Files\Intel\WirelessCommon\;C:\WINDOWS\system32;C:\WINDOWS;C:\WINDOWS\System32\Wbem;C:\WINDOWS\System32\WindowsPowerShell\v1.0\;C:\WINDOWS\System32\OpenSSH\;C:\Program Files\MySQL\MySQL Server 5.5\bin;C:\Program Files\NVIDIA Corporation\NVIDIA NvDLISR;E:\Head\;E:\vue\visual\bin;C:\WINDOWS\system32;C:\WINDOWS;C:\WINDOWS\System32\Wbem;C:\WINDOWS\System32\WindowsPowerShell\v1.0\;C:\WINDOWS\System32\OpenSSH\;E:\Git\cmd;E:\ffmpeg\ffmpeg-20180227-fa0c9d6-win64-static\bin;C:\Users\ASUS\AppData\Local\Microsoft\WindowsApps;C:\Users\ASUS\AppData\Roaming\npm;E:\vue\bin;E:\vue\visual\bin;, USERDOMAIN_ROAMINGPROFILE=DESKTOP-LTOBJA5, PROCESSOR_LEVEL=6, SYSTEMDRIVE=C:, SESSIONNAME=Console, ALLUSERSPROFILE=C:\ProgramData, PROCESSOR_ARCHITECTURE=AMD64, DRIVERDATA=C:\Windows\System32\Drivers\DriverData, JRE_HOME=C:\Program Files\Java\jdk1.8.0_91\jre, =E:=E:\nginx-1.14\hdservicecode\hdservicecode\nm-service-manage-course, PROGRAMFILES=C:\Program Files, PSMODULEPATH=C:\Program Files\WindowsPowerShell\Modules;C:\WINDOWS\system32\WindowsPowerShell\v1.0\Modules, PROGRAMDATA=C:\ProgramData, USERNAME=ASUS, FPS_BROWSER_USER_PROFILE_STRING=Default, ONEDRIVE=C:\Users\ASUS\OneDrive, PATHEXT=.COM;.EXE;.BAT;.CMD;.VBS;.VBE;.JS;.JSE;.WSF;.WSH;.MSC, ONEDRIVECONSUMER=C:\Users\ASUS\OneDrive, WINDIR=C:\WINDOWS, =F:=F:\, HOMEPATH=\Users\ASUS, PROCESSOR_IDENTIFIER=Intel64 Family 6 Model 158 Stepping 9, GenuineIntel, PUBLIC=C:\Users\Public, =::=::\, LOCALAPPDATA=C:\Users\ASUS\AppData\Local, COMMONPROGRAMFILES(X86)=C:\Program Files (x86)\Common Files, USERDOMAIN=DESKTOP-LTOBJA5, FPS_BROWSER_APP_PROFILE_STRING=Internet Explorer, LOGONSERVER=\\DESKTOP-LTOBJA5, JAVA_HOME=C:\Program Files\Java\jdk1.8.0_91, PROMPT=$P$G, PROGRAMFILES(X86)=C:\Program Files (x86), ERLANG_HOME=E:\rabbit\erl9.2, APPDATA=C:\Users\ASUS\AppData\Roaming, PROGRAMW6432=C:\Program Files, SYSTEMROOT=C:\WINDOWS, NODE_PATH=E:\Head\node_global\node_modules, OS=Windows_NT, COMMONPROGRAMW6432=C:\Program Files\Common Files, COMPUTERNAME=DESKTOP-LTOBJA5, COMMONPROGRAMFILES=C:\Program Files\Common Files, COMSPEC=C:\WINDOWS\system32\cmd.exe, PROCESSOR_REVISION=9e09, CLASSPATH=.;C:\Program Files\Java\jdk1.8.0_91\lib\dt.jar;C:\Program Files\Java\jdk1.8.0_91\lib\tools.jar;, TEMP=C:\Users\ASUS\AppData\Local\Temp, HOMEDRIVE=C:, USERPROFILE=C:\Users\ASUS, TMP=C:\Users\ASUS\AppData\Local\Temp, NUMBER_OF_PROCESSORS=8}}]
20:54:39.018 [main] DEBUG org.springframework.core.io.support.PathMatchingResourcePatternResolver - Resolved classpath location [com/ningmeng/manage_course/dao/] to resources [URL [file:/E:/nginx-1.14/hdservicecode/hdservicecode/nm-service-manage-course/target/test-classes/com/ningmeng/manage_course/dao/], URL [file:/E:/nginx-1.14/hdservicecode/hdservicecode/nm-service-manage-course/target/classes/com/ningmeng/manage_course/dao/]]
20:54:39.019 [main] DEBUG org.springframework.core.io.support.PathMatchingResourcePatternResolver - Looking for matching resources in directory tree [E:\nginx-1.14\hdservicecode\hdservicecode\nm-service-manage-course\target\test-classes\com\ningmeng\manage_course\dao]
20:54:39.019 [main] DEBUG org.springframework.core.io.support.PathMatchingResourcePatternResolver - Searching directory [E:\nginx-1.14\hdservicecode\hdservicecode\nm-service-manage-course\target\test-classes\com\ningmeng\manage_course\dao] for files matching pattern [E:/nginx-1.14/hdservicecode/hdservicecode/nm-service-manage-course/target/test-classes/com/ningmeng/manage_course/dao/*.class]
20:54:39.024 [main] DEBUG org.springframework.core.io.support.PathMatchingResourcePatternResolver - Looking for matching resources in directory tree [E:\nginx-1.14\hdservicecode\hdservicecode\nm-service-manage-course\target\classes\com\ningmeng\manage_course\dao]
20:54:39.025 [main] DEBUG org.springframework.core.io.support.PathMatchingResourcePatternResolver - Searching directory [E:\nginx-1.14\hdservicecode\hdservicecode\nm-service-manage-course\target\classes\com\ningmeng\manage_course\dao] for files matching pattern [E:/nginx-1.14/hdservicecode/hdservicecode/nm-service-manage-course/target/classes/com/ningmeng/manage_course/dao/*.class]
20:54:39.028 [main] DEBUG org.springframework.core.io.support.PathMatchingResourcePatternResolver - Resolved location pattern [classpath*:com/ningmeng/manage_course/dao/*.class] to resources [file [E:\nginx-1.14\hdservicecode\hdservicecode\nm-service-manage-course\target\test-classes\com\ningmeng\manage_course\dao\FeignTest.class], file [E:\nginx-1.14\hdservicecode\hdservicecode\nm-service-manage-course\target\test-classes\com\ningmeng\manage_course\dao\TestDao.class], file [E:\nginx-1.14\hdservicecode\hdservicecode\nm-service-manage-course\target\classes\com\ningmeng\manage_course\dao\CategoryMapper.class], file [E:\nginx-1.14\hdservicecode\hdservicecode\nm-service-manage-course\target\classes\com\ningmeng\manage_course\dao\CourseBaseRepository.class], file [E:\nginx-1.14\hdservicecode\hdservicecode\nm-service-manage-course\target\classes\com\ningmeng\manage_course\dao\CourseMapper.class], file [E:\nginx-1.14\hdservicecode\hdservicecode\nm-service-manage-course\target\classes\com\ningmeng\manage_course\dao\CourseMarketRepository.class], file [E:\nginx-1.14\hdservicecode\hdservicecode\nm-service-manage-course\target\classes\com\ningmeng\manage_course\dao\CoursePicRepository.class], file [E:\nginx-1.14\hdservicecode\hdservicecode\nm-service-manage-course\target\classes\com\ningmeng\manage_course\dao\CoursePubRepository.class], file [E:\nginx-1.14\hdservicecode\hdservicecode\nm-service-manage-course\target\classes\com\ningmeng\manage_course\dao\TeachplanMapper.class], file [E:\nginx-1.14\hdservicecode\hdservicecode\nm-service-manage-course\target\classes\com\ningmeng\manage_course\dao\TeachplanRepository.class]]
20:54:39.079 [main] DEBUG org.springframework.core.io.support.PathMatchingResourcePatternResolver - Resolved classpath location [com/ningmeng/manage_course/] to resources [URL [file:/E:/nginx-1.14/hdservicecode/hdservicecode/nm-service-manage-course/target/test-classes/com/ningmeng/manage_course/], URL [file:/E:/nginx-1.14/hdservicecode/hdservicecode/nm-service-manage-course/target/classes/com/ningmeng/manage_course/]]
20:54:39.080 [main] DEBUG org.springframework.core.io.support.PathMatchingResourcePatternResolver - Looking for matching resources in directory tree [E:\nginx-1.14\hdservicecode\hdservicecode\nm-service-manage-course\target\test-classes\com\ningmeng\manage_course]
20:54:39.080 [main] DEBUG org.springframework.core.io.support.PathMatchingResourcePatternResolver - Searching directory [E:\nginx-1.14\hdservicecode\hdservicecode\nm-service-manage-course\target\test-classes\com\ningmeng\manage_course] for files matching pattern [E:/nginx-1.14/hdservicecode/hdservicecode/nm-service-manage-course/target/test-classes/com/ningmeng/manage_course/*.class]
20:54:39.081 [main] DEBUG org.springframework.core.io.support.PathMatchingResourcePatternResolver - Looking for matching resources in directory tree [E:\nginx-1.14\hdservicecode\hdservicecode\nm-service-manage-course\target\classes\com\ningmeng\manage_course]
20:54:39.081 [main] DEBUG org.springframework.core.io.support.PathMatchingResourcePatternResolver - Searching directory [E:\nginx-1.14\hdservicecode\hdservicecode\nm-service-manage-course\target\classes\com\ningmeng\manage_course] for files matching pattern [E:/nginx-1.14/hdservicecode/hdservicecode/nm-service-manage-course/target/classes/com/ningmeng/manage_course/*.class]
20:54:39.083 [main] DEBUG org.springframework.core.io.support.PathMatchingResourcePatternResolver - Resolved location pattern [classpath*:com/ningmeng/manage_course/*.class] to resources [file [E:\nginx-1.14\hdservicecode\hdservicecode\nm-service-manage-course\target\classes\com\ningmeng\manage_course\ManageCourseApplication.class]]
20:54:39.177 [main] DEBUG org.springframework.context.annotation.ClassPathScanningCandidateComponentProvider - Identified candidate component class: file [E:\nginx-1.14\hdservicecode\hdservicecode\nm-service-manage-course\target\classes\com\ningmeng\manage_course\ManageCourseApplication.class]
20:54:39.180 [main] INFO org.springframework.boot.test.context.SpringBootTestContextBootstrapper - Found @SpringBootConfiguration com.ningmeng.manage_course.ManageCourseApplication for test class com.ningmeng.manage_course.dao.FeignTest
20:54:39.393 [main] DEBUG org.springframework.boot.test.context.SpringBootTestContextBootstrapper - @TestExecutionListeners is not present for class [com.ningmeng.manage_course.dao.FeignTest]: using defaults.
20:54:39.393 [main] INFO org.springframework.boot.test.context.SpringBootTestContextBootstrapper - Loaded default TestExecutionListener class names from location [META-INF/spring.factories]: [org.springframework.boot.test.mock.mockito.MockitoTestExecutionListener, org.springframework.boot.test.mock.mockito.ResetMocksTestExecutionListener, org.springframework.boot.test.autoconfigure.restdocs.RestDocsTestExecutionListener, org.springframework.boot.test.autoconfigure.web.client.MockRestServiceServerResetTestExecutionListener, org.springframework.boot.test.autoconfigure.web.servlet.MockMvcPrintOnlyOnFailureTestExecutionListener, org.springframework.boot.test.autoconfigure.web.servlet.WebDriverTestExecutionListener, org.springframework.test.context.web.ServletTestExecutionListener, org.springframework.test.context.support.DirtiesContextBeforeModesTestExecutionListener, org.springframework.test.context.support.DependencyInjectionTestExecutionListener, org.springframework.test.context.support.DirtiesContextTestExecutionListener, org.springframework.test.context.transaction.TransactionalTestExecutionListener, org.springframework.test.context.jdbc.SqlScriptsTestExecutionListener]
20:54:39.441 [main] INFO org.springframework.boot.test.context.SpringBootTestContextBootstrapper - Using TestExecutionListeners: [org.springframework.test.context.web.ServletTestExecutionListener@47e2e487, org.springframework.test.context.support.DirtiesContextBeforeModesTestExecutionListener@201a4587, org.springframework.boot.test.mock.mockito.MockitoTestExecutionListener@61001b64, org.springframework.boot.test.autoconfigure.SpringBootDependencyInjectionTestExecutionListener@4310d43, org.springframework.test.context.support.DirtiesContextTestExecutionListener@54a7079e, org.springframework.test.context.transaction.TransactionalTestExecutionListener@26e356f0, org.springframework.test.context.jdbc.SqlScriptsTestExecutionListener@47d9a273, org.springframework.boot.test.mock.mockito.ResetMocksTestExecutionListener@4b8ee4de, org.springframework.boot.test.autoconfigure.restdocs.RestDocsTestExecutionListener@27f981c6, org.springframework.boot.test.autoconfigure.web.client.MockRestServiceServerResetTestExecutionListener@1b11171f, org.springframework.boot.test.autoconfigure.web.servlet.MockMvcPrintOnlyOnFailureTestExecutionListener@1151e434, org.springframework.boot.test.autoconfigure.web.servlet.WebDriverTestExecutionListener@2dc54ad4]
20:54:39.443 [main] DEBUG org.springframework.test.annotation.ProfileValueUtils - Retrieved @ProfileValueSourceConfiguration [null] for test class [com.ningmeng.manage_course.dao.FeignTest]
20:54:39.444 [main] DEBUG org.springframework.test.annotation.ProfileValueUtils - Retrieved ProfileValueSource type [class org.springframework.test.annotation.SystemProfileValueSource] for class [com.ningmeng.manage_course.dao.FeignTest]
20:54:39.445 [main] DEBUG org.springframework.test.annotation.ProfileValueUtils - Retrieved @ProfileValueSourceConfiguration [null] for test class [com.ningmeng.manage_course.dao.FeignTest]
20:54:39.446 [main] DEBUG org.springframework.test.annotation.ProfileValueUtils - Retrieved ProfileValueSource type [class org.springframework.test.annotation.SystemProfileValueSource] for class [com.ningmeng.manage_course.dao.FeignTest]
20:54:39.447 [main] DEBUG org.springframework.test.annotation.ProfileValueUtils - Retrieved @ProfileValueSourceConfiguration [null] for test class [com.ningmeng.manage_course.dao.FeignTest]
20:54:39.447 [main] DEBUG org.springframework.test.annotation.ProfileValueUtils - Retrieved ProfileValueSource type [class org.springframework.test.annotation.SystemProfileValueSource] for class [com.ningmeng.manage_course.dao.FeignTest]
20:54:39.451 [main] DEBUG org.springframework.test.context.support.AbstractDirtiesContextTestExecutionListener - Before test class: context [DefaultTestContext@60bd273d testClass = FeignTest, testInstance = [null], testMethod = [null], testException = [null], mergedContextConfiguration = [WebMergedContextConfiguration@121314f7 testClass = FeignTest, locations = '{}', classes = '{class com.ningmeng.manage_course.ManageCourseApplication}', contextInitializerClasses = '[]', activeProfiles = '{}', propertySourceLocations = '{}', propertySourceProperties = '{org.springframework.boot.test.context.SpringBootTestContextBootstrapper=true}', contextCustomizers = set[org.springframework.boot.test.context.filter.ExcludeFilterContextCustomizer@55a1c291, org.springframework.boot.test.json.DuplicateJsonObjectContextCustomizerFactory$DuplicateJsonObjectContextCustomizer@40e6dfe1, org.springframework.boot.test.mock.mockito.MockitoContextCustomizer@0, org.springframework.boot.test.web.client.TestRestTemplateContextCustomizer@50a7bc6e, org.springframework.boot.test.autoconfigure.properties.PropertyMappingContextCustomizer@0, org.springframework.boot.test.autoconfigure.web.servlet.WebDriverContextCustomizerFactory$Customizer@475e586c], resourceBasePath = 'src/main/webapp', contextLoader = 'org.springframework.boot.test.context.SpringBootContextLoader', parent = [null]], attributes = map['org.springframework.test.context.web.ServletTestExecutionListener.activateListener' -> true]], class annotated with @DirtiesContext [false] with mode [null].
20:54:39.452 [main] DEBUG org.springframework.test.annotation.ProfileValueUtils - Retrieved @ProfileValueSourceConfiguration [null] for test class [com.ningmeng.manage_course.dao.FeignTest]
20:54:39.452 [main] DEBUG org.springframework.test.annotation.ProfileValueUtils - Retrieved ProfileValueSource type [class org.springframework.test.annotation.SystemProfileValueSource] for class [com.ningmeng.manage_course.dao.FeignTest]
20:54:39.482 [main] DEBUG org.springframework.core.env.StandardEnvironment - Adding PropertySource 'systemProperties' with lowest search precedence
20:54:39.482 [main] DEBUG org.springframework.core.env.StandardEnvironment - Adding PropertySource 'systemEnvironment' with lowest search precedence
20:54:39.483 [main] DEBUG org.springframework.core.env.StandardEnvironment - Initialized StandardEnvironment with PropertySources [MapPropertySource@1959910454 {name='systemProperties', properties={idea.version=2017.1.2, java.runtime.name=Java(TM) SE Runtime Environment, sun.boot.library.path=C:\Program Files\Java\jdk1.8.0_91\jre\bin, java.vm.version=25.91-b14, java.vm.vendor=Oracle Corporation, java.vendor.url=http://java.oracle.com/, path.separator=;, java.vm.name=Java HotSpot(TM) 64-Bit Server VM, file.encoding.pkg=sun.io, user.country=CN, user.script=, sun.java.launcher=SUN_STANDARD, sun.os.patch.level=, java.vm.specification.name=Java Virtual Machine Specification, user.dir=E:\nginx-1.14\hdservicecode\hdservicecode\nm-service-manage-course, java.runtime.version=1.8.0_91-b14, basedir=E:\nginx-1.14\hdservicecode\hdservicecode\nm-service-manage-course, java.awt.graphicsenv=sun.awt.Win32GraphicsEnvironment, java.endorsed.dirs=C:\Program Files\Java\jdk1.8.0_91\jre\lib\endorsed, os.arch=amd64, surefire.real.class.path=C:\Users\ASUS\AppData\Local\Temp\surefire3031866665741347682\surefirebooter599786619540887596.jar, java.io.tmpdir=C:\Users\ASUS\AppData\Local\Temp\, line.separator=
, java.vm.specification.vendor=Oracle Corporation, user.variant=, os.name=Windows 10, sun.jnu.encoding=GBK, java.library.path=C:\Program Files\Java\jdk1.8.0_91\jre\bin;C:\WINDOWS\Sun\Java\bin;C:\WINDOWS\system32;C:\WINDOWS;F:\app\ASUS\product\11.2.0\dbhome_1\bin;E:\maven\bin;E:\maven\apache-maven-3.6.1\bin;C:\Program Files (x86)\Intel\iCLS Client\;C:\Program Files\Intel\iCLS Client\;C:\Windows\system32;C:\Windows;C:\Windows\System32\Wbem;C:\Windows\System32\WindowsPowerShell\v1.0\;C:\Program Files (x86)\NVIDIA Corporation\PhysX\Common;C:\Program Files (x86)\Intel\Intel(R) Management Engine Components\DAL;C:\Program Files\Intel\Intel(R) Management Engine Components\DAL;C:\Program Files (x86)\Intel\Intel(R) Management Engine Components\IPT;C:\Program Files\Intel\Intel(R) Management Engine Components\IPT;C:\Program Files\Intel\WiFi\bin\;C:\Program Files\Common Files\Intel\WirelessCommon\;C:\WINDOWS\system32;C:\WINDOWS;C:\WINDOWS\System32\Wbem;C:\WINDOWS\System32\WindowsPowerShell\v1.0\;C:\WINDOWS\System32\OpenSSH\;C:\Program Files\MySQL\MySQL Server 5.5\bin;C:\Program Files\NVIDIA Corporation\NVIDIA NvDLISR;E:\Head\;E:\vue\visual\bin;C:\WINDOWS\system32;C:\WINDOWS;C:\WINDOWS\System32\Wbem;C:\WINDOWS\System32\WindowsPowerShell\v1.0\;C:\WINDOWS\System32\OpenSSH\;E:\Git\cmd;E:\ffmpeg\ffmpeg-20180227-fa0c9d6-win64-static\bin;C:\Users\ASUS\AppData\Local\Microsoft\WindowsApps;C:\Users\ASUS\AppData\Roaming\npm;E:\vue\bin;E:\vue\visual\bin;;., surefire.test.class.path=E:\nginx-1.14\hdservicecode\hdservicecode\nm-service-manage-course\target\test-classes;E:\nginx-1.14\hdservicecode\hdservicecode\nm-service-manage-course\target\classes;E:\nginx-1.14\hdservicecode\hdservicecode\nm-service-api\target\nm-service-api.jar;E:\nginx-1.14\maven_config\repository\commons-fileupload\commons-fileupload\1.3.3\commons-fileupload-1.3.3.jar;E:\nginx-1.14\maven_config\repository\io\springfox\springfox-swagger2\2.7.0\springfox-swagger2-2.7.0.jar;E:\nginx-1.14\maven_config\repository\io\swagger\swagger-annotations\1.5.13\swagger-annotations-1.5.13.jar;E:\nginx-1.14\maven_config\repository\io\swagger\swagger-models\1.5.13\swagger-models-1.5.13.jar;E:\nginx-1.14\maven_config\repository\io\springfox\springfox-spi\2.7.0\springfox-spi-2.7.0.jar;E:\nginx-1.14\maven_config\repository\io\springfox\springfox-core\2.7.0\springfox-core-2.7.0.jar;E:\nginx-1.14\maven_config\repository\io\springfox\springfox-schema\2.7.0\springfox-schema-2.7.0.jar;E:\nginx-1.14\maven_config\repository\io\springfox\springfox-swagger-common\2.7.0\springfox-swagger-common-2.7.0.jar;E:\nginx-1.14\maven_config\repository\io\springfox\springfox-spring-web\2.7.0\springfox-spring-web-2.7.0.jar;E:\nginx-1.14\maven_config\repository\org\reflections\reflections\0.9.11\reflections-0.9.11.jar;E:\nginx-1.14\maven_config\repository\com\fasterxml\classmate\1.3.4\classmate-1.3.4.jar;E:\nginx-1.14\maven_config\repository\org\springframework\plugin\spring-plugin-core\1.2.0.RELEASE\spring-plugin-core-1.2.0.RELEASE.jar;E:\nginx-1.14\maven_config\repository\org\springframework\plugin\spring-plugin-metadata\1.2.0.RELEASE\spring-plugin-metadata-1.2.0.RELEASE.jar;E:\nginx-1.14\maven_config\repository\org\mapstruct\mapstruct\1.1.0.Final\mapstruct-1.1.0.Final.jar;E:\nginx-1.14\maven_config\repository\io\springfox\springfox-swagger-ui\2.7.0\springfox-swagger-ui-2.7.0.jar;E:\nginx-1.14\hdservicecode\hdservicecode\nm-framework-model\target\nm-framework-model.jar;E:\nginx-1.14\maven_config\repository\org\projectlombok\lombok\1.16.16\lombok-1.16.16.jar;E:\nginx-1.14\maven_config\repository\org\springframework\data\spring-data-commons\2.0.6.RELEASE\spring-data-commons-2.0.6.RELEASE.jar;E:\nginx-1.14\maven_config\repository\org\springframework\data\spring-data-mongodb\2.0.6.RELEASE\spring-data-mongodb-2.0.6.RELEASE.jar;E:\nginx-1.14\maven_config\repository\org\springframework\spring-context\5.0.5.RELEASE\spring-context-5.0.5.RELEASE.jar;E:\nginx-1.14\maven_config\repository\org\springframework\spring-expression\5.0.5.RELEASE\spring-expression-5.0.5.RELEASE.jar;E:\nginx-1.14\maven_config\repository\org\mongodb\mongo-java-driver\3.6.3\mongo-java-driver-3.6.3.jar;E:\nginx-1.14\maven_config\repository\org\hibernate\hibernate-core\5.2.16.Final\hibernate-core-5.2.16.Final.jar;E:\nginx-1.14\maven_config\repository\org\jboss\logging\jboss-logging\3.3.2.Final\jboss-logging-3.3.2.Final.jar;E:\nginx-1.14\maven_config\repository\org\hibernate\javax\persistence\hibernate-jpa-2.1-api\1.0.0.Final\hibernate-jpa-2.1-api-1.0.0.Final.jar;E:\nginx-1.14\maven_config\repository\org\javassist\javassist\3.22.0-GA\javassist-3.22.0-GA.jar;E:\nginx-1.14\maven_config\repository\antlr\antlr\2.7.7\antlr-2.7.7.jar;E:\nginx-1.14\maven_config\repository\org\jboss\spec\javax\transaction\jboss-transaction-api_1.2_spec\1.0.1.Final\jboss-transaction-api_1.2_spec-1.0.1.Final.jar;E:\nginx-1.14\maven_config\repository\org\jboss\jandex\2.0.3.Final\jandex-2.0.3.Final.jar;E:\nginx-1.14\maven_config\repository\dom4j\dom4j\1.6.1\dom4j-1.6.1.jar;E:\nginx-1.14\maven_config\repository\org\hibernate\common\hibernate-commons-annotations\5.0.1.Final\hibernate-commons-annotations-5.0.1.Final.jar;E:\nginx-1.14\maven_config\repository\com\google\guava\guava\24.0-jre\guava-24.0-jre.jar;E:\nginx-1.14\maven_config\repository\com\google\code\findbugs\jsr305\1.3.9\jsr305-1.3.9.jar;E:\nginx-1.14\maven_config\repository\org\checkerframework\checker-compat-qual\2.0.0\checker-compat-qual-2.0.0.jar;E:\nginx-1.14\maven_config\repository\com\google\errorprone\error_prone_annotations\2.1.3\error_prone_annotations-2.1.3.jar;E:\nginx-1.14\maven_config\repository\com\google\j2objc\j2objc-annotations\1.1\j2objc-annotations-1.1.jar;E:\nginx-1.14\maven_config\repository\org\codehaus\mojo\animal-sniffer-annotations\1.14\animal-sniffer-annotations-1.14.jar;E:\nginx-1.14\hdservicecode\hdservicecode\nm-framework-utils\target\nm-framework-utils.jar;E:\nginx-1.14\maven_config\repository\javax\servlet\javax.servlet-api\3.1.0\javax.servlet-api-3.1.0.jar;E:\nginx-1.14\maven_config\repository\org\springframework\boot\spring-boot-starter-logging\2.0.1.RELEASE\spring-boot-starter-logging-2.0.1.RELEASE.jar;E:\nginx-1.14\maven_config\repository\ch\qos\logback\logback-classic\1.2.3\logback-classic-1.2.3.jar;E:\nginx-1.14\maven_config\repository\ch\qos\logback\logback-core\1.2.3\logback-core-1.2.3.jar;E:\nginx-1.14\maven_config\repository\org\apache\logging\log4j\log4j-to-slf4j\2.10.0\log4j-to-slf4j-2.10.0.jar;E:\nginx-1.14\maven_config\repository\org\apache\logging\log4j\log4j-api\2.10.0\log4j-api-2.10.0.jar;E:\nginx-1.14\maven_config\repository\org\slf4j\jul-to-slf4j\1.7.25\jul-to-slf4j-1.7.25.jar;E:\nginx-1.14\maven_config\repository\org\apache\httpcomponents\httpclient\4.5.5\httpclient-4.5.5.jar;E:\nginx-1.14\maven_config\repository\org\apache\httpcomponents\httpcore\4.4.9\httpcore-4.4.9.jar;E:\nginx-1.14\maven_config\repository\commons-codec\commons-codec\1.10\commons-codec-1.10.jar;E:\nginx-1.14\maven_config\repository\net\lingala\zip4j\zip4j\1.3.1\zip4j-1.3.1.jar;E:\nginx-1.14\maven_config\repository\org\springframework\security\spring-security-crypto\5.0.4.RELEASE\spring-security-crypto-5.0.4.RELEASE.jar;E:\nginx-1.14\maven_config\repository\org\springframework\security\spring-security-jwt\1.0.8.RELEASE\spring-security-jwt-1.0.8.RELEASE.jar;E:\nginx-1.14\maven_config\repository\org\bouncycastle\bcpkix-jdk15on\1.56\bcpkix-jdk15on-1.56.jar;E:\nginx-1.14\maven_config\repository\org\bouncycastle\bcprov-jdk15on\1.56\bcprov-jdk15on-1.56.jar;E:\nginx-1.14\hdservicecode\hdservicecode\nm-framework-common\target\nm-framework-common.jar;E:\nginx-1.14\maven_config\repository\org\springframework\spring-web\5.0.5.RELEASE\spring-web-5.0.5.RELEASE.jar;E:\nginx-1.14\maven_config\repository\org\springframework\boot\spring-boot-starter-web\2.0.1.RELEASE\spring-boot-starter-web-2.0.1.RELEASE.jar;E:\nginx-1.14\maven_config\repository\org\springframework\boot\spring-boot-starter\2.0.1.RELEASE\spring-boot-starter-2.0.1.RELEASE.jar;E:\nginx-1.14\maven_config\repository\org\springframework\boot\spring-boot\2.0.1.RELEASE\spring-boot-2.0.1.RELEASE.jar;E:\nginx-1.14\maven_config\repository\javax\annotation\javax.annotation-api\1.3.2\javax.annotation-api-1.3.2.jar;E:\nginx-1.14\maven_config\repository\org\yaml\snakeyaml\1.19\snakeyaml-1.19.jar;E:\nginx-1.14\maven_config\repository\org\springframework\boot\spring-boot-starter-json\2.0.1.RELEASE\spring-boot-starter-json-2.0.1.RELEASE.jar;E:\nginx-1.14\maven_config\repository\com\fasterxml\jackson\core\jackson-databind\2.9.5\jackson-databind-2.9.5.jar;E:\nginx-1.14\maven_config\repository\com\fasterxml\jackson\datatype\jackson-datatype-jdk8\2.9.5\jackson-datatype-jdk8-2.9.5.jar;E:\nginx-1.14\maven_config\repository\com\fasterxml\jackson\datatype\jackson-datatype-jsr310\2.9.5\jackson-datatype-jsr310-2.9.5.jar;E:\nginx-1.14\maven_config\repository\com\fasterxml\jackson\module\jackson-module-parameter-names\2.9.5\jackson-module-parameter-names-2.9.5.jar;E:\nginx-1.14\maven_config\repository\org\springframework\boot\spring-boot-starter-tomcat\2.0.1.RELEASE\spring-boot-starter-tomcat-2.0.1.RELEASE.jar;E:\nginx-1.14\maven_config\repository\org\apache\tomcat\embed\tomcat-embed-core\8.5.28\tomcat-embed-core-8.5.28.jar;E:\nginx-1.14\maven_config\repository\org\apache\tomcat\embed\tomcat-embed-el\8.5.28\tomcat-embed-el-8.5.28.jar;E:\nginx-1.14\maven_config\repository\org\apache\tomcat\embed\tomcat-embed-websocket\8.5.28\tomcat-embed-websocket-8.5.28.jar;E:\nginx-1.14\maven_config\repository\org\hibernate\validator\hibernate-validator\6.0.9.Final\hibernate-validator-6.0.9.Final.jar;E:\nginx-1.14\maven_config\repository\javax\validation\validation-api\2.0.1.Final\validation-api-2.0.1.Final.jar;E:\nginx-1.14\maven_config\repository\org\springframework\spring-webmvc\5.0.5.RELEASE\spring-webmvc-5.0.5.RELEASE.jar;E:\nginx-1.14\maven_config\repository\org\springframework\spring-aop\5.0.5.RELEASE\spring-aop-5.0.5.RELEASE.jar;E:\nginx-1.14\maven_config\repository\mysql\mysql-connector-java\5.1.40\mysql-connector-java-5.1.40.jar;E:\nginx-1.14\maven_config\repository\com\alibaba\druid-spring-boot-starter\1.1.10\druid-spring-boot-starter-1.1.10.jar;E:\nginx-1.14\maven_config\repository\com\alibaba\druid\1.1.6\druid-1.1.6.jar;E:\nginx-1.14\maven_config\repository\org\slf4j\slf4j-api\1.7.25\slf4j-api-1.7.25.jar;E:\nginx-1.14\maven_config\repository\org\springframework\boot\spring-boot-autoconfigure\2.0.1.RELEASE\spring-boot-autoconfigure-2.0.1.RELEASE.jar;E:\nginx-1.14\maven_config\repository\org\mybatis\spring\boot\mybatis-spring-boot-starter\1.3.1\mybatis-spring-boot-starter-1.3.1.jar;E:\nginx-1.14\maven_config\repository\org\springframework\boot\spring-boot-starter-jdbc\2.0.1.RELEASE\spring-boot-starter-jdbc-2.0.1.RELEASE.jar;E:\nginx-1.14\maven_config\repository\com\zaxxer\HikariCP\2.7.8\HikariCP-2.7.8.jar;E:\nginx-1.14\maven_config\repository\org\mybatis\spring\boot\mybatis-spring-boot-autoconfigure\1.3.1\mybatis-spring-boot-autoconfigure-1.3.1.jar;E:\nginx-1.14\maven_config\repository\org\mybatis\mybatis\3.4.5\mybatis-3.4.5.jar;E:\nginx-1.14\maven_config\repository\org\mybatis\mybatis-spring\1.3.1\mybatis-spring-1.3.1.jar;E:\nginx-1.14\maven_config\repository\org\springframework\spring-orm\5.0.5.RELEASE\spring-orm-5.0.5.RELEASE.jar;E:\nginx-1.14\maven_config\repository\org\springframework\spring-beans\5.0.5.RELEASE\spring-beans-5.0.5.RELEASE.jar;E:\nginx-1.14\maven_config\repository\org\springframework\spring-core\5.0.5.RELEASE\spring-core-5.0.5.RELEASE.jar;E:\nginx-1.14\maven_config\repository\org\springframework\spring-jcl\5.0.5.RELEASE\spring-jcl-5.0.5.RELEASE.jar;E:\nginx-1.14\maven_config\repository\org\springframework\spring-jdbc\5.0.5.RELEASE\spring-jdbc-5.0.5.RELEASE.jar;E:\nginx-1.14\maven_config\repository\org\springframework\spring-tx\5.0.5.RELEASE\spring-tx-5.0.5.RELEASE.jar;E:\nginx-1.14\maven_config\repository\org\springframework\boot\spring-boot-starter-data-jpa\2.0.1.RELEASE\spring-boot-starter-data-jpa-2.0.1.RELEASE.jar;E:\nginx-1.14\maven_config\repository\org\springframework\boot\spring-boot-starter-aop\2.0.1.RELEASE\spring-boot-starter-aop-2.0.1.RELEASE.jar;E:\nginx-1.14\maven_config\repository\org\aspectj\aspectjweaver\1.8.13\aspectjweaver-1.8.13.jar;E:\nginx-1.14\maven_config\repository\javax\transaction\javax.transaction-api\1.2\javax.transaction-api-1.2.jar;E:\nginx-1.14\maven_config\repository\org\springframework\data\spring-data-jpa\2.0.6.RELEASE\spring-data-jpa-2.0.6.RELEASE.jar;E:\nginx-1.14\maven_config\repository\org\springframework\spring-aspects\5.0.5.RELEASE\spring-aspects-5.0.5.RELEASE.jar;E:\nginx-1.14\maven_config\repository\com\squareup\okhttp3\okhttp\3.9.1\okhttp-3.9.1.jar;E:\nginx-1.14\maven_config\repository\com\squareup\okio\okio\1.13.0\okio-1.13.0.jar;E:\nginx-1.14\maven_config\repository\com\alibaba\fastjson\1.2.30\fastjson-1.2.30.jar;E:\nginx-1.14\maven_config\repository\commons-io\commons-io\2.6\commons-io-2.6.jar;E:\nginx-1.14\maven_config\repository\org\apache\commons\commons-lang3\3.6\commons-lang3-3.6.jar;E:\nginx-1.14\maven_config\repository\org\springframework\boot\spring-boot-starter-test\2.0.1.RELEASE\spring-boot-starter-test-2.0.1.RELEASE.jar;E:\nginx-1.14\maven_config\repository\org\springframework\boot\spring-boot-test\2.0.1.RELEASE\spring-boot-test-2.0.1.RELEASE.jar;E:\nginx-1.14\maven_config\repository\org\springframework\boot\spring-boot-test-autoconfigure\2.0.1.RELEASE\spring-boot-test-autoconfigure-2.0.1.RELEASE.jar;E:\nginx-1.14\maven_config\repository\com\jayway\jsonpath\json-path\2.4.0\json-path-2.4.0.jar;E:\nginx-1.14\maven_config\repository\net\minidev\json-smart\2.3\json-smart-2.3.jar;E:\nginx-1.14\maven_config\repository\net\minidev\accessors-smart\1.2\accessors-smart-1.2.jar;E:\nginx-1.14\maven_config\repository\org\ow2\asm\asm\5.0.4\asm-5.0.4.jar;E:\nginx-1.14\maven_config\repository\junit\junit\4.12\junit-4.12.jar;E:\nginx-1.14\maven_config\repository\org\assertj\assertj-core\3.9.1\assertj-core-3.9.1.jar;E:\nginx-1.14\maven_config\repository\org\mockito\mockito-core\2.15.0\mockito-core-2.15.0.jar;E:\nginx-1.14\maven_config\repository\net\bytebuddy\byte-buddy\1.7.11\byte-buddy-1.7.11.jar;E:\nginx-1.14\maven_config\repository\net\bytebuddy\byte-buddy-agent\1.7.11\byte-buddy-agent-1.7.11.jar;E:\nginx-1.14\maven_config\repository\org\objenesis\objenesis\2.6\objenesis-2.6.jar;E:\nginx-1.14\maven_config\repository\org\hamcrest\hamcrest-core\1.3\hamcrest-core-1.3.jar;E:\nginx-1.14\maven_config\repository\org\hamcrest\hamcrest-library\1.3\hamcrest-library-1.3.jar;E:\nginx-1.14\maven_config\repository\org\skyscreamer\jsonassert\1.5.0\jsonassert-1.5.0.jar;E:\nginx-1.14\maven_config\repository\com\vaadin\external\google\android-json\0.0.20131108.vaadin1\android-json-0.0.20131108.vaadin1.jar;E:\nginx-1.14\maven_config\repository\org\springframework\spring-test\5.0.5.RELEASE\spring-test-5.0.5.RELEASE.jar;E:\nginx-1.14\maven_config\repository\org\xmlunit\xmlunit-core\2.5.1\xmlunit-core-2.5.1.jar;E:\nginx-1.14\maven_config\repository\com\github\pagehelper\pagehelper-spring-boot-starter\1.2.4\pagehelper-spring-boot-starter-1.2.4.jar;E:\nginx-1.14\maven_config\repository\com\github\pagehelper\pagehelper-spring-boot-autoconfigure\1.2.4\pagehelper-spring-boot-autoconfigure-1.2.4.jar;E:\nginx-1.14\maven_config\repository\com\github\pagehelper\pagehelper\5.1.3\pagehelper-5.1.3.jar;E:\nginx-1.14\maven_config\repository\com\github\jsqlparser\jsqlparser\1.0\jsqlparser-1.0.jar;E:\nginx-1.14\maven_config\repository\org\springframework\cloud\spring-cloud-starter-netflix-eureka-client\2.0.1.RELEASE\spring-cloud-starter-netflix-eureka-client-2.0.1.RELEASE.jar;E:\nginx-1.14\maven_config\repository\org\springframework\cloud\spring-cloud-starter\2.0.1.RELEASE\spring-cloud-starter-2.0.1.RELEASE.jar;E:\nginx-1.14\maven_config\repository\org\springframework\cloud\spring-cloud-context\2.0.1.RELEASE\spring-cloud-context-2.0.1.RELEASE.jar;E:\nginx-1.14\maven_config\repository\org\springframework\security\spring-security-rsa\1.0.5.RELEASE\spring-security-rsa-1.0.5.RELEASE.jar;E:\nginx-1.14\maven_config\repository\org\springframework\cloud\spring-cloud-netflix-core\2.0.1.RELEASE\spring-cloud-netflix-core-2.0.1.RELEASE.jar;E:\nginx-1.14\maven_config\repository\org\springframework\cloud\spring-cloud-netflix-eureka-client\2.0.1.RELEASE\spring-cloud-netflix-eureka-client-2.0.1.RELEASE.jar;E:\nginx-1.14\maven_config\repository\com\netflix\eureka\eureka-client\1.9.3\eureka-client-1.9.3.jar;E:\nginx-1.14\maven_config\repository\org\codehaus\jettison\jettison\1.3.7\jettison-1.3.7.jar;E:\nginx-1.14\maven_config\repository\stax\stax-api\1.0.1\stax-api-1.0.1.jar;E:\nginx-1.14\maven_config\repository\com\netflix\netflix-commons\netflix-eventbus\0.3.0\netflix-eventbus-0.3.0.jar;E:\nginx-1.14\maven_config\repository\com\netflix\netflix-commons\netflix-infix\0.3.0\netflix-infix-0.3.0.jar;E:\nginx-1.14\maven_config\repository\commons-jxpath\commons-jxpath\1.3\commons-jxpath-1.3.jar;E:\nginx-1.14\maven_config\repository\joda-time\joda-time\2.9.9\joda-time-2.9.9.jar;E:\nginx-1.14\maven_config\repository\org\antlr\antlr-runtime\3.4\antlr-runtime-3.4.jar;E:\nginx-1.14\maven_config\repository\org\antlr\stringtemplate\3.2.1\stringtemplate-3.2.1.jar;E:\nginx-1.14\maven_config\repository\com\google\code\gson\gson\2.8.2\gson-2.8.2.jar;E:\nginx-1.14\maven_config\repository\org\apache\commons\commons-math\2.2\commons-math-2.2.jar;E:\nginx-1.14\maven_config\repository\com\netflix\archaius\archaius-core\0.7.6\archaius-core-0.7.6.jar;E:\nginx-1.14\maven_config\repository\javax\ws\rs\jsr311-api\1.1.1\jsr311-api-1.1.1.jar;E:\nginx-1.14\maven_config\repository\com\netflix\servo\servo-core\0.12.21\servo-core-0.12.21.jar;E:\nginx-1.14\maven_config\repository\com\sun\jersey\jersey-core\1.19.1\jersey-core-1.19.1.jar;E:\nginx-1.14\maven_config\repository\com\sun\jersey\jersey-client\1.19.1\jersey-client-1.19.1.jar;E:\nginx-1.14\maven_config\repository\com\sun\jersey\contribs\jersey-apache-client4\1.19.1\jersey-apache-client4-1.19.1.jar;E:\nginx-1.14\maven_config\repository\com\google\inject\guice\4.1.0\guice-4.1.0.jar;E:\nginx-1.14\maven_config\repository\javax\inject\javax.inject\1\javax.inject-1.jar;E:\nginx-1.14\maven_config\repository\aopalliance\aopalliance\1.0\aopalliance-1.0.jar;E:\nginx-1.14\maven_config\repository\com\github\vlsi\compactmap\compactmap\1.2.1\compactmap-1.2.1.jar;E:\nginx-1.14\maven_config\repository\com\github\andrewoma\dexx\dexx-collections\0.2\dexx-collections-0.2.jar;E:\nginx-1.14\maven_config\repository\com\fasterxml\jackson\core\jackson-annotations\2.9.0\jackson-annotations-2.9.0.jar;E:\nginx-1.14\maven_config\repository\com\fasterxml\jackson\core\jackson-core\2.9.5\jackson-core-2.9.5.jar;E:\nginx-1.14\maven_config\repository\com\netflix\eureka\eureka-core\1.9.3\eureka-core-1.9.3.jar;E:\nginx-1.14\maven_config\repository\org\codehaus\woodstox\woodstox-core-asl\4.4.1\woodstox-core-asl-4.4.1.jar;E:\nginx-1.14\maven_config\repository\javax\xml\stream\stax-api\1.0-2\stax-api-1.0-2.jar;E:\nginx-1.14\maven_config\repository\org\codehaus\woodstox\stax2-api\3.1.4\stax2-api-3.1.4.jar;E:\nginx-1.14\maven_config\repository\org\springframework\cloud\spring-cloud-starter-netflix-archaius\2.0.1.RELEASE\spring-cloud-starter-netflix-archaius-2.0.1.RELEASE.jar;E:\nginx-1.14\maven_config\repository\org\springframework\cloud\spring-cloud-netflix-ribbon\2.0.1.RELEASE\spring-cloud-netflix-ribbon-2.0.1.RELEASE.jar;E:\nginx-1.14\maven_config\repository\org\springframework\cloud\spring-cloud-netflix-archaius\2.0.1.RELEASE\spring-cloud-netflix-archaius-2.0.1.RELEASE.jar;E:\nginx-1.14\maven_config\repository\commons-configuration\commons-configuration\1.8\commons-configuration-1.8.jar;E:\nginx-1.14\maven_config\repository\commons-lang\commons-lang\2.6\commons-lang-2.6.jar;E:\nginx-1.14\maven_config\repository\org\springframework\cloud\spring-cloud-starter-netflix-ribbon\2.0.1.RELEASE\spring-cloud-starter-netflix-ribbon-2.0.1.RELEASE.jar;E:\nginx-1.14\maven_config\repository\com\netflix\ribbon\ribbon\2.2.5\ribbon-2.2.5.jar;E:\nginx-1.14\maven_config\repository\com\netflix\ribbon\ribbon-transport\2.2.5\ribbon-transport-2.2.5.jar;E:\nginx-1.14\maven_config\repository\io\reactivex\rxnetty-contexts\0.4.9\rxnetty-contexts-0.4.9.jar;E:\nginx-1.14\maven_config\repository\io\reactivex\rxnetty-servo\0.4.9\rxnetty-servo-0.4.9.jar;E:\nginx-1.14\maven_config\repository\io\reactivex\rxnetty\0.4.9\rxnetty-0.4.9.jar;E:\nginx-1.14\maven_config\repository\io\netty\netty-codec-http\4.1.23.Final\netty-codec-http-4.1.23.Final.jar;E:\nginx-1.14\maven_config\repository\io\netty\netty-codec\4.1.23.Final\netty-codec-4.1.23.Final.jar;E:\nginx-1.14\maven_config\repository\io\netty\netty-transport-native-epoll\4.1.23.Final\netty-transport-native-epoll-4.1.23.Final.jar;E:\nginx-1.14\maven_config\repository\io\netty\netty-common\4.1.23.Final\netty-common-4.1.23.Final.jar;E:\nginx-1.14\maven_config\repository\io\netty\netty-buffer\4.1.23.Final\netty-buffer-4.1.23.Final.jar;E:\nginx-1.14\maven_config\repository\io\netty\netty-transport-native-unix-common\4.1.23.Final\netty-transport-native-unix-common-4.1.23.Final.jar;E:\nginx-1.14\maven_config\repository\io\netty\netty-transport\4.1.23.Final\netty-transport-4.1.23.Final.jar;E:\nginx-1.14\maven_config\repository\io\netty\netty-resolver\4.1.23.Final\netty-resolver-4.1.23.Final.jar;E:\nginx-1.14\maven_config\repository\com\netflix\ribbon\ribbon-core\2.2.5\ribbon-core-2.2.5.jar;E:\nginx-1.14\maven_config\repository\com\netflix\ribbon\ribbon-httpclient\2.2.5\ribbon-httpclient-2.2.5.jar;E:\nginx-1.14\maven_config\repository\commons-collections\commons-collections\3.2.2\commons-collections-3.2.2.jar;E:\nginx-1.14\maven_config\repository\com\netflix\netflix-commons\netflix-commons-util\0.3.0\netflix-commons-util-0.3.0.jar;E:\nginx-1.14\maven_config\repository\com\netflix\ribbon\ribbon-loadbalancer\2.2.5\ribbon-loadbalancer-2.2.5.jar;E:\nginx-1.14\maven_config\repository\com\netflix\netflix-commons\netflix-statistics\0.1.1\netflix-statistics-0.1.1.jar;E:\nginx-1.14\maven_config\repository\io\reactivex\rxjava\1.3.8\rxjava-1.3.8.jar;E:\nginx-1.14\maven_config\repository\com\netflix\ribbon\ribbon-eureka\2.2.5\ribbon-eureka-2.2.5.jar;E:\nginx-1.14\maven_config\repository\com\thoughtworks\xstream\xstream\1.4.10\xstream-1.4.10.jar;E:\nginx-1.14\maven_config\repository\xmlpull\xmlpull\1.1.3.1\xmlpull-1.1.3.1.jar;E:\nginx-1.14\maven_config\repository\xpp3\xpp3_min\1.1.4c\xpp3_min-1.1.4c.jar;E:\nginx-1.14\maven_config\repository\org\springframework\cloud\spring-cloud-starter-openfeign\2.0.1.RELEASE\spring-cloud-starter-openfeign-2.0.1.RELEASE.jar;E:\nginx-1.14\maven_config\repository\org\springframework\cloud\spring-cloud-openfeign-core\2.0.1.RELEASE\spring-cloud-openfeign-core-2.0.1.RELEASE.jar;E:\nginx-1.14\maven_config\repository\org\springframework\cloud\spring-cloud-commons\2.0.1.RELEASE\spring-cloud-commons-2.0.1.RELEASE.jar;E:\nginx-1.14\maven_config\repository\io\github\openfeign\feign-core\9.5.1\feign-core-9.5.1.jar;E:\nginx-1.14\maven_config\repository\io\github\openfeign\feign-slf4j\9.5.1\feign-slf4j-9.5.1.jar;E:\nginx-1.14\maven_config\repository\io\github\openfeign\feign-hystrix\9.5.1\feign-hystrix-9.5.1.jar;E:\nginx-1.14\maven_config\repository\com\netflix\hystrix\hystrix-core\1.5.12\hystrix-core-1.5.12.jar;E:\nginx-1.14\maven_config\repository\org\hdrhistogram\HdrHistogram\2.1.9\HdrHistogram-2.1.9.jar;E:\nginx-1.14\maven_config\repository\io\github\openfeign\feign-java8\9.5.1\feign-java8-9.5.1.jar;E:\nginx-1.14\maven_config\repository\com\netflix\feign\feign-okhttp\8.18.0\feign-okhttp-8.18.0.jar;E:\nginx-1.14\maven_config\repository\com\netflix\feign\feign-core\8.18.0\feign-core-8.18.0.jar;E:\nginx-1.14\maven_config\repository\org\jvnet\animal-sniffer-annotation\1.0\animal-sniffer-annotation-1.0.jar;, java.specification.name=Java Platform API Specification, java.class.version=52.0, sun.management.compiler=HotSpot 64-Bit Tiered Compilers, maven.repo.local=E:\nginx-1.14\maven_config\repository, os.version=10.0, user.home=C:\Users\ASUS, user.timezone=Asia/Shanghai, java.awt.printerjob=sun.awt.windows.WPrinterJob, file.encoding=GBK, java.specification.version=1.8, java.class.path=E:\nginx-1.14\hdservicecode\hdservicecode\nm-service-manage-course\target\test-classes;E:\nginx-1.14\hdservicecode\hdservicecode\nm-service-manage-course\target\classes;E:\nginx-1.14\hdservicecode\hdservicecode\nm-service-api\target\nm-service-api.jar;E:\nginx-1.14\maven_config\repository\commons-fileupload\commons-fileupload\1.3.3\commons-fileupload-1.3.3.jar;E:\nginx-1.14\maven_config\repository\io\springfox\springfox-swagger2\2.7.0\springfox-swagger2-2.7.0.jar;E:\nginx-1.14\maven_config\repository\io\swagger\swagger-annotations\1.5.13\swagger-annotations-1.5.13.jar;E:\nginx-1.14\maven_config\repository\io\swagger\swagger-models\1.5.13\swagger-models-1.5.13.jar;E:\nginx-1.14\maven_config\repository\io\springfox\springfox-spi\2.7.0\springfox-spi-2.7.0.jar;E:\nginx-1.14\maven_config\repository\io\springfox\springfox-core\2.7.0\springfox-core-2.7.0.jar;E:\nginx-1.14\maven_config\repository\io\springfox\springfox-schema\2.7.0\springfox-schema-2.7.0.jar;E:\nginx-1.14\maven_config\repository\io\springfox\springfox-swagger-common\2.7.0\springfox-swagger-common-2.7.0.jar;E:\nginx-1.14\maven_config\repository\io\springfox\springfox-spring-web\2.7.0\springfox-spring-web-2.7.0.jar;E:\nginx-1.14\maven_config\repository\org\reflections\reflections\0.9.11\reflections-0.9.11.jar;E:\nginx-1.14\maven_config\repository\com\fasterxml\classmate\1.3.4\classmate-1.3.4.jar;E:\nginx-1.14\maven_config\repository\org\springframework\plugin\spring-plugin-core\1.2.0.RELEASE\spring-plugin-core-1.2.0.RELEASE.jar;E:\nginx-1.14\maven_config\repository\org\springframework\plugin\spring-plugin-metadata\1.2.0.RELEASE\spring-plugin-metadata-1.2.0.RELEASE.jar;E:\nginx-1.14\maven_config\repository\org\mapstruct\mapstruct\1.1.0.Final\mapstruct-1.1.0.Final.jar;E:\nginx-1.14\maven_config\repository\io\springfox\springfox-swagger-ui\2.7.0\springfox-swagger-ui-2.7.0.jar;E:\nginx-1.14\hdservicecode\hdservicecode\nm-framework-model\target\nm-framework-model.jar;E:\nginx-1.14\maven_config\repository\org\projectlombok\lombok\1.16.16\lombok-1.16.16.jar;E:\nginx-1.14\maven_config\repository\org\springframework\data\spring-data-commons\2.0.6.RELEASE\spring-data-commons-2.0.6.RELEASE.jar;E:\nginx-1.14\maven_config\repository\org\springframework\data\spring-data-mongodb\2.0.6.RELEASE\spring-data-mongodb-2.0.6.RELEASE.jar;E:\nginx-1.14\maven_config\repository\org\springframework\spring-context\5.0.5.RELEASE\spring-context-5.0.5.RELEASE.jar;E:\nginx-1.14\maven_config\repository\org\springframework\spring-expression\5.0.5.RELEASE\spring-expression-5.0.5.RELEASE.jar;E:\nginx-1.14\maven_config\repository\org\mongodb\mongo-java-driver\3.6.3\mongo-java-driver-3.6.3.jar;E:\nginx-1.14\maven_config\repository\org\hibernate\hibernate-core\5.2.16.Final\hibernate-core-5.2.16.Final.jar;E:\nginx-1.14\maven_config\repository\org\jboss\logging\jboss-logging\3.3.2.Final\jboss-logging-3.3.2.Final.jar;E:\nginx-1.14\maven_config\repository\org\hibernate\javax\persistence\hibernate-jpa-2.1-api\1.0.0.Final\hibernate-jpa-2.1-api-1.0.0.Final.jar;E:\nginx-1.14\maven_config\repository\org\javassist\javassist\3.22.0-GA\javassist-3.22.0-GA.jar;E:\nginx-1.14\maven_config\repository\antlr\antlr\2.7.7\antlr-2.7.7.jar;E:\nginx-1.14\maven_config\repository\org\jboss\spec\javax\transaction\jboss-transaction-api_1.2_spec\1.0.1.Final\jboss-transaction-api_1.2_spec-1.0.1.Final.jar;E:\nginx-1.14\maven_config\repository\org\jboss\jandex\2.0.3.Final\jandex-2.0.3.Final.jar;E:\nginx-1.14\maven_config\repository\dom4j\dom4j\1.6.1\dom4j-1.6.1.jar;E:\nginx-1.14\maven_config\repository\org\hibernate\common\hibernate-commons-annotations\5.0.1.Final\hibernate-commons-annotations-5.0.1.Final.jar;E:\nginx-1.14\maven_config\repository\com\google\guava\guava\24.0-jre\guava-24.0-jre.jar;E:\nginx-1.14\maven_config\repository\com\google\code\findbugs\jsr305\1.3.9\jsr305-1.3.9.jar;E:\nginx-1.14\maven_config\repository\org\checkerframework\checker-compat-qual\2.0.0\checker-compat-qual-2.0.0.jar;E:\nginx-1.14\maven_config\repository\com\google\errorprone\error_prone_annotations\2.1.3\error_prone_annotations-2.1.3.jar;E:\nginx-1.14\maven_config\repository\com\google\j2objc\j2objc-annotations\1.1\j2objc-annotations-1.1.jar;E:\nginx-1.14\maven_config\repository\org\codehaus\mojo\animal-sniffer-annotations\1.14\animal-sniffer-annotations-1.14.jar;E:\nginx-1.14\hdservicecode\hdservicecode\nm-framework-utils\target\nm-framework-utils.jar;E:\nginx-1.14\maven_config\repository\javax\servlet\javax.servlet-api\3.1.0\javax.servlet-api-3.1.0.jar;E:\nginx-1.14\maven_config\repository\org\springframework\boot\spring-boot-starter-logging\2.0.1.RELEASE\spring-boot-starter-logging-2.0.1.RELEASE.jar;E:\nginx-1.14\maven_config\repository\ch\qos\logback\logback-classic\1.2.3\logback-classic-1.2.3.jar;E:\nginx-1.14\maven_config\repository\ch\qos\logback\logback-core\1.2.3\logback-core-1.2.3.jar;E:\nginx-1.14\maven_config\repository\org\apache\logging\log4j\log4j-to-slf4j\2.10.0\log4j-to-slf4j-2.10.0.jar;E:\nginx-1.14\maven_config\repository\org\apache\logging\log4j\log4j-api\2.10.0\log4j-api-2.10.0.jar;E:\nginx-1.14\maven_config\repository\org\slf4j\jul-to-slf4j\1.7.25\jul-to-slf4j-1.7.25.jar;E:\nginx-1.14\maven_config\repository\org\apache\httpcomponents\httpclient\4.5.5\httpclient-4.5.5.jar;E:\nginx-1.14\maven_config\repository\org\apache\httpcomponents\httpcore\4.4.9\httpcore-4.4.9.jar;E:\nginx-1.14\maven_config\repository\commons-codec\commons-codec\1.10\commons-codec-1.10.jar;E:\nginx-1.14\maven_config\repository\net\lingala\zip4j\zip4j\1.3.1\zip4j-1.3.1.jar;E:\nginx-1.14\maven_config\repository\org\springframework\security\spring-security-crypto\5.0.4.RELEASE\spring-security-crypto-5.0.4.RELEASE.jar;E:\nginx-1.14\maven_config\repository\org\springframework\security\spring-security-jwt\1.0.8.RELEASE\spring-security-jwt-1.0.8.RELEASE.jar;E:\nginx-1.14\maven_config\repository\org\bouncycastle\bcpkix-jdk15on\1.56\bcpkix-jdk15on-1.56.jar;E:\nginx-1.14\maven_config\repository\org\bouncycastle\bcprov-jdk15on\1.56\bcprov-jdk15on-1.56.jar;E:\nginx-1.14\hdservicecode\hdservicecode\nm-framework-common\target\nm-framework-common.jar;E:\nginx-1.14\maven_config\repository\org\springframework\spring-web\5.0.5.RELEASE\spring-web-5.0.5.RELEASE.jar;E:\nginx-1.14\maven_config\repository\org\springframework\boot\spring-boot-starter-web\2.0.1.RELEASE\spring-boot-starter-web-2.0.1.RELEASE.jar;E:\nginx-1.14\maven_config\repository\org\springframework\boot\spring-boot-starter\2.0.1.RELEASE\spring-boot-starter-2.0.1.RELEASE.jar;E:\nginx-1.14\maven_config\repository\org\springframework\boot\spring-boot\2.0.1.RELEASE\spring-boot-2.0.1.RELEASE.jar;E:\nginx-1.14\maven_config\repository\javax\annotation\javax.annotation-api\1.3.2\javax.annotation-api-1.3.2.jar;E:\nginx-1.14\maven_config\repository\org\yaml\snakeyaml\1.19\snakeyaml-1.19.jar;E:\nginx-1.14\maven_config\repository\org\springframework\boot\spring-boot-starter-json\2.0.1.RELEASE\spring-boot-starter-json-2.0.1.RELEASE.jar;E:\nginx-1.14\maven_config\repository\com\fasterxml\jackson\core\jackson-databind\2.9.5\jackson-databind-2.9.5.jar;E:\nginx-1.14\maven_config\repository\com\fasterxml\jackson\datatype\jackson-datatype-jdk8\2.9.5\jackson-datatype-jdk8-2.9.5.jar;E:\nginx-1.14\maven_config\repository\com\fasterxml\jackson\datatype\jackson-datatype-jsr310\2.9.5\jackson-datatype-jsr310-2.9.5.jar;E:\nginx-1.14\maven_config\repository\com\fasterxml\jackson\module\jackson-module-parameter-names\2.9.5\jackson-module-parameter-names-2.9.5.jar;E:\nginx-1.14\maven_config\repository\org\springframework\boot\spring-boot-starter-tomcat\2.0.1.RELEASE\spring-boot-starter-tomcat-2.0.1.RELEASE.jar;E:\nginx-1.14\maven_config\repository\org\apache\tomcat\embed\tomcat-embed-core\8.5.28\tomcat-embed-core-8.5.28.jar;E:\nginx-1.14\maven_config\repository\org\apache\tomcat\embed\tomcat-embed-el\8.5.28\tomcat-embed-el-8.5.28.jar;E:\nginx-1.14\maven_config\repository\org\apache\tomcat\embed\tomcat-embed-websocket\8.5.28\tomcat-embed-websocket-8.5.28.jar;E:\nginx-1.14\maven_config\repository\org\hibernate\validator\hibernate-validator\6.0.9.Final\hibernate-validator-6.0.9.Final.jar;E:\nginx-1.14\maven_config\repository\javax\validation\validation-api\2.0.1.Final\validation-api-2.0.1.Final.jar;E:\nginx-1.14\maven_config\repository\org\springframework\spring-webmvc\5.0.5.RELEASE\spring-webmvc-5.0.5.RELEASE.jar;E:\nginx-1.14\maven_config\repository\org\springframework\spring-aop\5.0.5.RELEASE\spring-aop-5.0.5.RELEASE.jar;E:\nginx-1.14\maven_config\repository\mysql\mysql-connector-java\5.1.40\mysql-connector-java-5.1.40.jar;E:\nginx-1.14\maven_config\repository\com\alibaba\druid-spring-boot-starter\1.1.10\druid-spring-boot-starter-1.1.10.jar;E:\nginx-1.14\maven_config\repository\com\alibaba\druid\1.1.6\druid-1.1.6.jar;E:\nginx-1.14\maven_config\repository\org\slf4j\slf4j-api\1.7.25\slf4j-api-1.7.25.jar;E:\nginx-1.14\maven_config\repository\org\springframework\boot\spring-boot-autoconfigure\2.0.1.RELEASE\spring-boot-autoconfigure-2.0.1.RELEASE.jar;E:\nginx-1.14\maven_config\repository\org\mybatis\spring\boot\mybatis-spring-boot-starter\1.3.1\mybatis-spring-boot-starter-1.3.1.jar;E:\nginx-1.14\maven_config\repository\org\springframework\boot\spring-boot-starter-jdbc\2.0.1.RELEASE\spring-boot-starter-jdbc-2.0.1.RELEASE.jar;E:\nginx-1.14\maven_config\repository\com\zaxxer\HikariCP\2.7.8\HikariCP-2.7.8.jar;E:\nginx-1.14\maven_config\repository\org\mybatis\spring\boot\mybatis-spring-boot-autoconfigure\1.3.1\mybatis-spring-boot-autoconfigure-1.3.1.jar;E:\nginx-1.14\maven_config\repository\org\mybatis\mybatis\3.4.5\mybatis-3.4.5.jar;E:\nginx-1.14\maven_config\repository\org\mybatis\mybatis-spring\1.3.1\mybatis-spring-1.3.1.jar;E:\nginx-1.14\maven_config\repository\org\springframework\spring-orm\5.0.5.RELEASE\spring-orm-5.0.5.RELEASE.jar;E:\nginx-1.14\maven_config\repository\org\springframework\spring-beans\5.0.5.RELEASE\spring-beans-5.0.5.RELEASE.jar;E:\nginx-1.14\maven_config\repository\org\springframework\spring-core\5.0.5.RELEASE\spring-core-5.0.5.RELEASE.jar;E:\nginx-1.14\maven_config\repository\org\springframework\spring-jcl\5.0.5.RELEASE\spring-jcl-5.0.5.RELEASE.jar;E:\nginx-1.14\maven_config\repository\org\springframework\spring-jdbc\5.0.5.RELEASE\spring-jdbc-5.0.5.RELEASE.jar;E:\nginx-1.14\maven_config\repository\org\springframework\spring-tx\5.0.5.RELEASE\spring-tx-5.0.5.RELEASE.jar;E:\nginx-1.14\maven_config\repository\org\springframework\boot\spring-boot-starter-data-jpa\2.0.1.RELEASE\spring-boot-starter-data-jpa-2.0.1.RELEASE.jar;E:\nginx-1.14\maven_config\repository\org\springframework\boot\spring-boot-starter-aop\2.0.1.RELEASE\spring-boot-starter-aop-2.0.1.RELEASE.jar;E:\nginx-1.14\maven_config\repository\org\aspectj\aspectjweaver\1.8.13\aspectjweaver-1.8.13.jar;E:\nginx-1.14\maven_config\repository\javax\transaction\javax.transaction-api\1.2\javax.transaction-api-1.2.jar;E:\nginx-1.14\maven_config\repository\org\springframework\data\spring-data-jpa\2.0.6.RELEASE\spring-data-jpa-2.0.6.RELEASE.jar;E:\nginx-1.14\maven_config\repository\org\springframework\spring-aspects\5.0.5.RELEASE\spring-aspects-5.0.5.RELEASE.jar;E:\nginx-1.14\maven_config\repository\com\squareup\okhttp3\okhttp\3.9.1\okhttp-3.9.1.jar;E:\nginx-1.14\maven_config\repository\com\squareup\okio\okio\1.13.0\okio-1.13.0.jar;E:\nginx-1.14\maven_config\repository\com\alibaba\fastjson\1.2.30\fastjson-1.2.30.jar;E:\nginx-1.14\maven_config\repository\commons-io\commons-io\2.6\commons-io-2.6.jar;E:\nginx-1.14\maven_config\repository\org\apache\commons\commons-lang3\3.6\commons-lang3-3.6.jar;E:\nginx-1.14\maven_config\repository\org\springframework\boot\spring-boot-starter-test\2.0.1.RELEASE\spring-boot-starter-test-2.0.1.RELEASE.jar;E:\nginx-1.14\maven_config\repository\org\springframework\boot\spring-boot-test\2.0.1.RELEASE\spring-boot-test-2.0.1.RELEASE.jar;E:\nginx-1.14\maven_config\repository\org\springframework\boot\spring-boot-test-autoconfigure\2.0.1.RELEASE\spring-boot-test-autoconfigure-2.0.1.RELEASE.jar;E:\nginx-1.14\maven_config\repository\com\jayway\jsonpath\json-path\2.4.0\json-path-2.4.0.jar;E:\nginx-1.14\maven_config\repository\net\minidev\json-smart\2.3\json-smart-2.3.jar;E:\nginx-1.14\maven_config\repository\net\minidev\accessors-smart\1.2\accessors-smart-1.2.jar;E:\nginx-1.14\maven_config\repository\org\ow2\asm\asm\5.0.4\asm-5.0.4.jar;E:\nginx-1.14\maven_config\repository\junit\junit\4.12\junit-4.12.jar;E:\nginx-1.14\maven_config\repository\org\assertj\assertj-core\3.9.1\assertj-core-3.9.1.jar;E:\nginx-1.14\maven_config\repository\org\mockito\mockito-core\2.15.0\mockito-core-2.15.0.jar;E:\nginx-1.14\maven_config\repository\net\bytebuddy\byte-buddy\1.7.11\byte-buddy-1.7.11.jar;E:\nginx-1.14\maven_config\repository\net\bytebuddy\byte-buddy-agent\1.7.11\byte-buddy-agent-1.7.11.jar;E:\nginx-1.14\maven_config\repository\org\objenesis\objenesis\2.6\objenesis-2.6.jar;E:\nginx-1.14\maven_config\repository\org\hamcrest\hamcrest-core\1.3\hamcrest-core-1.3.jar;E:\nginx-1.14\maven_config\repository\org\hamcrest\hamcrest-library\1.3\hamcrest-library-1.3.jar;E:\nginx-1.14\maven_config\repository\org\skyscreamer\jsonassert\1.5.0\jsonassert-1.5.0.jar;E:\nginx-1.14\maven_config\repository\com\vaadin\external\google\android-json\0.0.20131108.vaadin1\android-json-0.0.20131108.vaadin1.jar;E:\nginx-1.14\maven_config\repository\org\springframework\spring-test\5.0.5.RELEASE\spring-test-5.0.5.RELEASE.jar;E:\nginx-1.14\maven_config\repository\org\xmlunit\xmlunit-core\2.5.1\xmlunit-core-2.5.1.jar;E:\nginx-1.14\maven_config\repository\com\github\pagehelper\pagehelper-spring-boot-starter\1.2.4\pagehelper-spring-boot-starter-1.2.4.jar;E:\nginx-1.14\maven_config\repository\com\github\pagehelper\pagehelper-spring-boot-autoconfigure\1.2.4\pagehelper-spring-boot-autoconfigure-1.2.4.jar;E:\nginx-1.14\maven_config\repository\com\github\pagehelper\pagehelper\5.1.3\pagehelper-5.1.3.jar;E:\nginx-1.14\maven_config\repository\com\github\jsqlparser\jsqlparser\1.0\jsqlparser-1.0.jar;E:\nginx-1.14\maven_config\repository\org\springframework\cloud\spring-cloud-starter-netflix-eureka-client\2.0.1.RELEASE\spring-cloud-starter-netflix-eureka-client-2.0.1.RELEASE.jar;E:\nginx-1.14\maven_config\repository\org\springframework\cloud\spring-cloud-starter\2.0.1.RELEASE\spring-cloud-starter-2.0.1.RELEASE.jar;E:\nginx-1.14\maven_config\repository\org\springframework\cloud\spring-cloud-context\2.0.1.RELEASE\spring-cloud-context-2.0.1.RELEASE.jar;E:\nginx-1.14\maven_config\repository\org\springframework\security\spring-security-rsa\1.0.5.RELEASE\spring-security-rsa-1.0.5.RELEASE.jar;E:\nginx-1.14\maven_config\repository\org\springframework\cloud\spring-cloud-netflix-core\2.0.1.RELEASE\spring-cloud-netflix-core-2.0.1.RELEASE.jar;E:\nginx-1.14\maven_config\repository\org\springframework\cloud\spring-cloud-netflix-eureka-client\2.0.1.RELEASE\spring-cloud-netflix-eureka-client-2.0.1.RELEASE.jar;E:\nginx-1.14\maven_config\repository\com\netflix\eureka\eureka-client\1.9.3\eureka-client-1.9.3.jar;E:\nginx-1.14\maven_config\repository\org\codehaus\jettison\jettison\1.3.7\jettison-1.3.7.jar;E:\nginx-1.14\maven_config\repository\stax\stax-api\1.0.1\stax-api-1.0.1.jar;E:\nginx-1.14\maven_config\repository\com\netflix\netflix-commons\netflix-eventbus\0.3.0\netflix-eventbus-0.3.0.jar;E:\nginx-1.14\maven_config\repository\com\netflix\netflix-commons\netflix-infix\0.3.0\netflix-infix-0.3.0.jar;E:\nginx-1.14\maven_config\repository\commons-jxpath\commons-jxpath\1.3\commons-jxpath-1.3.jar;E:\nginx-1.14\maven_config\repository\joda-time\joda-time\2.9.9\joda-time-2.9.9.jar;E:\nginx-1.14\maven_config\repository\org\antlr\antlr-runtime\3.4\antlr-runtime-3.4.jar;E:\nginx-1.14\maven_config\repository\org\antlr\stringtemplate\3.2.1\stringtemplate-3.2.1.jar;E:\nginx-1.14\maven_config\repository\com\google\code\gson\gson\2.8.2\gson-2.8.2.jar;E:\nginx-1.14\maven_config\repository\org\apache\commons\commons-math\2.2\commons-math-2.2.jar;E:\nginx-1.14\maven_config\repository\com\netflix\archaius\archaius-core\0.7.6\archaius-core-0.7.6.jar;E:\nginx-1.14\maven_config\repository\javax\ws\rs\jsr311-api\1.1.1\jsr311-api-1.1.1.jar;E:\nginx-1.14\maven_config\repository\com\netflix\servo\servo-core\0.12.21\servo-core-0.12.21.jar;E:\nginx-1.14\maven_config\repository\com\sun\jersey\jersey-core\1.19.1\jersey-core-1.19.1.jar;E:\nginx-1.14\maven_config\repository\com\sun\jersey\jersey-client\1.19.1\jersey-client-1.19.1.jar;E:\nginx-1.14\maven_config\repository\com\sun\jersey\contribs\jersey-apache-client4\1.19.1\jersey-apache-client4-1.19.1.jar;E:\nginx-1.14\maven_config\repository\com\google\inject\guice\4.1.0\guice-4.1.0.jar;E:\nginx-1.14\maven_config\repository\javax\inject\javax.inject\1\javax.inject-1.jar;E:\nginx-1.14\maven_config\repository\aopalliance\aopalliance\1.0\aopalliance-1.0.jar;E:\nginx-1.14\maven_config\repository\com\github\vlsi\compactmap\compactmap\1.2.1\compactmap-1.2.1.jar;E:\nginx-1.14\maven_config\repository\com\github\andrewoma\dexx\dexx-collections\0.2\dexx-collections-0.2.jar;E:\nginx-1.14\maven_config\repository\com\fasterxml\jackson\core\jackson-annotations\2.9.0\jackson-annotations-2.9.0.jar;E:\nginx-1.14\maven_config\repository\com\fasterxml\jackson\core\jackson-core\2.9.5\jackson-core-2.9.5.jar;E:\nginx-1.14\maven_config\repository\com\netflix\eureka\eureka-core\1.9.3\eureka-core-1.9.3.jar;E:\nginx-1.14\maven_config\repository\org\codehaus\woodstox\woodstox-core-asl\4.4.1\woodstox-core-asl-4.4.1.jar;E:\nginx-1.14\maven_config\repository\javax\xml\stream\stax-api\1.0-2\stax-api-1.0-2.jar;E:\nginx-1.14\maven_config\repository\org\codehaus\woodstox\stax2-api\3.1.4\stax2-api-3.1.4.jar;E:\nginx-1.14\maven_config\repository\org\springframework\cloud\spring-cloud-starter-netflix-archaius\2.0.1.RELEASE\spring-cloud-starter-netflix-archaius-2.0.1.RELEASE.jar;E:\nginx-1.14\maven_config\repository\org\springframework\cloud\spring-cloud-netflix-ribbon\2.0.1.RELEASE\spring-cloud-netflix-ribbon-2.0.1.RELEASE.jar;E:\nginx-1.14\maven_config\repository\org\springframework\cloud\spring-cloud-netflix-archaius\2.0.1.RELEASE\spring-cloud-netflix-archaius-2.0.1.RELEASE.jar;E:\nginx-1.14\maven_config\repository\commons-configuration\commons-configuration\1.8\commons-configuration-1.8.jar;E:\nginx-1.14\maven_config\repository\commons-lang\commons-lang\2.6\commons-lang-2.6.jar;E:\nginx-1.14\maven_config\repository\org\springframework\cloud\spring-cloud-starter-netflix-ribbon\2.0.1.RELEASE\spring-cloud-starter-netflix-ribbon-2.0.1.RELEASE.jar;E:\nginx-1.14\maven_config\repository\com\netflix\ribbon\ribbon\2.2.5\ribbon-2.2.5.jar;E:\nginx-1.14\maven_config\repository\com\netflix\ribbon\ribbon-transport\2.2.5\ribbon-transport-2.2.5.jar;E:\nginx-1.14\maven_config\repository\io\reactivex\rxnetty-contexts\0.4.9\rxnetty-contexts-0.4.9.jar;E:\nginx-1.14\maven_config\repository\io\reactivex\rxnetty-servo\0.4.9\rxnetty-servo-0.4.9.jar;E:\nginx-1.14\maven_config\repository\io\reactivex\rxnetty\0.4.9\rxnetty-0.4.9.jar;E:\nginx-1.14\maven_config\repository\io\netty\netty-codec-http\4.1.23.Final\netty-codec-http-4.1.23.Final.jar;E:\nginx-1.14\maven_config\repository\io\netty\netty-codec\4.1.23.Final\netty-codec-4.1.23.Final.jar;E:\nginx-1.14\maven_config\repository\io\netty\netty-transport-native-epoll\4.1.23.Final\netty-transport-native-epoll-4.1.23.Final.jar;E:\nginx-1.14\maven_config\repository\io\netty\netty-common\4.1.23.Final\netty-common-4.1.23.Final.jar;E:\nginx-1.14\maven_config\repository\io\netty\netty-buffer\4.1.23.Final\netty-buffer-4.1.23.Final.jar;E:\nginx-1.14\maven_config\repository\io\netty\netty-transport-native-unix-common\4.1.23.Final\netty-transport-native-unix-common-4.1.23.Final.jar;E:\nginx-1.14\maven_config\repository\io\netty\netty-transport\4.1.23.Final\netty-transport-4.1.23.Final.jar;E:\nginx-1.14\maven_config\repository\io\netty\netty-resolver\4.1.23.Final\netty-resolver-4.1.23.Final.jar;E:\nginx-1.14\maven_config\repository\com\netflix\ribbon\ribbon-core\2.2.5\ribbon-core-2.2.5.jar;E:\nginx-1.14\maven_config\repository\com\netflix\ribbon\ribbon-httpclient\2.2.5\ribbon-httpclient-2.2.5.jar;E:\nginx-1.14\maven_config\repository\commons-collections\commons-collections\3.2.2\commons-collections-3.2.2.jar;E:\nginx-1.14\maven_config\repository\com\netflix\netflix-commons\netflix-commons-util\0.3.0\netflix-commons-util-0.3.0.jar;E:\nginx-1.14\maven_config\repository\com\netflix\ribbon\ribbon-loadbalancer\2.2.5\ribbon-loadbalancer-2.2.5.jar;E:\nginx-1.14\maven_config\repository\com\netflix\netflix-commons\netflix-statistics\0.1.1\netflix-statistics-0.1.1.jar;E:\nginx-1.14\maven_config\repository\io\reactivex\rxjava\1.3.8\rxjava-1.3.8.jar;E:\nginx-1.14\maven_config\repository\com\netflix\ribbon\ribbon-eureka\2.2.5\ribbon-eureka-2.2.5.jar;E:\nginx-1.14\maven_config\repository\com\thoughtworks\xstream\xstream\1.4.10\xstream-1.4.10.jar;E:\nginx-1.14\maven_config\repository\xmlpull\xmlpull\1.1.3.1\xmlpull-1.1.3.1.jar;E:\nginx-1.14\maven_config\repository\xpp3\xpp3_min\1.1.4c\xpp3_min-1.1.4c.jar;E:\nginx-1.14\maven_config\repository\org\springframework\cloud\spring-cloud-starter-openfeign\2.0.1.RELEASE\spring-cloud-starter-openfeign-2.0.1.RELEASE.jar;E:\nginx-1.14\maven_config\repository\org\springframework\cloud\spring-cloud-openfeign-core\2.0.1.RELEASE\spring-cloud-openfeign-core-2.0.1.RELEASE.jar;E:\nginx-1.14\maven_config\repository\org\springframework\cloud\spring-cloud-commons\2.0.1.RELEASE\spring-cloud-commons-2.0.1.RELEASE.jar;E:\nginx-1.14\maven_config\repository\io\github\openfeign\feign-core\9.5.1\feign-core-9.5.1.jar;E:\nginx-1.14\maven_config\repository\io\github\openfeign\feign-slf4j\9.5.1\feign-slf4j-9.5.1.jar;E:\nginx-1.14\maven_config\repository\io\github\openfeign\feign-hystrix\9.5.1\feign-hystrix-9.5.1.jar;E:\nginx-1.14\maven_config\repository\com\netflix\hystrix\hystrix-core\1.5.12\hystrix-core-1.5.12.jar;E:\nginx-1.14\maven_config\repository\org\hdrhistogram\HdrHistogram\2.1.9\HdrHistogram-2.1.9.jar;E:\nginx-1.14\maven_config\repository\io\github\openfeign\feign-java8\9.5.1\feign-java8-9.5.1.jar;E:\nginx-1.14\maven_config\repository\com\netflix\feign\feign-okhttp\8.18.0\feign-okhttp-8.18.0.jar;E:\nginx-1.14\maven_config\repository\com\netflix\feign\feign-core\8.18.0\feign-core-8.18.0.jar;E:\nginx-1.14\maven_config\repository\org\jvnet\animal-sniffer-annotation\1.0\animal-sniffer-annotation-1.0.jar;, user.name=ASUS, java.vm.specification.version=1.8, sun.java.command=C:\Users\ASUS\AppData\Local\Temp\surefire3031866665741347682\surefirebooter599786619540887596.jar C:\Users\ASUS\AppData\Local\Temp\surefire3031866665741347682 2020-03-05T20-54-34_681-jvmRun1 surefire5818495549436950457tmp surefire_01929371420490371881tmp, java.home=C:\Program Files\Java\jdk1.8.0_91\jre, sun.arch.data.model=64, user.language=zh, java.specification.vendor=Oracle Corporation, awt.toolkit=sun.awt.windows.WToolkit, java.vm.info=mixed mode, java.version=1.8.0_91, java.ext.dirs=C:\Program Files\Java\jdk1.8.0_91\jre\lib\ext;C:\WINDOWS\Sun\Java\lib\ext, sun.boot.class.path=C:\Program Files\Java\jdk1.8.0_91\jre\lib\resources.jar;C:\Program Files\Java\jdk1.8.0_91\jre\lib\rt.jar;C:\Program Files\Java\jdk1.8.0_91\jre\lib\sunrsasign.jar;C:\Program Files\Java\jdk1.8.0_91\jre\lib\jsse.jar;C:\Program Files\Java\jdk1.8.0_91\jre\lib\jce.jar;C:\Program Files\Java\jdk1.8.0_91\jre\lib\charsets.jar;C:\Program Files\Java\jdk1.8.0_91\jre\lib\jfr.jar;C:\Program Files\Java\jdk1.8.0_91\jre\classes, java.vendor=Oracle Corporation, localRepository=E:\nginx-1.14\maven_config\repository, file.separator=\, java.vendor.url.bug=http://bugreport.sun.com/bugreport/, sun.io.unicode.encoding=UnicodeLittle, sun.cpu.endian=little, sun.desktop=windows, sun.cpu.isalist=amd64}}, SystemEnvironmentPropertySource@1902237905 {name='systemEnvironment', properties={PATH=F:\app\ASUS\product\11.2.0\dbhome_1\bin;E:\maven\bin;E:\maven\apache-maven-3.6.1\bin;C:\Program Files (x86)\Intel\iCLS Client\;C:\Program Files\Intel\iCLS Client\;C:\Windows\system32;C:\Windows;C:\Windows\System32\Wbem;C:\Windows\System32\WindowsPowerShell\v1.0\;C:\Program Files (x86)\NVIDIA Corporation\PhysX\Common;C:\Program Files (x86)\Intel\Intel(R) Management Engine Components\DAL;C:\Program Files\Intel\Intel(R) Management Engine Components\DAL;C:\Program Files (x86)\Intel\Intel(R) Management Engine Components\IPT;C:\Program Files\Intel\Intel(R) Management Engine Components\IPT;C:\Program Files\Intel\WiFi\bin\;C:\Program Files\Common Files\Intel\WirelessCommon\;C:\WINDOWS\system32;C:\WINDOWS;C:\WINDOWS\System32\Wbem;C:\WINDOWS\System32\WindowsPowerShell\v1.0\;C:\WINDOWS\System32\OpenSSH\;C:\Program Files\MySQL\MySQL Server 5.5\bin;C:\Program Files\NVIDIA Corporation\NVIDIA NvDLISR;E:\Head\;E:\vue\visual\bin;C:\WINDOWS\system32;C:\WINDOWS;C:\WINDOWS\System32\Wbem;C:\WINDOWS\System32\WindowsPowerShell\v1.0\;C:\WINDOWS\System32\OpenSSH\;E:\Git\cmd;E:\ffmpeg\ffmpeg-20180227-fa0c9d6-win64-static\bin;C:\Users\ASUS\AppData\Local\Microsoft\WindowsApps;C:\Users\ASUS\AppData\Roaming\npm;E:\vue\bin;E:\vue\visual\bin;, USERDOMAIN_ROAMINGPROFILE=DESKTOP-LTOBJA5, PROCESSOR_LEVEL=6, SYSTEMDRIVE=C:, SESSIONNAME=Console, ALLUSERSPROFILE=C:\ProgramData, PROCESSOR_ARCHITECTURE=AMD64, DRIVERDATA=C:\Windows\System32\Drivers\DriverData, JRE_HOME=C:\Program Files\Java\jdk1.8.0_91\jre, =E:=E:\nginx-1.14\hdservicecode\hdservicecode\nm-service-manage-course, PROGRAMFILES=C:\Program Files, PSMODULEPATH=C:\Program Files\WindowsPowerShell\Modules;C:\WINDOWS\system32\WindowsPowerShell\v1.0\Modules, PROGRAMDATA=C:\ProgramData, USERNAME=ASUS, FPS_BROWSER_USER_PROFILE_STRING=Default, ONEDRIVE=C:\Users\ASUS\OneDrive, PATHEXT=.COM;.EXE;.BAT;.CMD;.VBS;.VBE;.JS;.JSE;.WSF;.WSH;.MSC, ONEDRIVECONSUMER=C:\Users\ASUS\OneDrive, WINDIR=C:\WINDOWS, =F:=F:\, HOMEPATH=\Users\ASUS, PROCESSOR_IDENTIFIER=Intel64 Family 6 Model 158 Stepping 9, GenuineIntel, PUBLIC=C:\Users\Public, =::=::\, LOCALAPPDATA=C:\Users\ASUS\AppData\Local, COMMONPROGRAMFILES(X86)=C:\Program Files (x86)\Common Files, USERDOMAIN=DESKTOP-LTOBJA5, FPS_BROWSER_APP_PROFILE_STRING=Internet Explorer, LOGONSERVER=\\DESKTOP-LTOBJA5, JAVA_HOME=C:\Program Files\Java\jdk1.8.0_91, PROMPT=$P$G, PROGRAMFILES(X86)=C:\Program Files (x86), ERLANG_HOME=E:\rabbit\erl9.2, APPDATA=C:\Users\ASUS\AppData\Roaming, PROGRAMW6432=C:\Program Files, SYSTEMROOT=C:\WINDOWS, NODE_PATH=E:\Head\node_global\node_modules, OS=Windows_NT, COMMONPROGRAMW6432=C:\Program Files\Common Files, COMPUTERNAME=DESKTOP-LTOBJA5, COMMONPROGRAMFILES=C:\Program Files\Common Files, COMSPEC=C:\WINDOWS\system32\cmd.exe, PROCESSOR_REVISION=9e09, CLASSPATH=.;C:\Program Files\Java\jdk1.8.0_91\lib\dt.jar;C:\Program Files\Java\jdk1.8.0_91\lib\tools.jar;, TEMP=C:\Users\ASUS\AppData\Local\Temp, HOMEDRIVE=C:, USERPROFILE=C:\Users\ASUS, TMP=C:\Users\ASUS\AppData\Local\Temp, NUMBER_OF_PROCESSORS=8}}]
20:54:39.485 [main] DEBUG org.springframework.test.context.support.TestPropertySourceUtils - Adding inlined properties to environment: {spring.jmx.enabled=false, org.springframework.boot.test.context.SpringBootTestContextBootstrapper=true, server.port=-1}
20:54:39.486 [main] DEBUG org.springframework.core.env.StandardEnvironment - Adding PropertySource 'Inlined Test Properties' with highest search precedence
2020-03-05 20:54:41.359 [main] DEBUG o.s.b.c.l.ClasspathLoggingApplicationListener - Application started with classpath: [file:/C:/Users/ASUS/AppData/Local/Temp/surefire3031866665741347682/surefirebooter599786619540887596.jar]
2020-03-05 20:54:41.472 [main] DEBUG o.s.boot.SpringApplication - Loading source class org.springframework.cloud.bootstrap.config.PropertySourceBootstrapConfiguration,class org.springframework.cloud.bootstrap.encrypt.EncryptionBootstrapConfiguration,class org.springframework.cloud.autoconfigure.ConfigurationPropertiesRebinderAutoConfiguration,class org.springframework.boot.autoconfigure.context.PropertyPlaceholderAutoConfiguration
2020-03-05 20:54:41.517 [main] INFO  o.s.c.a.AnnotationConfigApplicationContext - Refreshing org.springframework.context.annotation.AnnotationConfigApplicationContext@66c61024: startup date [Thu Mar 05 20:54:41 CST 2020]; root of context hierarchy
2020-03-05 20:54:41.804 [main] INFO  o.s.b.f.a.AutowiredAnnotationBeanPostProcessor - JSR-330 'javax.inject.Inject' annotation found and supported for autowiring
2020-03-05 20:54:41.853 [main] INFO  o.s.c.s.PostProcessorRegistrationDelegate$BeanPostProcessorChecker - Bean 'configurationPropertiesRebinderAutoConfiguration' of type [org.springframework.cloud.autoconfigure.ConfigurationPropertiesRebinderAutoConfiguration$$EnhancerBySpringCGLIB$$859650fe] is not eligible for getting processed by all BeanPostProcessors (for example: not eligible for auto-proxying)
2020-03-05 20:54:42.007 [main] DEBUG o.s.b.a.l.ConditionEvaluationReportLoggingListener - 


============================
CONDITIONS EVALUATION REPORT
============================


Positive matches:
-----------------

   ConfigurationPropertiesRebinderAutoConfiguration matched:
      - @ConditionalOnBean (types: org.springframework.boot.context.properties.ConfigurationPropertiesBindingPostProcessor; SearchStrategy: all) found bean 'org.springframework.boot.context.properties.ConfigurationPropertiesBindingPostProcessor' (OnBeanCondition)

   ConfigurationPropertiesRebinderAutoConfiguration#configurationPropertiesBeans matched:
      - @ConditionalOnMissingBean (types: org.springframework.cloud.context.properties.ConfigurationPropertiesBeans; SearchStrategy: current) did not find any beans (OnBeanCondition)

   ConfigurationPropertiesRebinderAutoConfiguration#configurationPropertiesRebinder matched:
      - @ConditionalOnMissingBean (types: org.springframework.cloud.context.properties.ConfigurationPropertiesRebinder; SearchStrategy: current) did not find any beans (OnBeanCondition)

   EncryptionBootstrapConfiguration matched:
      - @ConditionalOnClass found required class 'org.springframework.security.crypto.encrypt.TextEncryptor'; @ConditionalOnMissingClass did not find unwanted class (OnClassCondition)

   PropertyPlaceholderAutoConfiguration#propertySourcesPlaceholderConfigurer matched:
      - @ConditionalOnMissingBean (types: org.springframework.context.support.PropertySourcesPlaceholderConfigurer; SearchStrategy: current) did not find any beans (OnBeanCondition)


Negative matches:
-----------------

   EncryptionBootstrapConfiguration.RsaEncryptionConfiguration:
      Did not match:
         - Keystore nor key found in Environment (EncryptionBootstrapConfiguration.KeyCondition)
      Matched:
         - @ConditionalOnClass found required class 'org.springframework.security.rsa.crypto.RsaSecretEncryptor'; @ConditionalOnMissingClass did not find unwanted class (OnClassCondition)

   EncryptionBootstrapConfiguration.VanillaEncryptionConfiguration:
      Did not match:
         - @ConditionalOnMissingClass found unwanted class 'org.springframework.security.rsa.crypto.RsaSecretEncryptor' (OnClassCondition)


Exclusions:
-----------

    None


Unconditional classes:
----------------------

    None



2020-03-05 20:54:43.517 [main] DEBUG o.s.b.c.l.ClasspathLoggingApplicationListener - Application started with classpath: [file:/C:/Users/ASUS/AppData/Local/Temp/surefire3031866665741347682/surefirebooter599786619540887596.jar]

  .   ____          _            __ _ _
 /\\ / ___'_ __ _ _(_)_ __  __ _ \ \ \ \
( ( )\___ | '_ | '_| | '_ \/ _` | \ \ \ \
 \\/  ___)| |_)| | | | | || (_| |  ) ) ) )
  '  |____| .__|_| |_|_| |_\__, | / / / /
 =========|_|==============|___/=/_/_/_/
 :: Spring Boot ::        (v2.0.1.RELEASE)

2020-03-05 20:54:43.548 [main] INFO  c.n.manage_course.dao.FeignTest - No active profile set, falling back to default profiles: default
2020-03-05 20:54:43.548 [main] DEBUG o.s.boot.SpringApplication - Loading source class com.ningmeng.manage_course.ManageCourseApplication
2020-03-05 20:54:43.556 [main] DEBUG o.s.b.c.c.ConfigFileApplicationListener - Loaded config file 'file:/E:/nginx-1.14/hdservicecode/hdservicecode/nm-service-manage-course/target/classes/application.yml' (classpath:/application.yml)
2020-03-05 20:54:43.557 [main] INFO  o.s.w.c.s.GenericWebApplicationContext - Refreshing org.springframework.web.context.support.GenericWebApplicationContext@7a138fc5: startup date [Thu Mar 05 20:54:43 CST 2020]; parent: org.springframework.context.annotation.AnnotationConfigApplicationContext@66c61024
2020-03-05 20:54:44.924 [main] DEBUG o.s.b.a.AutoConfigurationPackages - @EnableAutoConfiguration was declared on a class in the package 'com.ningmeng.manage_course'. Automatic @Repository and @Entity scanning is enabled.
2020-03-05 20:54:44.994 [main] INFO  o.s.d.r.c.RepositoryConfigurationDelegate - Multiple Spring Data modules found, entering strict repository configuration mode!
2020-03-05 20:54:45.079 [main] INFO  o.s.b.f.s.DefaultListableBeanFactory - Overriding bean definition for bean 'teachplanRepository' with a different definition: replacing [Generic bean: class [org.mybatis.spring.mapper.MapperFactoryBean]; scope=singleton; abstract=false; lazyInit=false; autowireMode=2; dependencyCheck=0; autowireCandidate=true; primary=false; factoryBeanName=null; factoryMethodName=null; initMethodName=null; destroyMethodName=null; defined in file [E:\nginx-1.14\hdservicecode\hdservicecode\nm-service-manage-course\target\classes\com\ningmeng\manage_course\dao\TeachplanRepository.class]] with [Root bean: class [org.springframework.data.jpa.repository.support.JpaRepositoryFactoryBean]; scope=; abstract=false; lazyInit=false; autowireMode=0; dependencyCheck=0; autowireCandidate=true; primary=false; factoryBeanName=null; factoryMethodName=null; initMethodName=null; destroyMethodName=null]
2020-03-05 20:54:45.175 [main] INFO  o.s.d.r.c.RepositoryConfigurationDelegate - Multiple Spring Data modules found, entering strict repository configuration mode!
2020-03-05 20:54:45.197 [main] INFO  o.s.d.r.c.RepositoryConfigurationExtensionSupport - Spring Data MongoDB - Could not safely identify store assignment for repository candidate interface com.ningmeng.manage_course.dao.CourseBaseRepository.
2020-03-05 20:54:45.199 [main] INFO  o.s.d.r.c.RepositoryConfigurationExtensionSupport - Spring Data MongoDB - Could not safely identify store assignment for repository candidate interface com.ningmeng.manage_course.dao.CourseMarketRepository.
2020-03-05 20:54:45.200 [main] INFO  o.s.d.r.c.RepositoryConfigurationExtensionSupport - Spring Data MongoDB - Could not safely identify store assignment for repository candidate interface com.ningmeng.manage_course.dao.CoursePicRepository.
2020-03-05 20:54:45.203 [main] INFO  o.s.d.r.c.RepositoryConfigurationExtensionSupport - Spring Data MongoDB - Could not safely identify store assignment for repository candidate interface com.ningmeng.manage_course.dao.CoursePubRepository.
2020-03-05 20:54:45.204 [main] INFO  o.s.d.r.c.RepositoryConfigurationExtensionSupport - Spring Data MongoDB - Could not safely identify store assignment for repository candidate interface com.ningmeng.manage_course.dao.TeachplanRepository.
2020-03-05 20:54:45.744 [main] INFO  o.s.cloud.context.scope.GenericScope - BeanFactory id=0b4f36d5-154c-3156-898b-5292998a242a
2020-03-05 20:54:45.893 [main] INFO  o.s.b.f.a.AutowiredAnnotationBeanPostProcessor - JSR-330 'javax.inject.Inject' annotation found and supported for autowiring
2020-03-05 20:54:46.120 [main] INFO  o.s.c.s.PostProcessorRegistrationDelegate$BeanPostProcessorChecker - Bean 'org.springframework.transaction.annotation.ProxyTransactionManagementConfiguration' of type [org.springframework.transaction.annotation.ProxyTransactionManagementConfiguration$$EnhancerBySpringCGLIB$$697c4e01] is not eligible for getting processed by all BeanPostProcessors (for example: not eligible for auto-proxying)
2020-03-05 20:54:46.228 [main] INFO  o.s.c.s.PostProcessorRegistrationDelegate$BeanPostProcessorChecker - Bean 'org.springframework.cloud.autoconfigure.ConfigurationPropertiesRebinderAutoConfiguration' of type [org.springframework.cloud.autoconfigure.ConfigurationPropertiesRebinderAutoConfiguration$$EnhancerBySpringCGLIB$$859650fe] is not eligible for getting processed by all BeanPostProcessors (for example: not eligible for auto-proxying)
2020-03-05 20:54:46.326 [main] INFO  c.a.d.s.b.a.DruidDataSourceAutoConfigure - Init DruidDataSource
2020-03-05 20:54:47.049 [main] INFO  c.alibaba.druid.pool.DruidDataSource - {dataSource-1} inited
2020-03-05 20:54:47.343 [main] INFO  o.s.o.j.LocalContainerEntityManagerFactoryBean - Building JPA container EntityManagerFactory for persistence unit 'default'
2020-03-05 20:54:47.406 [main] INFO  o.h.jpa.internal.util.LogHelper - HHH000204: Processing PersistenceUnitInfo [
	name: default
	...]
2020-03-05 20:54:47.614 [main] INFO  org.hibernate.Version - HHH000412: Hibernate Core {5.2.16.Final}
2020-03-05 20:54:47.617 [main] INFO  org.hibernate.cfg.Environment - HHH000206: hibernate.properties not found
2020-03-05 20:54:47.691 [main] INFO  o.h.annotations.common.Version - HCANN000001: Hibernate Commons Annotations {5.0.1.Final}
2020-03-05 20:54:48.034 [main] INFO  org.hibernate.dialect.Dialect - HHH000400: Using dialect: org.hibernate.dialect.MySQL5Dialect
2020-03-05 20:54:49.276 [main] WARN  org.hibernate.id.UUIDHexGenerator - HHH000409: Using org.hibernate.id.UUIDHexGenerator which does not generate IETF RFC 4122 compliant UUID values; consider using org.hibernate.id.UUIDGenerator instead
2020-03-05 20:54:49.990 [main] INFO  o.s.o.j.LocalContainerEntityManagerFactoryBean - Initialized JPA EntityManagerFactory for persistence unit 'default'
2020-03-05 20:54:51.381 [main] INFO  o.s.c.a.AnnotationConfigApplicationContext - Refreshing FeignContext-nm-service-manage-cms: startup date [Thu Mar 05 20:54:51 CST 2020]; parent: org.springframework.web.context.support.GenericWebApplicationContext@7a138fc5
2020-03-05 20:54:51.412 [main] INFO  o.s.b.f.a.AutowiredAnnotationBeanPostProcessor - JSR-330 'javax.inject.Inject' annotation found and supported for autowiring
2020-03-05 20:54:52.237 [main] WARN  o.s.b.a.o.j.JpaBaseConfiguration$JpaWebConfiguration$JpaWebMvcConfiguration - spring.jpa.open-in-view is enabled by default. Therefore, database queries may be performed during view rendering. Explicitly configure spring.jpa.open-in-view to disable this warning
2020-03-05 20:54:52.327 [main] INFO  o.s.w.s.m.m.a.RequestMappingHandlerMapping - Mapped "{[/category/list],methods=[GET]}" onto public com.ningmeng.framework.domain.course.ext.CategoryNode com.ningmeng.manage_course.controller.CategoryController.findList()
2020-03-05 20:54:52.340 [main] INFO  o.s.w.s.m.m.a.RequestMappingHandlerMapping - Mapped "{[/course/publish/{id}],methods=[POST]}" onto public com.ningmeng.framework.domain.course.response.CoursePublishResult com.ningmeng.manage_course.controller.CourseController.publish(java.lang.String)
2020-03-05 20:54:52.340 [main] INFO  o.s.w.s.m.m.a.RequestMappingHandlerMapping - Mapped "{[/course/coursebase/list/{page}/{size}],methods=[GET]}" onto public com.ningmeng.framework.model.response.QueryResponseResult com.ningmeng.manage_course.controller.CourseController.findCourseList(int,int,com.ningmeng.framework.domain.course.request.CourseListRequest)
2020-03-05 20:54:52.340 [main] INFO  o.s.w.s.m.m.a.RequestMappingHandlerMapping - Mapped "{[/course/teachplan/add],methods=[POST]}" onto public com.ningmeng.framework.model.response.ResponseResult com.ningmeng.manage_course.controller.CourseController.addTeachplan(com.ningmeng.framework.domain.course.Teachplan)
2020-03-05 20:54:52.340 [main] INFO  o.s.w.s.m.m.a.RequestMappingHandlerMapping - Mapped "{[/course/coursepic/add],methods=[POST]}" onto public com.ningmeng.framework.model.response.ResponseResult com.ningmeng.manage_course.controller.CourseController.addCoursePic(java.lang.String,java.lang.String)
2020-03-05 20:54:52.341 [main] INFO  o.s.w.s.m.m.a.RequestMappingHandlerMapping - Mapped "{[/course/coursebase/add],methods=[POST]}" onto public com.ningmeng.framework.domain.course.response.AddCourseResult com.ningmeng.manage_course.controller.CourseController.addCourseBase(com.ningmeng.framework.domain.course.CourseBase)
2020-03-05 20:54:52.341 [main] INFO  o.s.w.s.m.m.a.RequestMappingHandlerMapping - Mapped "{[/course/coursepic/delete],methods=[DELETE]}" onto public com.ningmeng.framework.model.response.ResponseResult com.ningmeng.manage_course.controller.CourseController.deleteCoursePic(java.lang.String)
2020-03-05 20:54:52.341 [main] INFO  o.s.w.s.m.m.a.RequestMappingHandlerMapping - Mapped "{[/course/coursepic/list/{courseId}],methods=[GET]}" onto public com.ningmeng.framework.domain.course.CoursePic com.ningmeng.manage_course.controller.CourseController.findCoursePic(java.lang.String)
2020-03-05 20:54:52.341 [main] INFO  o.s.w.s.m.m.a.RequestMappingHandlerMapping - Mapped "{[/course/courseview/{id}],methods=[GET]}" onto public com.ningmeng.framework.domain.course.response.CourseView com.ningmeng.manage_course.controller.CourseController.courseview(java.lang.String)
2020-03-05 20:54:52.341 [main] INFO  o.s.w.s.m.m.a.RequestMappingHandlerMapping - Mapped "{[/course/preview/{id}],methods=[POST]}" onto public com.ningmeng.framework.domain.course.response.CoursePublishResult com.ningmeng.manage_course.controller.CourseController.preview(java.lang.String)
2020-03-05 20:54:52.342 [main] INFO  o.s.w.s.m.m.a.RequestMappingHandlerMapping - Mapped "{[/course/coursebase/update/{id}],methods=[PUT]}" onto public com.ningmeng.framework.model.response.ResponseResult com.ningmeng.manage_course.controller.CourseController.updateCourseBase(java.lang.String,com.ningmeng.framework.domain.course.CourseBase)
2020-03-05 20:54:52.342 [main] INFO  o.s.w.s.m.m.a.RequestMappingHandlerMapping - Mapped "{[/course/coursebase/get/{courseId}],methods=[GET]}" onto public com.ningmeng.framework.domain.course.CourseBase com.ningmeng.manage_course.controller.CourseController.getCourseBaseById(java.lang.String) throws java.lang.RuntimeException
2020-03-05 20:54:52.343 [main] INFO  o.s.w.s.m.m.a.RequestMappingHandlerMapping - Mapped "{[/course/coursemarket/update/{id}],methods=[POST]}" onto public com.ningmeng.framework.model.response.ResponseResult com.ningmeng.manage_course.controller.CourseController.updateCourseMarket(java.lang.String,com.ningmeng.framework.domain.course.CourseMarket)
2020-03-05 20:54:52.344 [main] INFO  o.s.w.s.m.m.a.RequestMappingHandlerMapping - Mapped "{[/course/teachplan/list/{courseId}],methods=[GET]}" onto public com.ningmeng.framework.domain.course.ext.TeachplanNode com.ningmeng.manage_course.controller.CourseController.findTeachplanList(java.lang.String)
2020-03-05 20:54:52.344 [main] INFO  o.s.w.s.m.m.a.RequestMappingHandlerMapping - Mapped "{[/course/coursemarket/get/{courseId}],methods=[GET]}" onto public com.ningmeng.framework.domain.course.CourseMarket com.ningmeng.manage_course.controller.CourseController.getCourseMarketById(java.lang.String)
2020-03-05 20:54:52.347 [main] INFO  o.s.w.s.m.m.a.RequestMappingHandlerMapping - Mapped "{[/swagger-resources/configuration/ui]}" onto public org.springframework.http.ResponseEntity<springfox.documentation.swagger.web.UiConfiguration> springfox.documentation.swagger.web.ApiResourceController.uiConfiguration()
2020-03-05 20:54:52.348 [main] INFO  o.s.w.s.m.m.a.RequestMappingHandlerMapping - Mapped "{[/swagger-resources]}" onto public org.springframework.http.ResponseEntity<java.util.List<springfox.documentation.swagger.web.SwaggerResource>> springfox.documentation.swagger.web.ApiResourceController.swaggerResources()
2020-03-05 20:54:52.349 [main] INFO  o.s.w.s.m.m.a.RequestMappingHandlerMapping - Mapped "{[/swagger-resources/configuration/security]}" onto public org.springframework.http.ResponseEntity<springfox.documentation.swagger.web.SecurityConfiguration> springfox.documentation.swagger.web.ApiResourceController.securityConfiguration()
2020-03-05 20:54:52.354 [main] INFO  o.s.w.s.m.m.a.RequestMappingHandlerMapping - Mapped "{[/error]}" onto public org.springframework.http.ResponseEntity<java.util.Map<java.lang.String, java.lang.Object>> org.springframework.boot.autoconfigure.web.servlet.error.BasicErrorController.error(javax.servlet.http.HttpServletRequest)
2020-03-05 20:54:52.356 [main] INFO  o.s.w.s.m.m.a.RequestMappingHandlerMapping - Mapped "{[/error],produces=[text/html]}" onto public org.springframework.web.servlet.ModelAndView org.springframework.boot.autoconfigure.web.servlet.error.BasicErrorController.errorHtml(javax.servlet.http.HttpServletRequest,javax.servlet.http.HttpServletResponse)
2020-03-05 20:54:52.651 [main] INFO  s.d.s.w.PropertySourcedRequestMappingHandlerMapping - Mapped URL path [/v2/api-docs] onto method [public org.springframework.http.ResponseEntity<springfox.documentation.spring.web.json.Json> springfox.documentation.swagger2.web.Swagger2Controller.getDocumentation(java.lang.String,javax.servlet.http.HttpServletRequest)]
2020-03-05 20:54:53.271 [main] WARN  c.n.c.sources.URLConfigurationSource - No URLs will be polled as dynamic configuration sources.
2020-03-05 20:54:53.271 [main] INFO  c.n.c.sources.URLConfigurationSource - To enable URLs as dynamic configuration sources, define System property archaius.configurationSource.additionalUrls or make config.properties available on classpath.
2020-03-05 20:54:53.286 [main] WARN  c.n.c.sources.URLConfigurationSource - No URLs will be polled as dynamic configuration sources.
2020-03-05 20:54:53.286 [main] INFO  c.n.c.sources.URLConfigurationSource - To enable URLs as dynamic configuration sources, define System property archaius.configurationSource.additionalUrls or make config.properties available on classpath.
2020-03-05 20:54:53.463 [main] INFO  o.s.w.s.h.SimpleUrlHandlerMapping - Mapped URL path [/**/favicon.ico] onto handler of type [class org.springframework.web.servlet.resource.ResourceHttpRequestHandler]
2020-03-05 20:54:53.829 [main] INFO  o.s.w.s.m.m.a.RequestMappingHandlerAdapter - Looking for @ControllerAdvice: org.springframework.web.context.support.GenericWebApplicationContext@7a138fc5: startup date [Thu Mar 05 20:54:43 CST 2020]; parent: org.springframework.context.annotation.AnnotationConfigApplicationContext@66c61024
2020-03-05 20:54:53.920 [main] INFO  o.s.w.s.h.SimpleUrlHandlerMapping - Mapped URL path [/webjars/**] onto handler of type [class org.springframework.web.servlet.resource.ResourceHttpRequestHandler]
2020-03-05 20:54:53.920 [main] INFO  o.s.w.s.h.SimpleUrlHandlerMapping - Mapped URL path [/**] onto handler of type [class org.springframework.web.servlet.resource.ResourceHttpRequestHandler]
2020-03-05 20:54:53.943 [main] INFO  o.s.w.s.m.m.a.ExceptionHandlerExceptionResolver - Detected @ExceptionHandler methods in exceptionCatch
2020-03-05 20:54:55.812 [main] INFO  org.mongodb.driver.cluster - Cluster created with settings {hosts=[localhost:27017], mode=SINGLE, requiredClusterType=UNKNOWN, serverSelectionTimeout='30000 ms', maxWaitQueueSize=500}
2020-03-05 20:54:55.884 [cluster-ClusterId{value='5e60f69fedb0a9500c2408b4', description='null'}-localhost:27017] INFO  org.mongodb.driver.connection - Opened connection [connectionId{localValue:1, serverValue:294}] to localhost:27017
2020-03-05 20:54:55.892 [cluster-ClusterId{value='5e60f69fedb0a9500c2408b4', description='null'}-localhost:27017] INFO  org.mongodb.driver.cluster - Monitor thread successfully connected to server with description ServerDescription{address=localhost:27017, type=STANDALONE, state=CONNECTED, ok=true, version=ServerVersion{versionList=[3, 4, 18]}, minWireVersion=0, maxWireVersion=5, maxDocumentSize=16777216, logicalSessionTimeoutMinutes=null, roundTripTimeNanos=3517500}
2020-03-05 20:54:59.513 [main] INFO  o.s.c.s.DefaultLifecycleProcessor - Starting beans in phase 0
2020-03-05 20:54:59.525 [main] INFO  o.s.c.s.DefaultLifecycleProcessor - Starting beans in phase 2147483647
2020-03-05 20:54:59.526 [main] INFO  s.d.s.w.p.DocumentationPluginsBootstrapper - Context refreshed
2020-03-05 20:54:59.549 [main] INFO  s.d.s.w.p.DocumentationPluginsBootstrapper - Found 1 custom documentation plugin(s)
2020-03-05 20:54:59.594 [main] INFO  s.d.s.w.s.ApiListingReferenceScanner - Scanning for api listing references
2020-03-05 20:54:59.976 [main] DEBUG o.s.b.a.l.ConditionEvaluationReportLoggingListener - 


============================
CONDITIONS EVALUATION REPORT
============================


Positive matches:
-----------------

   AopAutoConfiguration matched:
      - @ConditionalOnClass found required classes 'org.springframework.context.annotation.EnableAspectJAutoProxy', 'org.aspectj.lang.annotation.Aspect', 'org.aspectj.lang.reflect.Advice', 'org.aspectj.weaver.AnnotatedElement'; @ConditionalOnMissingClass did not find unwanted class (OnClassCondition)
      - @ConditionalOnProperty (spring.aop.auto=true) matched (OnPropertyCondition)

   AopAutoConfiguration.CglibAutoProxyConfiguration matched:
      - @ConditionalOnProperty (spring.aop.proxy-target-class=true) matched (OnPropertyCondition)

   ArchaiusAutoConfiguration matched:
      - @ConditionalOnClass found required classes 'com.netflix.config.ConcurrentCompositeConfiguration', 'org.apache.commons.configuration.ConfigurationBuilder'; @ConditionalOnMissingClass did not find unwanted class (OnClassCondition)

   ArchaiusAutoConfiguration.PropagateEventsConfiguration matched:
      - @ConditionalOnClass found required class 'org.springframework.cloud.context.environment.EnvironmentChangeEvent'; @ConditionalOnMissingClass did not find unwanted class (OnClassCondition)
      - @ConditionalOnProperty (archaius.propagate.environmentChangedEvent) matched (OnPropertyCondition)

   AsyncLoadBalancerAutoConfiguration matched:
      - @ConditionalOnClass found required class 'org.springframework.web.client.AsyncRestTemplate'; @ConditionalOnMissingClass did not find unwanted class (OnClassCondition)
      - @ConditionalOnBean (types: org.springframework.cloud.client.loadbalancer.LoadBalancerClient; SearchStrategy: all) found bean 'loadBalancerClient' (OnBeanCondition)

   AutoServiceRegistrationAutoConfiguration matched:
      - @ConditionalOnProperty (spring.cloud.service-registry.auto-registration.enabled) matched (OnPropertyCondition)

   AutoServiceRegistrationConfiguration matched:
      - @ConditionalOnProperty (spring.cloud.service-registry.auto-registration.enabled) matched (OnPropertyCondition)

   CodecsAutoConfiguration matched:
      - @ConditionalOnClass found required class 'org.springframework.http.codec.CodecConfigurer'; @ConditionalOnMissingClass did not find unwanted class (OnClassCondition)

   CodecsAutoConfiguration.JacksonCodecConfiguration matched:
      - @ConditionalOnClass found required class 'com.fasterxml.jackson.databind.ObjectMapper'; @ConditionalOnMissingClass did not find unwanted class (OnClassCondition)

   CodecsAutoConfiguration.JacksonCodecConfiguration#jacksonCodecCustomizer matched:
      - @ConditionalOnBean (types: com.fasterxml.jackson.databind.ObjectMapper; SearchStrategy: all) found bean 'jacksonObjectMapper' (OnBeanCondition)

   ConfigurationPropertiesRebinderAutoConfiguration matched:
      - @ConditionalOnBean (types: org.springframework.boot.context.properties.ConfigurationPropertiesBindingPostProcessor; SearchStrategy: all) found bean 'org.springframework.boot.context.properties.ConfigurationPropertiesBindingPostProcessor' (OnBeanCondition)

   ConfigurationPropertiesRebinderAutoConfiguration#configurationPropertiesBeans matched:
      - @ConditionalOnMissingBean (types: org.springframework.cloud.context.properties.ConfigurationPropertiesBeans; SearchStrategy: current) did not find any beans (OnBeanCondition)

   ConfigurationPropertiesRebinderAutoConfiguration#configurationPropertiesRebinder matched:
      - @ConditionalOnMissingBean (types: org.springframework.cloud.context.properties.ConfigurationPropertiesRebinder; SearchStrategy: current) did not find any beans (OnBeanCondition)

   DataSourceAutoConfiguration matched:
      - @ConditionalOnClass found required classes 'javax.sql.DataSource', 'org.springframework.jdbc.datasource.embedded.EmbeddedDatabaseType'; @ConditionalOnMissingClass did not find unwanted class (OnClassCondition)

   DataSourceConfiguration.Hikari matched:
      - @ConditionalOnClass found required class 'com.zaxxer.hikari.HikariDataSource'; @ConditionalOnMissingClass did not find unwanted class (OnClassCondition)
      - @ConditionalOnProperty (spring.datasource.type=com.zaxxer.hikari.HikariDataSource) matched (OnPropertyCondition)

   DataSourcePoolMetadataProvidersConfiguration.HikariPoolDataSourceMetadataProviderConfiguration matched:
      - @ConditionalOnClass found required class 'com.zaxxer.hikari.HikariDataSource'; @ConditionalOnMissingClass did not find unwanted class (OnClassCondition)

   DataSourceTransactionManagerAutoConfiguration matched:
      - @ConditionalOnClass found required classes 'org.springframework.jdbc.core.JdbcTemplate', 'org.springframework.transaction.PlatformTransactionManager'; @ConditionalOnMissingClass did not find unwanted class (OnClassCondition)

   DataSourceTransactionManagerAutoConfiguration.DataSourceTransactionManagerConfiguration matched:
      - @ConditionalOnSingleCandidate (types: javax.sql.DataSource; SearchStrategy: all) found a primary bean from beans 'dataSource' (OnBeanCondition)

   DefaultFeignLoadBalancedConfiguration#feignClient matched:
      - @ConditionalOnMissingBean (types: feign.Client; SearchStrategy: all) did not find any beans (OnBeanCondition)

   DiscoveryClientOptionalArgsConfiguration#discoveryClientOptionalArgs matched:
      - @ConditionalOnClass found required class 'com.sun.jersey.api.client.filter.ClientFilter'; @ConditionalOnMissingClass did not find unwanted class (OnClassCondition)
      - @ConditionalOnMissingBean (types: com.netflix.discovery.AbstractDiscoveryClientOptionalArgs; SearchStrategy: current) did not find any beans (OnBeanCondition)

   DispatcherServletAutoConfiguration matched:
      - @ConditionalOnClass found required class 'org.springframework.web.servlet.DispatcherServlet'; @ConditionalOnMissingClass did not find unwanted class (OnClassCondition)
      - found 'session' scope (OnWebApplicationCondition)

   DispatcherServletAutoConfiguration.DispatcherServletConfiguration matched:
      - @ConditionalOnClass found required class 'javax.servlet.ServletRegistration'; @ConditionalOnMissingClass did not find unwanted class (OnClassCondition)
      - Default DispatcherServlet did not find dispatcher servlet beans (DispatcherServletAutoConfiguration.DefaultDispatcherServletCondition)

   DispatcherServletAutoConfiguration.DispatcherServletRegistrationConfiguration matched:
      - @ConditionalOnClass found required class 'javax.servlet.ServletRegistration'; @ConditionalOnMissingClass did not find unwanted class (OnClassCondition)
      - DispatcherServlet Registration did not find servlet registration bean (DispatcherServletAutoConfiguration.DispatcherServletRegistrationCondition)

   DispatcherServletAutoConfiguration.DispatcherServletRegistrationConfiguration#dispatcherServletRegistration matched:
      - @ConditionalOnBean (names: dispatcherServlet; types: org.springframework.web.servlet.DispatcherServlet; SearchStrategy: all) found bean 'dispatcherServlet' (OnBeanCondition)

   DruidDataSourceAutoConfigure matched:
      - @ConditionalOnClass found required class 'com.alibaba.druid.pool.DruidDataSource'; @ConditionalOnMissingClass did not find unwanted class (OnClassCondition)

   DruidDataSourceAutoConfigure#dataSource matched:
      - @ConditionalOnMissingBean (types: javax.sql.DataSource; SearchStrategy: all) did not find any beans (OnBeanCondition)

   DruidFilterConfiguration#statFilter matched:
      - @ConditionalOnProperty (spring.datasource.druid.filter.stat.enabled) matched (OnPropertyCondition)
      - @ConditionalOnMissingBean (types: com.alibaba.druid.filter.stat.StatFilter; SearchStrategy: all) did not find any beans (OnBeanCondition)

   DruidStatViewServletConfiguration matched:
      - @ConditionalOnWebApplication (required) found 'session' scope (OnWebApplicationCondition)
      - @ConditionalOnProperty (spring.datasource.druid.stat-view-servlet.enabled=true) matched (OnPropertyCondition)

   DruidWebStatFilterConfiguration matched:
      - @ConditionalOnWebApplication (required) found 'session' scope (OnWebApplicationCondition)
      - @ConditionalOnProperty (spring.datasource.druid.web-stat-filter.enabled=true) matched (OnPropertyCondition)

   EmbeddedWebServerFactoryCustomizerAutoConfiguration.TomcatWebServerFactoryCustomizerConfiguration matched:
      - @ConditionalOnClass found required classes 'org.apache.catalina.startup.Tomcat', 'org.apache.coyote.UpgradeProtocol'; @ConditionalOnMissingClass did not find unwanted class (OnClassCondition)

   ErrorMvcAutoConfiguration matched:
      - @ConditionalOnClass found required classes 'javax.servlet.Servlet', 'org.springframework.web.servlet.DispatcherServlet'; @ConditionalOnMissingClass did not find unwanted class (OnClassCondition)
      - found 'session' scope (OnWebApplicationCondition)

   ErrorMvcAutoConfiguration#basicErrorController matched:
      - @ConditionalOnMissingBean (types: org.springframework.boot.web.servlet.error.ErrorController; SearchStrategy: current) did not find any beans (OnBeanCondition)

   ErrorMvcAutoConfiguration#errorAttributes matched:
      - @ConditionalOnMissingBean (types: org.springframework.boot.web.servlet.error.ErrorAttributes; SearchStrategy: current) did not find any beans (OnBeanCondition)

   ErrorMvcAutoConfiguration.DefaultErrorViewResolverConfiguration#conventionErrorViewResolver matched:
      - @ConditionalOnBean (types: org.springframework.web.servlet.DispatcherServlet; SearchStrategy: all) found bean 'dispatcherServlet'; @ConditionalOnMissingBean (types: org.springframework.boot.autoconfigure.web.servlet.error.DefaultErrorViewResolver; SearchStrategy: all) did not find any beans (OnBeanCondition)

   ErrorMvcAutoConfiguration.WhitelabelErrorViewConfiguration matched:
      - @ConditionalOnProperty (server.error.whitelabel.enabled) matched (OnPropertyCondition)
      - ErrorTemplate Missing did not find error template view (ErrorMvcAutoConfiguration.ErrorTemplateMissingCondition)

   ErrorMvcAutoConfiguration.WhitelabelErrorViewConfiguration#beanNameViewResolver matched:
      - @ConditionalOnMissingBean (types: org.springframework.web.servlet.view.BeanNameViewResolver; SearchStrategy: all) did not find any beans (OnBeanCondition)

   ErrorMvcAutoConfiguration.WhitelabelErrorViewConfiguration#defaultErrorView matched:
      - @ConditionalOnMissingBean (names: error; SearchStrategy: all) did not find any beans (OnBeanCondition)

   EurekaClientAutoConfiguration matched:
      - @ConditionalOnClass found required class 'com.netflix.discovery.EurekaClientConfig'; @ConditionalOnMissingClass did not find unwanted class (OnClassCondition)
      - @ConditionalOnProperty (eureka.client.enabled) matched (OnPropertyCondition)
      - @ConditionalOnBean (types: org.springframework.cloud.netflix.eureka.EurekaDiscoveryClientConfiguration$Marker; SearchStrategy: all) found bean 'eurekaDiscoverClientMarker' (OnBeanCondition)

   EurekaClientAutoConfiguration#eurekaAutoServiceRegistration matched:
      - @ConditionalOnProperty (spring.cloud.service-registry.auto-registration.enabled) matched (OnPropertyCondition)
      - @ConditionalOnBean (types: org.springframework.cloud.client.serviceregistry.AutoServiceRegistrationProperties; SearchStrategy: all) found bean 'spring.cloud.service-registry.auto-registration-org.springframework.cloud.client.serviceregistry.AutoServiceRegistrationProperties' (OnBeanCondition)

   EurekaClientAutoConfiguration#eurekaClientConfigBean matched:
      - @ConditionalOnMissingBean (types: com.netflix.discovery.EurekaClientConfig; SearchStrategy: current) did not find any beans (OnBeanCondition)

   EurekaClientAutoConfiguration#eurekaInstanceConfigBean matched:
      - @ConditionalOnMissingBean (types: com.netflix.appinfo.EurekaInstanceConfig; SearchStrategy: current) did not find any beans (OnBeanCondition)

   EurekaClientAutoConfiguration#serviceManagementMetadataProvider matched:
      - @ConditionalOnMissingBean (types: org.springframework.cloud.netflix.eureka.metadata.ManagementMetadataProvider; SearchStrategy: all) did not find any beans (OnBeanCondition)

   EurekaClientAutoConfiguration.RefreshableEurekaClientConfiguration matched:
      - @ConditionalOnClass found required class 'org.springframework.cloud.context.scope.refresh.RefreshScope'; @ConditionalOnMissingClass did not find unwanted class (OnClassCondition)
      - @ConditionalOnBean (types: org.springframework.cloud.autoconfigure.RefreshAutoConfiguration; SearchStrategy: all) found bean 'org.springframework.cloud.autoconfigure.RefreshAutoConfiguration' (OnBeanCondition)

   EurekaClientAutoConfiguration.RefreshableEurekaClientConfiguration#eurekaApplicationInfoManager matched:
      - @ConditionalOnMissingBean (types: com.netflix.appinfo.ApplicationInfoManager; SearchStrategy: current) did not find any beans (OnBeanCondition)

   EurekaClientAutoConfiguration.RefreshableEurekaClientConfiguration#eurekaClient matched:
      - @ConditionalOnMissingBean (types: com.netflix.discovery.EurekaClient; SearchStrategy: current) did not find any beans (OnBeanCondition)

   EurekaClientAutoConfiguration.RefreshableEurekaClientConfiguration#eurekaRegistration matched:
      - @ConditionalOnProperty (spring.cloud.service-registry.auto-registration.enabled) matched (OnPropertyCondition)
      - @ConditionalOnBean (types: org.springframework.cloud.client.serviceregistry.AutoServiceRegistrationProperties; SearchStrategy: all) found bean 'spring.cloud.service-registry.auto-registration-org.springframework.cloud.client.serviceregistry.AutoServiceRegistrationProperties' (OnBeanCondition)

   EurekaDiscoveryClientConfiguration matched:
      - @ConditionalOnClass found required class 'com.netflix.discovery.EurekaClientConfig'; @ConditionalOnMissingClass did not find unwanted class (OnClassCondition)
      - @ConditionalOnProperty (eureka.client.enabled) matched (OnPropertyCondition)

   EurekaDiscoveryClientConfiguration.EurekaClientConfigurationRefresher matched:
      - @ConditionalOnClass found required class 'org.springframework.cloud.context.scope.refresh.RefreshScopeRefreshedEvent'; @ConditionalOnMissingClass did not find unwanted class (OnClassCondition)

   FeignAutoConfiguration matched:
      - @ConditionalOnClass found required class 'feign.Feign'; @ConditionalOnMissingClass did not find unwanted class (OnClassCondition)

   FeignAutoConfiguration.HystrixFeignTargeterConfiguration matched:
      - @ConditionalOnClass found required class 'feign.hystrix.HystrixFeign'; @ConditionalOnMissingClass did not find unwanted class (OnClassCondition)

   FeignAutoConfiguration.HystrixFeignTargeterConfiguration#feignTargeter matched:
      - @ConditionalOnMissingBean (types: org.springframework.cloud.openfeign.Targeter; SearchStrategy: all) did not find any beans (OnBeanCondition)

   FeignRibbonClientAutoConfiguration matched:
      - @ConditionalOnClass found required classes 'com.netflix.loadbalancer.ILoadBalancer', 'feign.Feign'; @ConditionalOnMissingClass did not find unwanted class (OnClassCondition)

   FeignRibbonClientAutoConfiguration#cachingLBClientFactory matched:
      - @ConditionalOnClass found required class; @ConditionalOnMissingClass did not find unwanted class 'org.springframework.retry.support.RetryTemplate' (OnClassCondition)

   FeignRibbonClientAutoConfiguration#feignRequestOptions matched:
      - @ConditionalOnMissingBean (types: feign.Request$Options; SearchStrategy: all) did not find any beans (OnBeanCondition)

   GenericCacheConfiguration matched:
      - Cache org.springframework.boot.autoconfigure.cache.GenericCacheConfiguration automatic cache type (CacheCondition)

   GsonAutoConfiguration matched:
      - @ConditionalOnClass found required class 'com.google.gson.Gson'; @ConditionalOnMissingClass did not find unwanted class (OnClassCondition)

   GsonAutoConfiguration#gson matched:
      - @ConditionalOnMissingBean (types: com.google.gson.Gson; SearchStrategy: all) did not find any beans (OnBeanCondition)

   GsonAutoConfiguration#gsonBuilder matched:
      - @ConditionalOnMissingBean (types: com.google.gson.GsonBuilder; SearchStrategy: all) did not find any beans (OnBeanCondition)

   GsonHttpMessageConvertersConfiguration matched:
      - @ConditionalOnClass found required class 'com.google.gson.Gson'; @ConditionalOnMissingClass did not find unwanted class (OnClassCondition)

   HibernateJpaAutoConfiguration matched:
      - @ConditionalOnClass found required classes 'org.springframework.orm.jpa.LocalContainerEntityManagerFactoryBean', 'javax.persistence.EntityManager'; @ConditionalOnMissingClass did not find unwanted class (OnClassCondition)
      - HibernateEntityManager found class 'org.hibernate.ejb.HibernateEntityManager' (HibernateJpaAutoConfiguration.HibernateEntityManagerCondition)

   HibernateJpaConfiguration matched:
      - @ConditionalOnSingleCandidate (types: javax.sql.DataSource; SearchStrategy: all) found a primary bean from beans 'dataSource' (OnBeanCondition)

   HttpClientConfiguration.ApacheHttpClientConfiguration matched:
      - @ConditionalOnClass found required class 'org.apache.http.client.HttpClient'; @ConditionalOnMissingClass did not find unwanted class (OnClassCondition)
      - @ConditionalOnProperty (spring.cloud.httpclientfactories.apache.enabled) matched (OnPropertyCondition)

   HttpClientConfiguration.ApacheHttpClientConfiguration#apacheHttpClientBuilder matched:
      - @ConditionalOnMissingBean (types: org.apache.http.impl.client.HttpClientBuilder; SearchStrategy: all) did not find any beans (OnBeanCondition)

   HttpClientConfiguration.ApacheHttpClientConfiguration#apacheHttpClientFactory matched:
      - @ConditionalOnMissingBean (types: org.springframework.cloud.commons.httpclient.ApacheHttpClientFactory; SearchStrategy: all) did not find any beans (OnBeanCondition)

   HttpClientConfiguration.ApacheHttpClientConfiguration#connManFactory matched:
      - @ConditionalOnMissingBean (types: org.springframework.cloud.commons.httpclient.ApacheHttpClientConnectionManagerFactory; SearchStrategy: all) did not find any beans (OnBeanCondition)

   HttpClientConfiguration.OkHttpClientConfiguration matched:
      - @ConditionalOnClass found required class 'okhttp3.OkHttpClient'; @ConditionalOnMissingClass did not find unwanted class (OnClassCondition)
      - @ConditionalOnProperty (spring.cloud.httpclientfactories.ok.enabled) matched (OnPropertyCondition)

   HttpClientConfiguration.OkHttpClientConfiguration#connPoolFactory matched:
      - @ConditionalOnMissingBean (types: org.springframework.cloud.commons.httpclient.OkHttpClientConnectionPoolFactory; SearchStrategy: all) did not find any beans (OnBeanCondition)

   HttpClientConfiguration.OkHttpClientConfiguration#okHttpClientBuilder matched:
      - @ConditionalOnMissingBean (types: okhttp3.OkHttpClient$Builder; SearchStrategy: all) did not find any beans (OnBeanCondition)

   HttpClientConfiguration.OkHttpClientConfiguration#okHttpClientFactory matched:
      - @ConditionalOnMissingBean (types: org.springframework.cloud.commons.httpclient.OkHttpClientFactory; SearchStrategy: all) did not find any beans (OnBeanCondition)

   HttpEncodingAutoConfiguration matched:
      - @ConditionalOnClass found required class 'org.springframework.web.filter.CharacterEncodingFilter'; @ConditionalOnMissingClass did not find unwanted class (OnClassCondition)
      - found 'session' scope (OnWebApplicationCondition)
      - @ConditionalOnProperty (spring.http.encoding.enabled) matched (OnPropertyCondition)

   HttpEncodingAutoConfiguration#characterEncodingFilter matched:
      - @ConditionalOnMissingBean (types: org.springframework.web.filter.CharacterEncodingFilter; SearchStrategy: all) did not find any beans (OnBeanCondition)

   HttpMessageConvertersAutoConfiguration matched:
      - @ConditionalOnClass found required class 'org.springframework.http.converter.HttpMessageConverter'; @ConditionalOnMissingClass did not find unwanted class (OnClassCondition)

   HttpMessageConvertersAutoConfiguration#messageConverters matched:
      - @ConditionalOnMissingBean (types: org.springframework.boot.autoconfigure.http.HttpMessageConverters; SearchStrategy: all) did not find any beans (OnBeanCondition)

   HttpMessageConvertersAutoConfiguration.StringHttpMessageConverterConfiguration matched:
      - @ConditionalOnClass found required class 'org.springframework.http.converter.StringHttpMessageConverter'; @ConditionalOnMissingClass did not find unwanted class (OnClassCondition)

   HttpMessageConvertersAutoConfiguration.StringHttpMessageConverterConfiguration#stringHttpMessageConverter matched:
      - @ConditionalOnMissingBean (types: org.springframework.http.converter.StringHttpMessageConverter; SearchStrategy: all) did not find any beans (OnBeanCondition)

   JacksonAutoConfiguration matched:
      - @ConditionalOnClass found required class 'com.fasterxml.jackson.databind.ObjectMapper'; @ConditionalOnMissingClass did not find unwanted class (OnClassCondition)

   JacksonAutoConfiguration.Jackson2ObjectMapperBuilderCustomizerConfiguration matched:
      - @ConditionalOnClass found required class 'org.springframework.http.converter.json.Jackson2ObjectMapperBuilder'; @ConditionalOnMissingClass did not find unwanted class (OnClassCondition)

   JacksonAutoConfiguration.JacksonObjectMapperBuilderConfiguration matched:
      - @ConditionalOnClass found required class 'org.springframework.http.converter.json.Jackson2ObjectMapperBuilder'; @ConditionalOnMissingClass did not find unwanted class (OnClassCondition)

   JacksonAutoConfiguration.JacksonObjectMapperBuilderConfiguration#jacksonObjectMapperBuilder matched:
      - @ConditionalOnMissingBean (types: org.springframework.http.converter.json.Jackson2ObjectMapperBuilder; SearchStrategy: all) did not find any beans (OnBeanCondition)

   JacksonAutoConfiguration.JacksonObjectMapperConfiguration matched:
      - @ConditionalOnClass found required class 'org.springframework.http.converter.json.Jackson2ObjectMapperBuilder'; @ConditionalOnMissingClass did not find unwanted class (OnClassCondition)

   JacksonAutoConfiguration.JacksonObjectMapperConfiguration#jacksonObjectMapper matched:
      - @ConditionalOnMissingBean (types: com.fasterxml.jackson.databind.ObjectMapper; SearchStrategy: all) did not find any beans (OnBeanCondition)

   JacksonAutoConfiguration.ParameterNamesModuleConfiguration matched:
      - @ConditionalOnClass found required class 'com.fasterxml.jackson.module.paramnames.ParameterNamesModule'; @ConditionalOnMissingClass did not find unwanted class (OnClassCondition)

   JacksonAutoConfiguration.ParameterNamesModuleConfiguration#parameterNamesModule matched:
      - @ConditionalOnMissingBean (types: com.fasterxml.jackson.module.paramnames.ParameterNamesModule; SearchStrategy: all) did not find any beans (OnBeanCondition)

   JacksonHttpMessageConvertersConfiguration.MappingJackson2HttpMessageConverterConfiguration matched:
      - @ConditionalOnClass found required class 'com.fasterxml.jackson.databind.ObjectMapper'; @ConditionalOnMissingClass did not find unwanted class (OnClassCondition)
      - @ConditionalOnProperty (spring.http.converters.preferred-json-mapper=jackson) matched (OnPropertyCondition)
      - @ConditionalOnBean (types: com.fasterxml.jackson.databind.ObjectMapper; SearchStrategy: all) found bean 'jacksonObjectMapper' (OnBeanCondition)

   JacksonHttpMessageConvertersConfiguration.MappingJackson2HttpMessageConverterConfiguration#mappingJackson2HttpMessageConverter matched:
      - @ConditionalOnMissingBean (types: org.springframework.http.converter.json.MappingJackson2HttpMessageConverter; SearchStrategy: all) did not find any beans (OnBeanCondition)

   JdbcTemplateAutoConfiguration matched:
      - @ConditionalOnClass found required classes 'javax.sql.DataSource', 'org.springframework.jdbc.core.JdbcTemplate'; @ConditionalOnMissingClass did not find unwanted class (OnClassCondition)
      - @ConditionalOnSingleCandidate (types: javax.sql.DataSource; SearchStrategy: all) found a primary bean from beans 'dataSource' (OnBeanCondition)

   JdbcTemplateAutoConfiguration.JdbcTemplateConfiguration#jdbcTemplate matched:
      - @ConditionalOnMissingBean (types: org.springframework.jdbc.core.JdbcOperations; SearchStrategy: all) did not find any beans (OnBeanCondition)

   JdbcTemplateAutoConfiguration.NamedParameterJdbcTemplateConfiguration#namedParameterJdbcTemplate matched:
      - @ConditionalOnSingleCandidate (types: org.springframework.jdbc.core.JdbcTemplate; SearchStrategy: all) found a primary bean from beans 'jdbcTemplate'; @ConditionalOnMissingBean (types: org.springframework.jdbc.core.namedparam.NamedParameterJdbcOperations; SearchStrategy: all) did not find any beans (OnBeanCondition)

   JpaBaseConfiguration#entityManagerFactory matched:
      - @ConditionalOnMissingBean (types: org.springframework.orm.jpa.LocalContainerEntityManagerFactoryBean,javax.persistence.EntityManagerFactory; SearchStrategy: all) did not find any beans (OnBeanCondition)

   JpaBaseConfiguration#entityManagerFactoryBuilder matched:
      - @ConditionalOnMissingBean (types: org.springframework.boot.orm.jpa.EntityManagerFactoryBuilder; SearchStrategy: all) did not find any beans (OnBeanCondition)

   JpaBaseConfiguration#jpaVendorAdapter matched:
      - @ConditionalOnMissingBean (types: org.springframework.orm.jpa.JpaVendorAdapter; SearchStrategy: all) did not find any beans (OnBeanCondition)

   JpaBaseConfiguration#transactionManager matched:
      - @ConditionalOnMissingBean (types: org.springframework.transaction.PlatformTransactionManager; SearchStrategy: all) did not find any beans (OnBeanCondition)

   JpaBaseConfiguration.JpaWebConfiguration matched:
      - @ConditionalOnClass found required class 'org.springframework.web.servlet.config.annotation.WebMvcConfigurer'; @ConditionalOnMissingClass did not find unwanted class (OnClassCondition)
      - found 'session' scope (OnWebApplicationCondition)
      - @ConditionalOnProperty (spring.jpa.open-in-view=true) matched (OnPropertyCondition)
      - @ConditionalOnMissingBean (types: org.springframework.orm.jpa.support.OpenEntityManagerInViewInterceptor,org.springframework.orm.jpa.support.OpenEntityManagerInViewFilter; SearchStrategy: all) did not find any beans (OnBeanCondition)

   JpaRepositoriesAutoConfiguration matched:
      - @ConditionalOnClass found required class 'org.springframework.data.jpa.repository.JpaRepository'; @ConditionalOnMissingClass did not find unwanted class (OnClassCondition)
      - @ConditionalOnProperty (spring.data.jpa.repositories.enabled=true) matched (OnPropertyCondition)
      - @ConditionalOnBean (types: javax.sql.DataSource; SearchStrategy: all) found bean 'dataSource'; @ConditionalOnMissingBean (types: org.springframework.data.jpa.repository.support.JpaRepositoryFactoryBean,org.springframework.data.jpa.repository.config.JpaRepositoryConfigExtension; SearchStrategy: all) did not find any beans (OnBeanCondition)

   JtaAutoConfiguration matched:
      - @ConditionalOnClass found required class 'javax.transaction.Transaction'; @ConditionalOnMissingClass did not find unwanted class (OnClassCondition)
      - @ConditionalOnProperty (spring.jta.enabled) matched (OnPropertyCondition)

   LifecycleMvcEndpointAutoConfiguration#environmentManager matched:
      - @ConditionalOnMissingBean (types: org.springframework.cloud.context.environment.EnvironmentManager; SearchStrategy: all) did not find any beans (OnBeanCondition)

   LoadBalancerAutoConfiguration matched:
      - @ConditionalOnClass found required class 'org.springframework.web.client.RestTemplate'; @ConditionalOnMissingClass did not find unwanted class (OnClassCondition)
      - @ConditionalOnBean (types: org.springframework.cloud.client.loadbalancer.LoadBalancerClient; SearchStrategy: all) found bean 'loadBalancerClient' (OnBeanCondition)

   LoadBalancerAutoConfiguration#loadBalancerRequestFactory matched:
      - @ConditionalOnMissingBean (types: org.springframework.cloud.client.loadbalancer.LoadBalancerRequestFactory; SearchStrategy: all) did not find any beans (OnBeanCondition)

   LoadBalancerAutoConfiguration.LoadBalancerInterceptorConfig matched:
      - @ConditionalOnClass found required class; @ConditionalOnMissingClass did not find unwanted class 'org.springframework.retry.support.RetryTemplate' (OnClassCondition)

   LoadBalancerAutoConfiguration.LoadBalancerInterceptorConfig#restTemplateCustomizer matched:
      - @ConditionalOnMissingBean (types: org.springframework.cloud.client.loadbalancer.RestTemplateCustomizer; SearchStrategy: all) did not find any beans (OnBeanCondition)

   MongoAutoConfiguration matched:
      - @ConditionalOnClass found required class 'com.mongodb.MongoClient'; @ConditionalOnMissingClass did not find unwanted class (OnClassCondition)
      - @ConditionalOnMissingBean (types: org.springframework.data.mongodb.MongoDbFactory; SearchStrategy: all) did not find any beans (OnBeanCondition)

   MongoAutoConfiguration#mongo matched:
      - @ConditionalOnMissingBean (types: com.mongodb.MongoClient; SearchStrategy: all) did not find any beans (OnBeanCondition)

   MongoDataAutoConfiguration matched:
      - @ConditionalOnClass found required classes 'com.mongodb.MongoClient', 'org.springframework.data.mongodb.core.MongoTemplate'; @ConditionalOnMissingClass did not find unwanted class (OnClassCondition)

   MongoDataAutoConfiguration#gridFsTemplate matched:
      - @ConditionalOnMissingBean (types: org.springframework.data.mongodb.gridfs.GridFsTemplate; SearchStrategy: all) did not find any beans (OnBeanCondition)

   MongoDataAutoConfiguration#mappingMongoConverter matched:
      - @ConditionalOnMissingBean (types: org.springframework.data.mongodb.core.convert.MongoConverter; SearchStrategy: all) did not find any beans (OnBeanCondition)

   MongoDataAutoConfiguration#mongoCustomConversions matched:
      - @ConditionalOnMissingBean (types: org.springframework.data.mongodb.core.convert.MongoCustomConversions; SearchStrategy: all) did not find any beans (OnBeanCondition)

   MongoDataAutoConfiguration#mongoDbFactory matched:
      - @ConditionalOnMissingBean (types: org.springframework.data.mongodb.MongoDbFactory; SearchStrategy: all) did not find any beans (OnBeanCondition)

   MongoDataAutoConfiguration#mongoMappingContext matched:
      - @ConditionalOnMissingBean (types: org.springframework.data.mongodb.core.mapping.MongoMappingContext; SearchStrategy: all) did not find any beans (OnBeanCondition)

   MongoDataAutoConfiguration#mongoTemplate matched:
      - @ConditionalOnMissingBean (types: org.springframework.data.mongodb.core.MongoTemplate; SearchStrategy: all) did not find any beans (OnBeanCondition)

   MongoRepositoriesAutoConfiguration matched:
      - @ConditionalOnClass found required classes 'com.mongodb.MongoClient', 'org.springframework.data.mongodb.repository.MongoRepository'; @ConditionalOnMissingClass did not find unwanted class (OnClassCondition)
      - @ConditionalOnRepositoryType configured type of 'AUTO' matched required type (OnRepositoryTypeCondition)
      - @ConditionalOnMissingBean (types: org.springframework.data.mongodb.repository.support.MongoRepositoryFactoryBean,org.springframework.data.mongodb.repository.config.MongoRepositoryConfigurationExtension; SearchStrategy: all) did not find any beans (OnBeanCondition)

   MultipartAutoConfiguration matched:
      - @ConditionalOnClass found required classes 'javax.servlet.Servlet', 'org.springframework.web.multipart.support.StandardServletMultipartResolver', 'javax.servlet.MultipartConfigElement'; @ConditionalOnMissingClass did not find unwanted class (OnClassCondition)
      - found 'session' scope (OnWebApplicationCondition)
      - @ConditionalOnProperty (spring.servlet.multipart.enabled) matched (OnPropertyCondition)

   MultipartAutoConfiguration#multipartConfigElement matched:
      - @ConditionalOnMissingBean (types: javax.servlet.MultipartConfigElement; SearchStrategy: all) did not find any beans (OnBeanCondition)

   MultipartAutoConfiguration#multipartResolver matched:
      - @ConditionalOnMissingBean (types: org.springframework.web.multipart.MultipartResolver; SearchStrategy: all) did not find any beans (OnBeanCondition)

   MybatisAutoConfiguration matched:
      - @ConditionalOnClass found required classes 'org.apache.ibatis.session.SqlSessionFactory', 'org.mybatis.spring.SqlSessionFactoryBean'; @ConditionalOnMissingClass did not find unwanted class (OnClassCondition)
      - @ConditionalOnBean (types: javax.sql.DataSource; SearchStrategy: all) found bean 'dataSource' (OnBeanCondition)

   MybatisAutoConfiguration#sqlSessionFactory matched:
      - @ConditionalOnMissingBean (types: org.apache.ibatis.session.SqlSessionFactory; SearchStrategy: all) did not find any beans (OnBeanCondition)

   MybatisAutoConfiguration#sqlSessionTemplate matched:
      - @ConditionalOnMissingBean (types: org.mybatis.spring.SqlSessionTemplate; SearchStrategy: all) did not find any beans (OnBeanCondition)

   MybatisAutoConfiguration.MapperScannerRegistrarNotFoundConfiguration matched:
      - @ConditionalOnMissingBean (types: org.mybatis.spring.mapper.MapperFactoryBean; SearchStrategy: all) did not find any beans (OnBeanCondition)

   NoOpCacheConfiguration matched:
      - Cache org.springframework.boot.autoconfigure.cache.NoOpCacheConfiguration automatic cache type (CacheCondition)

   PageHelperAutoConfiguration matched:
      - @ConditionalOnBean (types: org.apache.ibatis.session.SqlSessionFactory; SearchStrategy: all) found bean 'sqlSessionFactory' (OnBeanCondition)

   PersistenceExceptionTranslationAutoConfiguration matched:
      - @ConditionalOnClass found required class 'org.springframework.dao.annotation.PersistenceExceptionTranslationPostProcessor'; @ConditionalOnMissingClass did not find unwanted class (OnClassCondition)

   PersistenceExceptionTranslationAutoConfiguration#persistenceExceptionTranslationPostProcessor matched:
      - @ConditionalOnProperty (spring.dao.exceptiontranslation.enabled) matched (OnPropertyCondition)
      - @ConditionalOnMissingBean (types: org.springframework.dao.annotation.PersistenceExceptionTranslationPostProcessor; SearchStrategy: all) did not find any beans (OnBeanCondition)

   PropertyPlaceholderAutoConfiguration#propertySourcesPlaceholderConfigurer matched:
      - @ConditionalOnMissingBean (types: org.springframework.context.support.PropertySourcesPlaceholderConfigurer; SearchStrategy: current) did not find any beans (OnBeanCondition)

   RedisCacheConfiguration matched:
      - Cache org.springframework.boot.autoconfigure.cache.RedisCacheConfiguration automatic cache type (CacheCondition)

   RefreshAutoConfiguration matched:
      - @ConditionalOnClass found required class 'org.springframework.cloud.context.scope.refresh.RefreshScope'; @ConditionalOnMissingClass did not find unwanted class (OnClassCondition)
      - @ConditionalOnProperty (spring.cloud.refresh.enabled) matched (OnPropertyCondition)

   RefreshAutoConfiguration#contextRefresher matched:
      - @ConditionalOnMissingBean (types: org.springframework.cloud.context.refresh.ContextRefresher; SearchStrategy: all) did not find any beans (OnBeanCondition)

   RefreshAutoConfiguration#loggingRebinder matched:
      - @ConditionalOnMissingBean (types: org.springframework.cloud.logging.LoggingRebinder; SearchStrategy: all) did not find any beans (OnBeanCondition)

   RefreshAutoConfiguration#refreshScope matched:
      - @ConditionalOnMissingBean (types: org.springframework.cloud.context.scope.refresh.RefreshScope; SearchStrategy: all) did not find any beans (OnBeanCondition)

   RefreshAutoConfiguration.JpaInvokerConfiguration matched:
      - @ConditionalOnClass found required class 'javax.persistence.EntityManagerFactory'; @ConditionalOnMissingClass did not find unwanted class (OnClassCondition)

   RestTemplateAutoConfiguration matched:
      - @ConditionalOnClass found required class 'org.springframework.web.client.RestTemplate'; @ConditionalOnMissingClass did not find unwanted class (OnClassCondition)

   RestTemplateAutoConfiguration#restTemplateBuilder matched:
      - @ConditionalOnMissingBean (types: org.springframework.boot.web.client.RestTemplateBuilder; SearchStrategy: all) did not find any beans (OnBeanCondition)

   RibbonAutoConfiguration matched:
      - @ConditionalOnClass found required classes 'com.netflix.client.IClient', 'org.springframework.web.client.RestTemplate', 'org.springframework.web.client.AsyncRestTemplate', 'com.netflix.ribbon.Ribbon'; @ConditionalOnMissingClass did not find unwanted class (OnClassCondition)

   RibbonAutoConfiguration#loadBalancerClient matched:
      - @ConditionalOnMissingBean (types: org.springframework.cloud.client.loadbalancer.LoadBalancerClient; SearchStrategy: all) did not find any beans (OnBeanCondition)

   RibbonAutoConfiguration#propertiesFactory matched:
      - @ConditionalOnMissingBean (types: org.springframework.cloud.netflix.ribbon.PropertiesFactory; SearchStrategy: all) did not find any beans (OnBeanCondition)

   RibbonEurekaAutoConfiguration matched:
      - AllNestedConditions 3 matched 0 did not; NestedCondition on ConditionalOnRibbonAndEurekaEnabled.OnRibbonAndEurekaEnabledCondition.OnEurekaClientEnabled @ConditionalOnProperty (eureka.client.enabled) matched; NestedCondition on ConditionalOnRibbonAndEurekaEnabled.OnRibbonAndEurekaEnabledCondition.EurekaBeans @ConditionalOnBean (types: com.netflix.discovery.EurekaClient; SearchStrategy: all) found bean 'scopedTarget.eurekaClient'; NestedCondition on ConditionalOnRibbonAndEurekaEnabled.OnRibbonAndEurekaEnabledCondition.Defaults found matching nested conditions @ConditionalOnClass found required class 'com.netflix.niws.loadbalancer.DiscoveryEnabledNIWSServerList'; @ConditionalOnMissingClass did not find unwanted class, @ConditionalOnBean (types: org.springframework.cloud.netflix.ribbon.SpringClientFactory; SearchStrategy: all) found bean 'springClientFactory', @ConditionalOnProperty (ribbon.eureka.enabled) matched (ConditionalOnRibbonAndEurekaEnabled.OnRibbonAndEurekaEnabledCondition)

   ServletWebServerFactoryAutoConfiguration matched:
      - @ConditionalOnClass found required class 'javax.servlet.ServletRequest'; @ConditionalOnMissingClass did not find unwanted class (OnClassCondition)
      - found 'session' scope (OnWebApplicationCondition)

   ServletWebServerFactoryAutoConfiguration#tomcatServletWebServerFactoryCustomizer matched:
      - @ConditionalOnClass found required class 'org.apache.catalina.startup.Tomcat'; @ConditionalOnMissingClass did not find unwanted class (OnClassCondition)

   ServletWebServerFactoryConfiguration.EmbeddedTomcat matched:
      - @ConditionalOnClass found required classes 'javax.servlet.Servlet', 'org.apache.catalina.startup.Tomcat', 'org.apache.coyote.UpgradeProtocol'; @ConditionalOnMissingClass did not find unwanted class (OnClassCondition)
      - @ConditionalOnMissingBean (types: org.springframework.boot.web.servlet.server.ServletWebServerFactory; SearchStrategy: current) did not find any beans (OnBeanCondition)

   SimpleCacheConfiguration matched:
      - Cache org.springframework.boot.autoconfigure.cache.SimpleCacheConfiguration automatic cache type (CacheCondition)

   SpringDataWebAutoConfiguration matched:
      - @ConditionalOnClass found required classes 'org.springframework.data.web.PageableHandlerMethodArgumentResolver', 'org.springframework.web.servlet.config.annotation.WebMvcConfigurer'; @ConditionalOnMissingClass did not find unwanted class (OnClassCondition)
      - found 'session' scope (OnWebApplicationCondition)
      - @ConditionalOnMissingBean (types: org.springframework.data.web.PageableHandlerMethodArgumentResolver; SearchStrategy: all) did not find any beans (OnBeanCondition)

   SpringDataWebAutoConfiguration#pageableCustomizer matched:
      - @ConditionalOnMissingBean (types: org.springframework.data.web.config.PageableHandlerMethodArgumentResolverCustomizer; SearchStrategy: all) did not find any beans (OnBeanCondition)

   SpringDataWebAutoConfiguration#sortCustomizer matched:
      - @ConditionalOnMissingBean (types: org.springframework.data.web.config.SortHandlerMethodArgumentResolverCustomizer; SearchStrategy: all) did not find any beans (OnBeanCondition)

   TransactionAutoConfiguration matched:
      - @ConditionalOnClass found required class 'org.springframework.transaction.PlatformTransactionManager'; @ConditionalOnMissingClass did not find unwanted class (OnClassCondition)

   TransactionAutoConfiguration#platformTransactionManagerCustomizers matched:
      - @ConditionalOnMissingBean (types: org.springframework.boot.autoconfigure.transaction.TransactionManagerCustomizers; SearchStrategy: all) did not find any beans (OnBeanCondition)

   TransactionAutoConfiguration.EnableTransactionManagementConfiguration matched:
      - @ConditionalOnBean (types: org.springframework.transaction.PlatformTransactionManager; SearchStrategy: all) found bean 'transactionManager'; @ConditionalOnMissingBean (types: org.springframework.transaction.annotation.AbstractTransactionManagementConfiguration; SearchStrategy: all) did not find any beans (OnBeanCondition)

   TransactionAutoConfiguration.EnableTransactionManagementConfiguration.CglibAutoProxyConfiguration matched:
      - @ConditionalOnProperty (spring.aop.proxy-target-class=true) matched (OnPropertyCondition)

   TransactionAutoConfiguration.TransactionTemplateConfiguration matched:
      - @ConditionalOnSingleCandidate (types: org.springframework.transaction.PlatformTransactionManager; SearchStrategy: all) found a primary bean from beans 'transactionManager' (OnBeanCondition)

   TransactionAutoConfiguration.TransactionTemplateConfiguration#transactionTemplate matched:
      - @ConditionalOnMissingBean (types: org.springframework.transaction.support.TransactionTemplate; SearchStrategy: all) did not find any beans (OnBeanCondition)

   UtilAutoConfiguration matched:
      - @ConditionalOnProperty (spring.cloud.util.enabled) matched (OnPropertyCondition)

   UtilAutoConfiguration#inetUtils matched:
      - @ConditionalOnMissingBean (types: org.springframework.cloud.commons.util.InetUtils; SearchStrategy: all) did not find any beans (OnBeanCondition)

   ValidationAutoConfiguration matched:
      - @ConditionalOnClass found required class 'javax.validation.executable.ExecutableValidator'; @ConditionalOnMissingClass did not find unwanted class (OnClassCondition)
      - @ConditionalOnResource found location classpath:META-INF/services/javax.validation.spi.ValidationProvider (OnResourceCondition)

   ValidationAutoConfiguration#defaultValidator matched:
      - @ConditionalOnMissingBean (types: javax.validation.Validator; SearchStrategy: all) did not find any beans (OnBeanCondition)

   ValidationAutoConfiguration#methodValidationPostProcessor matched:
      - @ConditionalOnMissingBean (types: org.springframework.validation.beanvalidation.MethodValidationPostProcessor; SearchStrategy: all) did not find any beans (OnBeanCondition)

   WebMvcAutoConfiguration matched:
      - @ConditionalOnClass found required classes 'javax.servlet.Servlet', 'org.springframework.web.servlet.DispatcherServlet', 'org.springframework.web.servlet.config.annotation.WebMvcConfigurer'; @ConditionalOnMissingClass did not find unwanted class (OnClassCondition)
      - found 'session' scope (OnWebApplicationCondition)
      - @ConditionalOnMissingBean (types: org.springframework.web.servlet.config.annotation.WebMvcConfigurationSupport; SearchStrategy: all) did not find any beans (OnBeanCondition)

   WebMvcAutoConfiguration#hiddenHttpMethodFilter matched:
      - @ConditionalOnMissingBean (types: org.springframework.web.filter.HiddenHttpMethodFilter; SearchStrategy: all) did not find any beans (OnBeanCondition)

   WebMvcAutoConfiguration#httpPutFormContentFilter matched:
      - @ConditionalOnProperty (spring.mvc.formcontent.putfilter.enabled) matched (OnPropertyCondition)
      - @ConditionalOnMissingBean (types: org.springframework.web.filter.HttpPutFormContentFilter; SearchStrategy: all) did not find any beans (OnBeanCondition)

   WebMvcAutoConfiguration.WebMvcAutoConfigurationAdapter#defaultViewResolver matched:
      - @ConditionalOnMissingBean (types: org.springframework.web.servlet.view.InternalResourceViewResolver; SearchStrategy: all) did not find any beans (OnBeanCondition)

   WebMvcAutoConfiguration.WebMvcAutoConfigurationAdapter#requestContextFilter matched:
      - @ConditionalOnMissingBean (types: org.springframework.web.context.request.RequestContextListener,org.springframework.web.filter.RequestContextFilter; SearchStrategy: all) did not find any beans (OnBeanCondition)

   WebMvcAutoConfiguration.WebMvcAutoConfigurationAdapter#viewResolver matched:
      - @ConditionalOnBean (types: org.springframework.web.servlet.ViewResolver; SearchStrategy: all) found beans 'defaultViewResolver', 'beanNameViewResolver', 'mvcViewResolver'; @ConditionalOnMissingBean (names: viewResolver; types: org.springframework.web.servlet.view.ContentNegotiatingViewResolver; SearchStrategy: all) did not find any beans (OnBeanCondition)

   WebMvcAutoConfiguration.WebMvcAutoConfigurationAdapter.FaviconConfiguration matched:
      - @ConditionalOnProperty (spring.mvc.favicon.enabled) matched (OnPropertyCondition)

   WebSocketServletAutoConfiguration matched:
      - @ConditionalOnClass found required classes 'javax.servlet.Servlet', 'javax.websocket.server.ServerContainer'; @ConditionalOnMissingClass did not find unwanted class (OnClassCondition)
      - found 'session' scope (OnWebApplicationCondition)

   WebSocketServletAutoConfiguration.TomcatWebSocketConfiguration matched:
      - @ConditionalOnClass found required classes 'org.apache.catalina.startup.Tomcat', 'org.apache.tomcat.websocket.server.WsSci'; @ConditionalOnMissingClass did not find unwanted class (OnClassCondition)

   WebSocketServletAutoConfiguration.TomcatWebSocketConfiguration#websocketContainerCustomizer matched:
      - @ConditionalOnMissingBean (names: websocketServletWebServerCustomizer; SearchStrategy: all) did not find any beans (OnBeanCondition)


Negative matches:
-----------------

   ActiveMQAutoConfiguration:
      Did not match:
         - @ConditionalOnClass did not find required classes 'javax.jms.ConnectionFactory', 'org.apache.activemq.ActiveMQConnectionFactory' (OnClassCondition)

   AopAutoConfiguration.JdkDynamicAutoProxyConfiguration:
      Did not match:
         - @ConditionalOnProperty (spring.aop.proxy-target-class=false) did not find property 'proxy-target-class' (OnPropertyCondition)

   ArchaiusAutoConfiguration.ArchaiusEndpointConfiguration:
      Did not match:
         - @ConditionalOnClass did not find required class 'org.springframework.boot.actuate.health.Health' (OnClassCondition)

   ArtemisAutoConfiguration:
      Did not match:
         - @ConditionalOnClass did not find required classes 'javax.jms.ConnectionFactory', 'org.apache.activemq.artemis.jms.client.ActiveMQConnectionFactory' (OnClassCondition)

   AtomikosJtaConfiguration:
      Did not match:
         - @ConditionalOnClass did not find required class 'com.atomikos.icatch.jta.UserTransactionManager' (OnClassCondition)

   BatchAutoConfiguration:
      Did not match:
         - @ConditionalOnClass did not find required class 'org.springframework.batch.core.launch.JobLauncher' (OnClassCondition)

   BitronixJtaConfiguration:
      Did not match:
         - @ConditionalOnClass did not find required class 'bitronix.tm.jndi.BitronixContext' (OnClassCondition)

   CacheAutoConfiguration:
      Did not match:
         - @ConditionalOnBean (types: org.springframework.cache.interceptor.CacheAspectSupport; SearchStrategy: all) did not find any beans of type org.springframework.cache.interceptor.CacheAspectSupport (OnBeanCondition)
      Matched:
         - @ConditionalOnClass found required class 'org.springframework.cache.CacheManager'; @ConditionalOnMissingClass did not find unwanted class (OnClassCondition)

   CacheAutoConfiguration.CacheManagerJpaDependencyConfiguration:
      Did not match:
         - Ancestor org.springframework.boot.autoconfigure.cache.CacheAutoConfiguration did not match (ConditionEvaluationReport.AncestorsMatchedCondition)
      Matched:
         - @ConditionalOnClass found required class 'org.springframework.orm.jpa.LocalContainerEntityManagerFactoryBean'; @ConditionalOnMissingClass did not find unwanted class (OnClassCondition)

   CaffeineCacheConfiguration:
      Did not match:
         - @ConditionalOnClass did not find required classes 'com.github.benmanes.caffeine.cache.Caffeine', 'org.springframework.cache.caffeine.CaffeineCacheManager' (OnClassCondition)

   CassandraAutoConfiguration:
      Did not match:
         - @ConditionalOnClass did not find required class 'com.datastax.driver.core.Cluster' (OnClassCondition)

   CassandraDataAutoConfiguration:
      Did not match:
         - @ConditionalOnClass did not find required classes 'com.datastax.driver.core.Cluster', 'org.springframework.data.cassandra.core.CassandraAdminOperations' (OnClassCondition)

   CassandraReactiveDataAutoConfiguration:
      Did not match:
         - @ConditionalOnClass did not find required classes 'com.datastax.driver.core.Cluster', 'org.springframework.data.cassandra.core.ReactiveCassandraTemplate', 'reactor.core.publisher.Flux' (OnClassCondition)

   CassandraReactiveRepositoriesAutoConfiguration:
      Did not match:
         - @ConditionalOnClass did not find required classes 'org.springframework.data.cassandra.ReactiveSession', 'org.springframework.data.cassandra.repository.ReactiveCassandraRepository' (OnClassCondition)

   CassandraRepositoriesAutoConfiguration:
      Did not match:
         - @ConditionalOnClass did not find required classes 'com.datastax.driver.core.Session', 'org.springframework.data.cassandra.repository.CassandraRepository' (OnClassCondition)

   CloudAutoConfiguration:
      Did not match:
         - @ConditionalOnClass did not find required class 'org.springframework.cloud.config.java.CloudScanConfiguration' (OnClassCondition)

   CloudHypermediaAutoConfiguration:
      Did not match:
         - @ConditionalOnBean (types: org.springframework.cloud.client.hypermedia.RemoteResource; SearchStrategy: all) did not find any beans of type org.springframework.cloud.client.hypermedia.RemoteResource (OnBeanCondition)

   CommonsClientAutoConfiguration.ActuatorConfiguration:
      Did not match:
         - @ConditionalOnClass did not find required class 'org.springframework.boot.actuate.endpoint.annotation.Endpoint' (OnClassCondition)

   CommonsClientAutoConfiguration.DiscoveryLoadBalancerConfiguration:
      Did not match:
         - @ConditionalOnClass did not find required class 'org.springframework.boot.actuate.health.HealthIndicator' (OnClassCondition)

   CouchbaseAutoConfiguration:
      Did not match:
         - @ConditionalOnClass did not find required classes 'com.couchbase.client.java.CouchbaseBucket', 'com.couchbase.client.java.Cluster' (OnClassCondition)

   CouchbaseCacheConfiguration:
      Did not match:
         - @ConditionalOnClass did not find required classes 'com.couchbase.client.java.Bucket', 'com.couchbase.client.spring.cache.CouchbaseCacheManager' (OnClassCondition)

   CouchbaseDataAutoConfiguration:
      Did not match:
         - @ConditionalOnClass did not find required classes 'com.couchbase.client.java.Bucket', 'org.springframework.data.couchbase.repository.CouchbaseRepository' (OnClassCondition)

   CouchbaseReactiveDataAutoConfiguration:
      Did not match:
         - @ConditionalOnClass did not find required classes 'com.couchbase.client.java.Bucket', 'org.springframework.data.couchbase.repository.ReactiveCouchbaseRepository', 'reactor.core.publisher.Flux' (OnClassCondition)

   CouchbaseReactiveRepositoriesAutoConfiguration:
      Did not match:
         - @ConditionalOnClass did not find required classes 'com.couchbase.client.java.Bucket', 'org.springframework.data.couchbase.repository.ReactiveCouchbaseRepository', 'reactor.core.publisher.Flux' (OnClassCondition)

   CouchbaseRepositoriesAutoConfiguration:
      Did not match:
         - @ConditionalOnClass did not find required classes 'com.couchbase.client.java.Bucket', 'org.springframework.data.couchbase.repository.CouchbaseRepository' (OnClassCondition)

   DataSourceAutoConfiguration.EmbeddedDatabaseConfiguration:
      Did not match:
         - EmbeddedDataSource found supported pooled data source (DataSourceAutoConfiguration.EmbeddedDatabaseCondition)

   DataSourceAutoConfiguration.PooledDataSourceConfiguration:
      Did not match:
         - @ConditionalOnMissingBean (types: javax.sql.DataSource,javax.sql.XADataSource; SearchStrategy: all) found beans of type 'javax.sql.DataSource' dataSource (OnBeanCondition)
      Matched:
         - AnyNestedCondition 1 matched 1 did not; NestedCondition on DataSourceAutoConfiguration.PooledDataSourceCondition.PooledDataSourceAvailable PooledDataSource found supported DataSource; NestedCondition on DataSourceAutoConfiguration.PooledDataSourceCondition.ExplicitType @ConditionalOnProperty (spring.datasource.type) did not find property 'type' (DataSourceAutoConfiguration.PooledDataSourceCondition)

   DataSourceConfiguration.Dbcp2:
      Did not match:
         - @ConditionalOnClass did not find required class 'org.apache.commons.dbcp2.BasicDataSource' (OnClassCondition)

   DataSourceConfiguration.Generic:
      Did not match:
         - @ConditionalOnProperty (spring.datasource.type) did not find property 'spring.datasource.type' (OnPropertyCondition)

   DataSourceConfiguration.Tomcat:
      Did not match:
         - @ConditionalOnClass did not find required class 'org.apache.tomcat.jdbc.pool.DataSource' (OnClassCondition)

   DataSourceJmxConfiguration:
      Did not match:
         - @ConditionalOnProperty (spring.jmx.enabled=true) found different value in property 'enabled' (OnPropertyCondition)

   DataSourcePoolMetadataProvidersConfiguration.CommonsDbcp2PoolDataSourceMetadataProviderConfiguration:
      Did not match:
         - @ConditionalOnClass did not find required class 'org.apache.commons.dbcp2.BasicDataSource' (OnClassCondition)

   DataSourcePoolMetadataProvidersConfiguration.TomcatDataSourcePoolMetadataProviderConfiguration:
      Did not match:
         - @ConditionalOnClass did not find required class 'org.apache.tomcat.jdbc.pool.DataSource' (OnClassCondition)

   DataSourceTransactionManagerAutoConfiguration.DataSourceTransactionManagerConfiguration#transactionManager:
      Did not match:
         - @ConditionalOnMissingBean (types: org.springframework.transaction.PlatformTransactionManager; SearchStrategy: all) found beans of type 'org.springframework.transaction.PlatformTransactionManager' transactionManager (OnBeanCondition)

   DiscoveryClientOptionalArgsConfiguration#restTemplateDiscoveryClientOptionalArgs:
      Did not match:
         - @ConditionalOnMissingClass found unwanted class 'com.sun.jersey.api.client.filter.ClientFilter' (OnClassCondition)

   DispatcherServletAutoConfiguration.DispatcherServletConfiguration#multipartResolver:
      Did not match:
         - @ConditionalOnBean (types: org.springframework.web.multipart.MultipartResolver; SearchStrategy: all) did not find any beans of type org.springframework.web.multipart.MultipartResolver (OnBeanCondition)

   DruidFilterConfiguration#commonsLogFilter:
      Did not match:
         - @ConditionalOnProperty (spring.datasource.druid.filter.commons-log.enabled) did not find property 'enabled' (OnPropertyCondition)

   DruidFilterConfiguration#configFilter:
      Did not match:
         - @ConditionalOnProperty (spring.datasource.druid.filter.config.enabled) did not find property 'enabled' (OnPropertyCondition)

   DruidFilterConfiguration#encodingConvertFilter:
      Did not match:
         - @ConditionalOnProperty (spring.datasource.druid.filter.encoding.enabled) did not find property 'enabled' (OnPropertyCondition)

   DruidFilterConfiguration#log4j2Filter:
      Did not match:
         - @ConditionalOnProperty (spring.datasource.druid.filter.log4j2.enabled) did not find property 'enabled' (OnPropertyCondition)

   DruidFilterConfiguration#log4jFilter:
      Did not match:
         - @ConditionalOnProperty (spring.datasource.druid.filter.log4j.enabled) did not find property 'enabled' (OnPropertyCondition)

   DruidFilterConfiguration#slf4jLogFilter:
      Did not match:
         - @ConditionalOnProperty (spring.datasource.druid.filter.slf4j.enabled) did not find property 'enabled' (OnPropertyCondition)

   DruidFilterConfiguration#wallConfig:
      Did not match:
         - @ConditionalOnProperty (spring.datasource.druid.filter.wall.enabled) did not find property 'enabled' (OnPropertyCondition)

   DruidFilterConfiguration#wallFilter:
      Did not match:
         - @ConditionalOnProperty (spring.datasource.druid.filter.wall.enabled) did not find property 'enabled' (OnPropertyCondition)

   DruidSpringAopConfiguration:
      Did not match:
         - @ConditionalOnProperty (spring.datasource.druid.aop-patterns) did not find property 'spring.datasource.druid.aop-patterns' (OnPropertyCondition)

   EhCacheCacheConfiguration:
      Did not match:
         - @ConditionalOnClass did not find required classes 'net.sf.ehcache.Cache', 'org.springframework.cache.ehcache.EhCacheCacheManager' (OnClassCondition)

   ElasticsearchAutoConfiguration:
      Did not match:
         - @ConditionalOnClass did not find required classes 'org.elasticsearch.client.Client', 'org.springframework.data.elasticsearch.client.TransportClientFactoryBean' (OnClassCondition)

   ElasticsearchDataAutoConfiguration:
      Did not match:
         - @ConditionalOnClass did not find required classes 'org.elasticsearch.client.Client', 'org.springframework.data.elasticsearch.core.ElasticsearchTemplate' (OnClassCondition)

   ElasticsearchRepositoriesAutoConfiguration:
      Did not match:
         - @ConditionalOnClass did not find required classes 'org.elasticsearch.client.Client', 'org.springframework.data.elasticsearch.repository.ElasticsearchRepository' (OnClassCondition)

   EmbeddedLdapAutoConfiguration:
      Did not match:
         - @ConditionalOnClass did not find required class 'com.unboundid.ldap.listener.InMemoryDirectoryServer' (OnClassCondition)

   EmbeddedMongoAutoConfiguration:
      Did not match:
         - @ConditionalOnClass did not find required class 'de.flapdoodle.embed.mongo.MongodStarter' (OnClassCondition)

   EmbeddedWebServerFactoryCustomizerAutoConfiguration.JettyWebServerFactoryCustomizerConfiguration:
      Did not match:
         - @ConditionalOnClass did not find required classes 'org.eclipse.jetty.server.Server', 'org.eclipse.jetty.util.Loader', 'org.eclipse.jetty.webapp.WebAppContext' (OnClassCondition)

   EmbeddedWebServerFactoryCustomizerAutoConfiguration.UndertowWebServerFactoryCustomizerConfiguration:
      Did not match:
         - @ConditionalOnClass did not find required classes 'io.undertow.Undertow', 'org.xnio.SslClientAuthMode' (OnClassCondition)

   ErrorWebFluxAutoConfiguration:
      Did not match:
         - @ConditionalOnClass did not find required class 'org.springframework.web.reactive.config.WebFluxConfigurer' (OnClassCondition)

   EurekaClientAutoConfiguration.EurekaClientConfiguration:
      Did not match:
         - AnyNestedCondition 0 matched 2 did not; NestedCondition on EurekaClientAutoConfiguration.OnMissingRefreshScopeCondition.MissingScope @ConditionalOnMissingBean (types: org.springframework.cloud.autoconfigure.RefreshAutoConfiguration; SearchStrategy: all) found beans of type 'org.springframework.cloud.autoconfigure.RefreshAutoConfiguration' org.springframework.cloud.autoconfigure.RefreshAutoConfiguration; NestedCondition on EurekaClientAutoConfiguration.OnMissingRefreshScopeCondition.MissingClass @ConditionalOnMissingClass found unwanted class 'org.springframework.cloud.context.scope.refresh.RefreshScope' (EurekaClientAutoConfiguration.OnMissingRefreshScopeCondition)

   EurekaClientAutoConfiguration.EurekaHealthIndicatorConfiguration:
      Did not match:
         - @ConditionalOnClass did not find required class 'org.springframework.boot.actuate.health.Health' (OnClassCondition)

   EurekaClientConfigServerAutoConfiguration:
      Did not match:
         - @ConditionalOnClass did not find required class 'org.springframework.cloud.config.server.config.ConfigServerProperties' (OnClassCondition)

   EurekaDiscoveryClientConfigServiceAutoConfiguration:
      Did not match:
         - @ConditionalOnProperty (spring.cloud.config.discovery.enabled) did not find property 'spring.cloud.config.discovery.enabled' (OnPropertyCondition)

   EurekaDiscoveryClientConfiguration.EurekaHealthCheckHandlerConfiguration:
      Did not match:
         - @ConditionalOnProperty (eureka.client.healthcheck.enabled) did not find property 'eureka.client.healthcheck.enabled' (OnPropertyCondition)

   FeignAcceptGzipEncodingAutoConfiguration:
      Did not match:
         - @ConditionalOnProperty (feign.compression.response.enabled) did not find property 'feign.compression.response.enabled' (OnPropertyCondition)
      Matched:
         - @ConditionalOnClass found required class 'feign.Feign'; @ConditionalOnMissingClass did not find unwanted class (OnClassCondition)

   FeignAutoConfiguration.DefaultFeignTargeterConfiguration:
      Did not match:
         - @ConditionalOnMissingClass found unwanted class 'feign.hystrix.HystrixFeign' (OnClassCondition)

   FeignAutoConfiguration.HttpClientFeignConfiguration:
      Did not match:
         - @ConditionalOnClass did not find required class 'feign.httpclient.ApacheHttpClient' (OnClassCondition)

   FeignAutoConfiguration.OkHttpFeignConfiguration:
      Did not match:
         - @ConditionalOnMissingClass found unwanted class 'com.netflix.loadbalancer.ILoadBalancer' (OnClassCondition)

   FeignContentGzipEncodingAutoConfiguration:
      Did not match:
         - @ConditionalOnProperty (feign.compression.request.enabled) did not find property 'feign.compression.request.enabled' (OnPropertyCondition)
      Matched:
         - @ConditionalOnClass found required class 'feign.Feign'; @ConditionalOnMissingClass did not find unwanted class (OnClassCondition)

   FeignRibbonClientAutoConfiguration#retryabeCachingLBClientFactory:
      Did not match:
         - @ConditionalOnClass did not find required class 'org.springframework.retry.support.RetryTemplate' (OnClassCondition)

   FlywayAutoConfiguration:
      Did not match:
         - @ConditionalOnClass did not find required class 'org.flywaydb.core.Flyway' (OnClassCondition)

   FreeMarkerAutoConfiguration:
      Did not match:
         - @ConditionalOnClass did not find required classes 'freemarker.template.Configuration', 'org.springframework.ui.freemarker.FreeMarkerConfigurationFactory' (OnClassCondition)

   GroovyTemplateAutoConfiguration:
      Did not match:
         - @ConditionalOnClass did not find required class 'groovy.text.markup.MarkupTemplateEngine' (OnClassCondition)

   GsonHttpMessageConvertersConfiguration.GsonHttpMessageConverterConfiguration:
      Did not match:
         - AnyNestedCondition 0 matched 2 did not; NestedCondition on GsonHttpMessageConvertersConfiguration.PreferGsonOrJacksonAndJsonbUnavailableCondition.JacksonJsonbUnavailable NoneNestedConditions 1 matched 1 did not; NestedCondition on GsonHttpMessageConvertersConfiguration.JacksonAndJsonbUnavailableCondition.JsonbPreferred @ConditionalOnProperty (spring.http.converters.preferred-json-mapper=jsonb) did not find property 'spring.http.converters.preferred-json-mapper'; NestedCondition on GsonHttpMessageConvertersConfiguration.JacksonAndJsonbUnavailableCondition.JacksonAvailable @ConditionalOnBean (types: org.springframework.http.converter.json.MappingJackson2HttpMessageConverter; SearchStrategy: all) found bean 'mappingJackson2HttpMessageConverter'; NestedCondition on GsonHttpMessageConvertersConfiguration.PreferGsonOrJacksonAndJsonbUnavailableCondition.GsonPreferred @ConditionalOnProperty (spring.http.converters.preferred-json-mapper=gson) did not find property 'spring.http.converters.preferred-json-mapper' (GsonHttpMessageConvertersConfiguration.PreferGsonOrJacksonAndJsonbUnavailableCondition)

   H2ConsoleAutoConfiguration:
      Did not match:
         - @ConditionalOnClass did not find required class 'org.h2.server.web.WebServlet' (OnClassCondition)

   HazelcastAutoConfiguration:
      Did not match:
         - @ConditionalOnClass did not find required class 'com.hazelcast.core.HazelcastInstance' (OnClassCondition)

   HazelcastCacheConfiguration:
      Did not match:
         - @ConditionalOnClass did not find required classes 'com.hazelcast.core.HazelcastInstance', 'com.hazelcast.spring.cache.HazelcastCacheManager' (OnClassCondition)

   HazelcastJpaDependencyAutoConfiguration:
      Did not match:
         - @ConditionalOnClass did not find required class 'com.hazelcast.core.HazelcastInstance' (OnClassCondition)

   HttpClientFeignLoadBalancedConfiguration:
      Did not match:
         - @ConditionalOnClass did not find required class 'feign.httpclient.ApacheHttpClient' (OnClassCondition)

   HttpHandlerAutoConfiguration:
      Did not match:
         - @ConditionalOnClass did not find required class 'org.springframework.web.reactive.DispatcherHandler' (OnClassCondition)

   HypermediaAutoConfiguration:
      Did not match:
         - @ConditionalOnClass did not find required class 'org.springframework.hateoas.Resource' (OnClassCondition)

   HystrixAutoConfiguration:
      Did not match:
         - @ConditionalOnClass did not find required class 'org.springframework.boot.actuate.health.HealthIndicator' (OnClassCondition)

   HystrixSecurityAutoConfiguration:
      Did not match:
         - @ConditionalOnClass did not find required class 'org.springframework.security.core.context.SecurityContext' (OnClassCondition)

   InfinispanCacheConfiguration:
      Did not match:
         - @ConditionalOnClass did not find required class 'org.infinispan.spring.provider.SpringEmbeddedCacheManager' (OnClassCondition)

   InfluxDbAutoConfiguration:
      Did not match:
         - @ConditionalOnClass did not find required class 'org.influxdb.InfluxDB' (OnClassCondition)

   IntegrationAutoConfiguration:
      Did not match:
         - @ConditionalOnClass did not find required class 'org.springframework.integration.config.EnableIntegration' (OnClassCondition)

   JCacheCacheConfiguration:
      Did not match:
         - @ConditionalOnClass did not find required classes 'javax.cache.Caching', 'org.springframework.cache.jcache.JCacheCacheManager' (OnClassCondition)

   JacksonAutoConfiguration.JodaDateTimeJacksonConfiguration:
      Did not match:
         - @ConditionalOnClass did not find required classes 'com.fasterxml.jackson.datatype.joda.ser.DateTimeSerializer', 'com.fasterxml.jackson.datatype.joda.cfg.JacksonJodaDateFormat' (OnClassCondition)

   JacksonHttpMessageConvertersConfiguration.MappingJackson2XmlHttpMessageConverterConfiguration:
      Did not match:
         - @ConditionalOnClass did not find required class 'com.fasterxml.jackson.dataformat.xml.XmlMapper' (OnClassCondition)

   JerseyAutoConfiguration:
      Did not match:
         - @ConditionalOnClass did not find required class 'org.glassfish.jersey.server.spring.SpringComponentProvider' (OnClassCondition)

   JestAutoConfiguration:
      Did not match:
         - @ConditionalOnClass did not find required class 'io.searchbox.client.JestClient' (OnClassCondition)

   JmsAutoConfiguration:
      Did not match:
         - @ConditionalOnClass did not find required classes 'javax.jms.Message', 'org.springframework.jms.core.JmsTemplate' (OnClassCondition)

   JmxAutoConfiguration:
      Did not match:
         - @ConditionalOnProperty (spring.jmx.enabled=true) found different value in property 'enabled' (OnPropertyCondition)
      Matched:
         - @ConditionalOnClass found required class 'org.springframework.jmx.export.MBeanExporter'; @ConditionalOnMissingClass did not find unwanted class (OnClassCondition)

   JndiConnectionFactoryAutoConfiguration:
      Did not match:
         - @ConditionalOnClass did not find required class 'org.springframework.jms.core.JmsTemplate' (OnClassCondition)

   JndiDataSourceAutoConfiguration:
      Did not match:
         - @ConditionalOnProperty (spring.datasource.jndi-name) did not find property 'jndi-name' (OnPropertyCondition)
      Matched:
         - @ConditionalOnClass found required classes 'javax.sql.DataSource', 'org.springframework.jdbc.datasource.embedded.EmbeddedDatabaseType'; @ConditionalOnMissingClass did not find unwanted class (OnClassCondition)

   JndiJtaConfiguration:
      Did not match:
         - @ConditionalOnJndi JNDI environment is not available (OnJndiCondition)
      Matched:
         - @ConditionalOnClass found required class 'org.springframework.transaction.jta.JtaTransactionManager'; @ConditionalOnMissingClass did not find unwanted class (OnClassCondition)

   JooqAutoConfiguration:
      Did not match:
         - @ConditionalOnClass did not find required class 'org.jooq.DSLContext' (OnClassCondition)

   JsonbAutoConfiguration:
      Did not match:
         - @ConditionalOnClass did not find required class 'javax.json.bind.Jsonb' (OnClassCondition)

   JsonbHttpMessageConvertersConfiguration:
      Did not match:
         - @ConditionalOnClass did not find required class 'javax.json.bind.Jsonb' (OnClassCondition)

   KafkaAutoConfiguration:
      Did not match:
         - @ConditionalOnClass did not find required class 'org.springframework.kafka.core.KafkaTemplate' (OnClassCondition)

   LdapAutoConfiguration:
      Did not match:
         - @ConditionalOnClass did not find required class 'org.springframework.ldap.core.ContextSource' (OnClassCondition)

   LdapDataAutoConfiguration:
      Did not match:
         - @ConditionalOnClass did not find required class 'org.springframework.data.ldap.repository.LdapRepository' (OnClassCondition)

   LdapRepositoriesAutoConfiguration:
      Did not match:
         - @ConditionalOnClass did not find required class 'org.springframework.data.ldap.repository.LdapRepository' (OnClassCondition)

   LiquibaseAutoConfiguration:
      Did not match:
         - @ConditionalOnClass did not find required classes 'liquibase.integration.spring.SpringLiquibase', 'liquibase.change.DatabaseChange' (OnClassCondition)

   LoadBalancerAutoConfiguration.RetryAutoConfiguration:
      Did not match:
         - @ConditionalOnClass did not find required class 'org.springframework.retry.support.RetryTemplate' (OnClassCondition)

   LoadBalancerAutoConfiguration.RetryInterceptorAutoConfiguration:
      Did not match:
         - @ConditionalOnClass did not find required class 'org.springframework.retry.support.RetryTemplate' (OnClassCondition)

   MailSenderAutoConfiguration:
      Did not match:
         - @ConditionalOnClass did not find required class 'javax.mail.internet.MimeMessage' (OnClassCondition)

   MailSenderValidatorAutoConfiguration:
      Did not match:
         - @ConditionalOnProperty (spring.mail.test-connection) did not find property 'test-connection' (OnPropertyCondition)

   MessageSourceAutoConfiguration:
      Did not match:
         - ResourceBundle did not find bundle with basename messages (MessageSourceAutoConfiguration.ResourceBundleCondition)

   MongoReactiveAutoConfiguration:
      Did not match:
         - @ConditionalOnClass did not find required class 'com.mongodb.reactivestreams.client.MongoClient' (OnClassCondition)

   MongoReactiveDataAutoConfiguration:
      Did not match:
         - @ConditionalOnClass did not find required class 'com.mongodb.reactivestreams.client.MongoClient' (OnClassCondition)

   MongoReactiveRepositoriesAutoConfiguration:
      Did not match:
         - @ConditionalOnClass did not find required class 'com.mongodb.reactivestreams.client.MongoClient' (OnClassCondition)

   MustacheAutoConfiguration:
      Did not match:
         - @ConditionalOnClass did not find required class 'com.samskivert.mustache.Mustache' (OnClassCondition)

   NarayanaJtaConfiguration:
      Did not match:
         - @ConditionalOnClass did not find required classes 'com.arjuna.ats.jta.UserTransaction', 'org.jboss.tm.XAResourceRecoveryRegistry' (OnClassCondition)

   Neo4jDataAutoConfiguration:
      Did not match:
         - @ConditionalOnClass did not find required classes 'org.neo4j.ogm.session.SessionFactory', 'org.springframework.data.neo4j.transaction.Neo4jTransactionManager' (OnClassCondition)

   Neo4jRepositoriesAutoConfiguration:
      Did not match:
         - @ConditionalOnClass did not find required classes 'org.neo4j.ogm.session.Neo4jSession', 'org.springframework.data.neo4j.repository.Neo4jRepository' (OnClassCondition)

   NoopDiscoveryClientAutoConfiguration:
      Did not match:
         - @ConditionalOnMissingBean (types: org.springframework.cloud.client.discovery.DiscoveryClient; SearchStrategy: all) found beans of type 'org.springframework.cloud.client.discovery.DiscoveryClient' compositeDiscoveryClient, discoveryClient, simpleDiscoveryClient (OnBeanCondition)

   NoopDiscoveryClientAutoConfiguration.Boot15PortFinderConfiguration:
      Did not match:
         - @ConditionalOnClass did not find required class 'org.springframework.boot.context.embedded.EmbeddedWebApplicationContext' (OnClassCondition)
         - Ancestor org.springframework.cloud.client.discovery.noop.NoopDiscoveryClientAutoConfiguration did not match (ConditionEvaluationReport.AncestorsMatchedCondition)

   OAuth2ClientAutoConfiguration:
      Did not match:
         - @ConditionalOnClass did not find required classes 'org.springframework.security.config.annotation.web.configuration.EnableWebSecurity', 'org.springframework.security.oauth2.client.registration.ClientRegistration' (OnClassCondition)

   OkHttpFeignLoadBalancedConfiguration:
      Did not match:
         - @ConditionalOnProperty (feign.okhttp.enabled) did not find property 'feign.okhttp.enabled' (OnPropertyCondition)
      Matched:
         - @ConditionalOnClass found required class 'feign.okhttp.OkHttpClient'; @ConditionalOnMissingClass did not find unwanted class (OnClassCondition)

   ProjectInfoAutoConfiguration#buildProperties:
      Did not match:
         - @ConditionalOnResource did not find resource '${spring.info.build.location:classpath:META-INF/build-info.properties}' (OnResourceCondition)

   ProjectInfoAutoConfiguration#gitProperties:
      Did not match:
         - GitResource did not find git info at classpath:git.properties (ProjectInfoAutoConfiguration.GitResourceAvailableCondition)

   QuartzAutoConfiguration:
      Did not match:
         - @ConditionalOnClass did not find required classes 'org.quartz.Scheduler', 'org.springframework.scheduling.quartz.SchedulerFactoryBean' (OnClassCondition)

   RabbitAutoConfiguration:
      Did not match:
         - @ConditionalOnClass did not find required classes 'org.springframework.amqp.rabbit.core.RabbitTemplate', 'com.rabbitmq.client.Channel' (OnClassCondition)

   ReactiveLoadBalancerAutoConfiguration:
      Did not match:
         - @ConditionalOnClass did not find required class 'org.springframework.web.reactive.function.client.WebClient' (OnClassCondition)

   ReactiveUserDetailsServiceAutoConfiguration:
      Did not match:
         - @ConditionalOnClass did not find required class 'org.springframework.security.authentication.ReactiveAuthenticationManager' (OnClassCondition)

   ReactiveWebServerFactoryAutoConfiguration:
      Did not match:
         - not a reactive web application (OnWebApplicationCondition)
      Matched:
         - @ConditionalOnClass found required class 'org.springframework.http.ReactiveHttpInputMessage'; @ConditionalOnMissingClass did not find unwanted class (OnClassCondition)

   ReactorCoreAutoConfiguration:
      Did not match:
         - @ConditionalOnClass did not find required classes 'reactor.core.publisher.Mono', 'reactor.core.publisher.Flux' (OnClassCondition)

   RedisAutoConfiguration:
      Did not match:
         - @ConditionalOnClass did not find required class 'org.springframework.data.redis.core.RedisOperations' (OnClassCondition)

   RedisReactiveAutoConfiguration:
      Did not match:
         - @ConditionalOnClass did not find required classes 'org.springframework.data.redis.connection.ReactiveRedisConnectionFactory', 'org.springframework.data.redis.core.ReactiveRedisTemplate', 'reactor.core.publisher.Flux' (OnClassCondition)

   RedisRepositoriesAutoConfiguration:
      Did not match:
         - @ConditionalOnClass did not find required class 'org.springframework.data.redis.repository.configuration.EnableRedisRepositories' (OnClassCondition)

   RefreshEndpointAutoConfiguration:
      Did not match:
         - @ConditionalOnClass did not find required classes 'org.springframework.boot.actuate.autoconfigure.endpoint.EndpointAutoConfiguration', 'org.springframework.boot.actuate.health.Health' (OnClassCondition)

   RepositoryRestMvcAutoConfiguration:
      Did not match:
         - @ConditionalOnClass did not find required class 'org.springframework.data.rest.webmvc.config.RepositoryRestMvcConfiguration' (OnClassCondition)

   RibbonAutoConfiguration#loadBalancedRetryPolicyFactory:
      Did not match:
         - @ConditionalOnClass did not find required class 'org.springframework.retry.support.RetryTemplate' (OnClassCondition)

   RibbonAutoConfiguration#ribbonApplicationContextInitializer:
      Did not match:
         - @ConditionalOnProperty (ribbon.eager-load.enabled) did not find property 'ribbon.eager-load.enabled' (OnPropertyCondition)

   RibbonAutoConfiguration.RibbonClientHttpRequestFactoryConfiguration:
      Did not match:
         - AnyNestedCondition 0 matched 2 did not; NestedCondition on RibbonAutoConfiguration.OnRibbonRestClientCondition.RibbonProperty @ConditionalOnProperty (ribbon.restclient.enabled) did not find property 'ribbon.restclient.enabled'; NestedCondition on RibbonAutoConfiguration.OnRibbonRestClientCondition.ZuulProperty @ConditionalOnProperty (ribbon.http.client.enabled) did not find property 'ribbon.http.client.enabled' (RibbonAutoConfiguration.OnRibbonRestClientCondition)
      Matched:
         - @ConditionalOnClass found required class 'com.netflix.client.http.HttpRequest'; @ConditionalOnMissingClass did not find unwanted class (OnClassCondition)

   SecurityAutoConfiguration:
      Did not match:
         - @ConditionalOnClass did not find required class 'org.springframework.security.authentication.DefaultAuthenticationEventPublisher' (OnClassCondition)

   SecurityFilterAutoConfiguration:
      Did not match:
         - @ConditionalOnClass did not find required classes 'org.springframework.security.web.context.AbstractSecurityWebApplicationInitializer', 'org.springframework.security.config.http.SessionCreationPolicy' (OnClassCondition)

   SendGridAutoConfiguration:
      Did not match:
         - @ConditionalOnClass did not find required class 'com.sendgrid.SendGrid' (OnClassCondition)

   ServiceRegistryAutoConfiguration.ServiceRegistryEndpointConfiguration:
      Did not match:
         - @ConditionalOnClass did not find required class 'org.springframework.boot.actuate.endpoint.annotation.Endpoint' (OnClassCondition)

   ServletWebServerFactoryConfiguration.EmbeddedJetty:
      Did not match:
         - @ConditionalOnClass did not find required classes 'org.eclipse.jetty.server.Server', 'org.eclipse.jetty.util.Loader', 'org.eclipse.jetty.webapp.WebAppContext' (OnClassCondition)

   ServletWebServerFactoryConfiguration.EmbeddedUndertow:
      Did not match:
         - @ConditionalOnClass did not find required classes 'io.undertow.Undertow', 'org.xnio.SslClientAuthMode' (OnClassCondition)

   SessionAutoConfiguration:
      Did not match:
         - @ConditionalOnClass did not find required class 'org.springframework.session.Session' (OnClassCondition)

   SolrAutoConfiguration:
      Did not match:
         - @ConditionalOnClass did not find required classes 'org.apache.solr.client.solrj.impl.HttpSolrClient', 'org.apache.solr.client.solrj.impl.CloudSolrClient' (OnClassCondition)

   SolrRepositoriesAutoConfiguration:
      Did not match:
         - @ConditionalOnClass did not find required classes 'org.apache.solr.client.solrj.SolrClient', 'org.springframework.data.solr.repository.SolrRepository' (OnClassCondition)

   SpringApplicationAdminJmxAutoConfiguration:
      Did not match:
         - @ConditionalOnProperty (spring.application.admin.enabled=true) did not find property 'enabled' (OnPropertyCondition)

   ThymeleafAutoConfiguration:
      Did not match:
         - @ConditionalOnClass did not find required class 'org.thymeleaf.templatemode.TemplateMode' (OnClassCondition)

   TransactionAutoConfiguration.EnableTransactionManagementConfiguration.JdkDynamicAutoProxyConfiguration:
      Did not match:
         - @ConditionalOnProperty (spring.aop.proxy-target-class=false) did not find property 'proxy-target-class' (OnPropertyCondition)

   UserDetailsServiceAutoConfiguration:
      Did not match:
         - @ConditionalOnClass did not find required class 'org.springframework.security.authentication.AuthenticationManager' (OnClassCondition)

   WebClientAutoConfiguration:
      Did not match:
         - @ConditionalOnClass did not find required class 'org.springframework.web.reactive.function.client.WebClient' (OnClassCondition)

   WebFluxAutoConfiguration:
      Did not match:
         - @ConditionalOnClass did not find required class 'org.springframework.web.reactive.config.WebFluxConfigurer' (OnClassCondition)

   WebFluxSecurityConfiguration:
      Did not match:
         - @ConditionalOnClass did not find required classes 'org.springframework.security.config.annotation.web.reactive.EnableWebFluxSecurity', 'org.springframework.security.web.server.WebFilterChainProxy' (OnClassCondition)

   WebMvcAutoConfiguration.ResourceChainCustomizerConfiguration:
      Did not match:
         - @ConditionalOnEnabledResourceChain did not find class org.webjars.WebJarAssetLocator (OnEnabledResourceChainCondition)

   WebMvcAutoConfiguration.WebMvcAutoConfigurationAdapter#beanNameViewResolver:
      Did not match:
         - @ConditionalOnMissingBean (types: org.springframework.web.servlet.view.BeanNameViewResolver; SearchStrategy: all) found beans of type 'org.springframework.web.servlet.view.BeanNameViewResolver' beanNameViewResolver (OnBeanCondition)

   WebMvcAutoConfiguration.WebMvcAutoConfigurationAdapter#localeResolver:
      Did not match:
         - @ConditionalOnProperty (spring.mvc.locale) did not find property 'locale' (OnPropertyCondition)

   WebServicesAutoConfiguration:
      Did not match:
         - @ConditionalOnClass did not find required class 'org.springframework.ws.transport.http.MessageDispatcherServlet' (OnClassCondition)

   WebSocketMessagingAutoConfiguration:
      Did not match:
         - @ConditionalOnClass did not find required class 'org.springframework.web.socket.config.annotation.WebSocketMessageBrokerConfigurer' (OnClassCondition)

   WebSocketReactiveAutoConfiguration:
      Did not match:
         - not a reactive web application (OnWebApplicationCondition)
      Matched:
         - @ConditionalOnClass found required classes 'javax.servlet.Servlet', 'javax.websocket.server.ServerContainer'; @ConditionalOnMissingClass did not find unwanted class (OnClassCondition)

   WebSocketServletAutoConfiguration.JettyWebSocketConfiguration:
      Did not match:
         - @ConditionalOnClass did not find required class 'org.eclipse.jetty.websocket.jsr356.server.deploy.WebSocketServerContainerInitializer' (OnClassCondition)

   WebSocketServletAutoConfiguration.UndertowWebSocketConfiguration:
      Did not match:
         - @ConditionalOnClass did not find required class 'io.undertow.websockets.jsr.Bootstrap' (OnClassCondition)

   WritableEnvironmentEndpointAutoConfiguration:
      Did not match:
         - @ConditionalOnClass did not find required classes 'org.springframework.boot.actuate.env.EnvironmentEndpoint', 'org.springframework.boot.actuate.autoconfigure.env.EnvironmentEndpointProperties' (OnClassCondition)

   XADataSourceAutoConfiguration:
      Did not match:
         - @ConditionalOnBean (types: org.springframework.boot.jdbc.XADataSourceWrapper; SearchStrategy: all) did not find any beans of type org.springframework.boot.jdbc.XADataSourceWrapper (OnBeanCondition)
      Matched:
         - @ConditionalOnClass found required classes 'javax.sql.DataSource', 'javax.transaction.TransactionManager', 'org.springframework.jdbc.datasource.embedded.EmbeddedDatabaseType'; @ConditionalOnMissingClass did not find unwanted class (OnClassCondition)


Exclusions:
-----------

    None


Unconditional classes:
----------------------

    org.springframework.boot.autoconfigure.context.PropertyPlaceholderAutoConfiguration

    org.springframework.cloud.client.discovery.simple.SimpleDiscoveryClientAutoConfiguration

    org.springframework.cloud.commons.httpclient.HttpClientConfiguration

    org.springframework.cloud.client.serviceregistry.ServiceRegistryAutoConfiguration

    org.springframework.cloud.autoconfigure.LifecycleMvcEndpointAutoConfiguration

    org.springframework.cloud.client.discovery.composite.CompositeDiscoveryClientAutoConfiguration

    org.springframework.boot.autoconfigure.web.embedded.EmbeddedWebServerFactoryCustomizerAutoConfiguration

    org.springframework.boot.autoconfigure.security.reactive.ReactiveSecurityAutoConfiguration

    org.springframework.boot.autoconfigure.context.ConfigurationPropertiesAutoConfiguration

    org.springframework.cloud.client.CommonsClientAutoConfiguration

    org.springframework.boot.autoconfigure.info.ProjectInfoAutoConfiguration



2020-03-05 20:54:59.995 [main] INFO  c.n.manage_course.dao.FeignTest - Started FeignTest in 20.494 seconds (JVM running for 21.854)
2020-03-05 20:55:00.224 [main] INFO  o.s.c.a.AnnotationConfigApplicationContext - Refreshing SpringClientFactory-nm-service-manage-cms: startup date [Thu Mar 05 20:55:00 CST 2020]; parent: org.springframework.web.context.support.GenericWebApplicationContext@7a138fc5
2020-03-05 20:55:00.466 [main] INFO  o.s.b.f.a.AutowiredAnnotationBeanPostProcessor - JSR-330 'javax.inject.Inject' annotation found and supported for autowiring
2020-03-05 20:55:01.062 [main] INFO  c.n.config.ChainedDynamicProperty - Flipping property: nm-service-manage-cms.ribbon.ActiveConnectionsLimit to use NEXT property: niws.loadbalancer.availabilityFilteringRule.activeConnectionsLimit = 2147483647
2020-03-05 20:55:01.090 [main] INFO  c.n.u.c.ShutdownEnabledTimer - Shutdown hook installed for: NFLoadBalancer-PingTimer-nm-service-manage-cms
2020-03-05 20:55:01.101 [main] INFO  c.n.loadbalancer.BaseLoadBalancer - Client: nm-service-manage-cms instantiated a LoadBalancer: DynamicServerListLoadBalancer:{NFLoadBalancer:name=nm-service-manage-cms,current list of Servers=[],Load balancer stats=Zone stats: {},Server stats: []}ServerList:null
2020-03-05 20:55:01.113 [main] INFO  c.n.l.DynamicServerListLoadBalancer - Using serverListUpdater PollingServerListUpdater
2020-03-05 20:55:01.131 [main] INFO  o.s.c.n.eureka.InstanceInfoFactory - Setting initial instance status as: STARTING
2020-03-05 20:55:01.151 [main] INFO  c.netflix.discovery.DiscoveryClient - Initializing Eureka in region us-east-1
2020-03-05 20:55:01.231 [main] INFO  c.n.d.p.DiscoveryJerseyProvider - Using JSON encoding codec LegacyJacksonJson
2020-03-05 20:55:01.232 [main] INFO  c.n.d.p.DiscoveryJerseyProvider - Using JSON decoding codec LegacyJacksonJson
2020-03-05 20:55:01.516 [main] INFO  c.n.d.p.DiscoveryJerseyProvider - Using XML encoding codec XStreamXml
2020-03-05 20:55:01.516 [main] INFO  c.n.d.p.DiscoveryJerseyProvider - Using XML decoding codec XStreamXml
2020-03-05 20:55:01.970 [main] INFO  c.n.d.s.r.aws.ConfigClusterResolver - Resolving eureka endpoints via configuration
2020-03-05 20:55:03.039 [main] INFO  c.netflix.discovery.DiscoveryClient - Disable delta property : false
2020-03-05 20:55:03.039 [main] INFO  c.netflix.discovery.DiscoveryClient - Single vip registry refresh property : null
2020-03-05 20:55:03.039 [main] INFO  c.netflix.discovery.DiscoveryClient - Force full registry fetch : false
2020-03-05 20:55:03.039 [main] INFO  c.netflix.discovery.DiscoveryClient - Application is null : false
2020-03-05 20:55:03.039 [main] INFO  c.netflix.discovery.DiscoveryClient - Registered Applications size is zero : true
2020-03-05 20:55:03.039 [main] INFO  c.netflix.discovery.DiscoveryClient - Application version is -1: true
2020-03-05 20:55:03.039 [main] INFO  c.netflix.discovery.DiscoveryClient - Getting all instance registry info from the eureka server
2020-03-05 20:55:07.116 [main] ERROR c.n.d.s.t.d.RedirectingEurekaHttpClient - Request execution error
com.sun.jersey.api.client.ClientHandlerException: java.net.ConnectException: Connection refused: connect
	at com.sun.jersey.client.apache4.ApacheHttpClient4Handler.handle(ApacheHttpClient4Handler.java:187)
	at com.sun.jersey.api.client.filter.GZIPContentEncodingFilter.handle(GZIPContentEncodingFilter.java:123)
	at com.netflix.discovery.EurekaIdentityHeaderFilter.handle(EurekaIdentityHeaderFilter.java:27)
	at com.sun.jersey.api.client.Client.handle(Client.java:652)
	at com.sun.jersey.api.client.WebResource.handle(WebResource.java:682)
	at com.sun.jersey.api.client.WebResource.access$200(WebResource.java:74)
	at com.sun.jersey.api.client.WebResource$Builder.get(WebResource.java:509)
	at com.netflix.discovery.shared.transport.jersey.AbstractJerseyEurekaHttpClient.getApplicationsInternal(AbstractJerseyEurekaHttpClient.java:194)
	at com.netflix.discovery.shared.transport.jersey.AbstractJerseyEurekaHttpClient.getApplications(AbstractJerseyEurekaHttpClient.java:165)
	at com.netflix.discovery.shared.transport.decorator.EurekaHttpClientDecorator$6.execute(EurekaHttpClientDecorator.java:137)
	at com.netflix.discovery.shared.transport.decorator.MetricsCollectingEurekaHttpClient.execute(MetricsCollectingEurekaHttpClient.java:73)
	at com.netflix.discovery.shared.transport.decorator.EurekaHttpClientDecorator.getApplications(EurekaHttpClientDecorator.java:134)
	at com.netflix.discovery.shared.transport.decorator.EurekaHttpClientDecorator$6.execute(EurekaHttpClientDecorator.java:137)
	at com.netflix.discovery.shared.transport.decorator.RedirectingEurekaHttpClient.executeOnNewServer(RedirectingEurekaHttpClient.java:118)
	at com.netflix.discovery.shared.transport.decorator.RedirectingEurekaHttpClient.execute(RedirectingEurekaHttpClient.java:79)
	at com.netflix.discovery.shared.transport.decorator.EurekaHttpClientDecorator.getApplications(EurekaHttpClientDecorator.java:134)
	at com.netflix.discovery.shared.transport.decorator.EurekaHttpClientDecorator$6.execute(EurekaHttpClientDecorator.java:137)
	at com.netflix.discovery.shared.transport.decorator.RetryableEurekaHttpClient.execute(RetryableEurekaHttpClient.java:120)
	at com.netflix.discovery.shared.transport.decorator.EurekaHttpClientDecorator.getApplications(EurekaHttpClientDecorator.java:134)
	at com.netflix.discovery.shared.transport.decorator.EurekaHttpClientDecorator$6.execute(EurekaHttpClientDecorator.java:137)
	at com.netflix.discovery.shared.transport.decorator.SessionedEurekaHttpClient.execute(SessionedEurekaHttpClient.java:77)
	at com.netflix.discovery.shared.transport.decorator.EurekaHttpClientDecorator.getApplications(EurekaHttpClientDecorator.java:134)
	at com.netflix.discovery.DiscoveryClient.getAndStoreFullRegistry(DiscoveryClient.java:1051)
	at com.netflix.discovery.DiscoveryClient.fetchRegistry(DiscoveryClient.java:965)
	at com.netflix.discovery.DiscoveryClient.<init>(DiscoveryClient.java:414)
	at com.netflix.discovery.DiscoveryClient.<init>(DiscoveryClient.java:269)
	at org.springframework.cloud.netflix.eureka.CloudEurekaClient.<init>(CloudEurekaClient.java:63)
	at org.springframework.cloud.netflix.eureka.EurekaClientAutoConfiguration$RefreshableEurekaClientConfiguration.eurekaClient(EurekaClientAutoConfiguration.java:290)
	at org.springframework.cloud.netflix.eureka.EurekaClientAutoConfiguration$RefreshableEurekaClientConfiguration$$EnhancerBySpringCGLIB$$8cff4a1d.CGLIB$eurekaClient$0(<generated>)
	at org.springframework.cloud.netflix.eureka.EurekaClientAutoConfiguration$RefreshableEurekaClientConfiguration$$EnhancerBySpringCGLIB$$8cff4a1d$$FastClassBySpringCGLIB$$6cacd7ad.invoke(<generated>)
	at org.springframework.cglib.proxy.MethodProxy.invokeSuper(MethodProxy.java:228)
	at org.springframework.context.annotation.ConfigurationClassEnhancer$BeanMethodInterceptor.intercept(ConfigurationClassEnhancer.java:361)
	at org.springframework.cloud.netflix.eureka.EurekaClientAutoConfiguration$RefreshableEurekaClientConfiguration$$EnhancerBySpringCGLIB$$8cff4a1d.eurekaClient(<generated>)
	at sun.reflect.NativeMethodAccessorImpl.invoke0(Native Method)
	at sun.reflect.NativeMethodAccessorImpl.invoke(NativeMethodAccessorImpl.java:62)
	at sun.reflect.DelegatingMethodAccessorImpl.invoke(DelegatingMethodAccessorImpl.java:43)
	at java.lang.reflect.Method.invoke(Method.java:498)
	at org.springframework.beans.factory.support.SimpleInstantiationStrategy.instantiate(SimpleInstantiationStrategy.java:154)
	at org.springframework.beans.factory.support.ConstructorResolver.instantiateUsingFactoryMethod(ConstructorResolver.java:579)
	at org.springframework.beans.factory.support.AbstractAutowireCapableBeanFactory.instantiateUsingFactoryMethod(AbstractAutowireCapableBeanFactory.java:1250)
	at org.springframework.beans.factory.support.AbstractAutowireCapableBeanFactory.createBeanInstance(AbstractAutowireCapableBeanFactory.java:1099)
	at org.springframework.beans.factory.support.AbstractAutowireCapableBeanFactory.doCreateBean(AbstractAutowireCapableBeanFactory.java:541)
	at org.springframework.beans.factory.support.AbstractAutowireCapableBeanFactory.createBean(AbstractAutowireCapableBeanFactory.java:501)
	at org.springframework.beans.factory.support.AbstractBeanFactory.lambda$doGetBean$1(AbstractBeanFactory.java:353)
	at org.springframework.cloud.context.scope.GenericScope$BeanLifecycleWrapper.getBean(GenericScope.java:390)
	at org.springframework.cloud.context.scope.GenericScope.get(GenericScope.java:184)
	at org.springframework.beans.factory.support.AbstractBeanFactory.doGetBean(AbstractBeanFactory.java:350)
	at org.springframework.beans.factory.support.AbstractBeanFactory.getBean(AbstractBeanFactory.java:199)
	at org.springframework.aop.target.SimpleBeanTargetSource.getTarget(SimpleBeanTargetSource.java:35)
	at org.springframework.aop.framework.JdkDynamicAopProxy.invoke(JdkDynamicAopProxy.java:193)
	at com.sun.proxy.$Proxy170.getInstancesByVipAddress(Unknown Source)
	at com.netflix.niws.loadbalancer.DiscoveryEnabledNIWSServerList.obtainServersViaDiscovery(DiscoveryEnabledNIWSServerList.java:167)
	at com.netflix.niws.loadbalancer.DiscoveryEnabledNIWSServerList.getUpdatedListOfServers(DiscoveryEnabledNIWSServerList.java:152)
	at org.springframework.cloud.netflix.ribbon.eureka.DomainExtractingServerList.getUpdatedListOfServers(DomainExtractingServerList.java:57)
	at com.netflix.loadbalancer.DynamicServerListLoadBalancer.updateListOfServers(DynamicServerListLoadBalancer.java:240)
	at com.netflix.loadbalancer.DynamicServerListLoadBalancer.restOfInit(DynamicServerListLoadBalancer.java:144)
	at com.netflix.loadbalancer.DynamicServerListLoadBalancer.<init>(DynamicServerListLoadBalancer.java:95)
	at com.netflix.loadbalancer.ZoneAwareLoadBalancer.<init>(ZoneAwareLoadBalancer.java:82)
	at org.springframework.cloud.netflix.ribbon.RibbonClientConfiguration.ribbonLoadBalancer(RibbonClientConfiguration.java:137)
	at org.springframework.cloud.netflix.ribbon.RibbonClientConfiguration$$EnhancerBySpringCGLIB$$452d723f.CGLIB$ribbonLoadBalancer$8(<generated>)
	at org.springframework.cloud.netflix.ribbon.RibbonClientConfiguration$$EnhancerBySpringCGLIB$$452d723f$$FastClassBySpringCGLIB$$74073a81.invoke(<generated>)
	at org.springframework.cglib.proxy.MethodProxy.invokeSuper(MethodProxy.java:228)
	at org.springframework.context.annotation.ConfigurationClassEnhancer$BeanMethodInterceptor.intercept(ConfigurationClassEnhancer.java:361)
	at org.springframework.cloud.netflix.ribbon.RibbonClientConfiguration$$EnhancerBySpringCGLIB$$452d723f.ribbonLoadBalancer(<generated>)
	at sun.reflect.NativeMethodAccessorImpl.invoke0(Native Method)
	at sun.reflect.NativeMethodAccessorImpl.invoke(NativeMethodAccessorImpl.java:62)
	at sun.reflect.DelegatingMethodAccessorImpl.invoke(DelegatingMethodAccessorImpl.java:43)
	at java.lang.reflect.Method.invoke(Method.java:498)
	at org.springframework.beans.factory.support.SimpleInstantiationStrategy.instantiate(SimpleInstantiationStrategy.java:154)
	at org.springframework.beans.factory.support.ConstructorResolver.instantiateUsingFactoryMethod(ConstructorResolver.java:579)
	at org.springframework.beans.factory.support.AbstractAutowireCapableBeanFactory.instantiateUsingFactoryMethod(AbstractAutowireCapableBeanFactory.java:1250)
	at org.springframework.beans.factory.support.AbstractAutowireCapableBeanFactory.createBeanInstance(AbstractAutowireCapableBeanFactory.java:1099)
	at org.springframework.beans.factory.support.AbstractAutowireCapableBeanFactory.doCreateBean(AbstractAutowireCapableBeanFactory.java:541)
	at org.springframework.beans.factory.support.AbstractAutowireCapableBeanFactory.createBean(AbstractAutowireCapableBeanFactory.java:501)
	at org.springframework.beans.factory.support.AbstractBeanFactory.lambda$doGetBean$0(AbstractBeanFactory.java:317)
	at org.springframework.beans.factory.support.DefaultSingletonBeanRegistry.getSingleton(DefaultSingletonBeanRegistry.java:228)
	at org.springframework.beans.factory.support.AbstractBeanFactory.doGetBean(AbstractBeanFactory.java:315)
	at org.springframework.beans.factory.support.AbstractBeanFactory.getBean(AbstractBeanFactory.java:199)
	at org.springframework.beans.factory.config.DependencyDescriptor.resolveCandidate(DependencyDescriptor.java:251)
	at org.springframework.beans.factory.support.DefaultListableBeanFactory.doResolveDependency(DefaultListableBeanFactory.java:1138)
	at org.springframework.beans.factory.support.DefaultListableBeanFactory.resolveDependency(DefaultListableBeanFactory.java:1065)
	at org.springframework.beans.factory.support.ConstructorResolver.resolveAutowiredArgument(ConstructorResolver.java:815)
	at org.springframework.beans.factory.support.ConstructorResolver.createArgumentArray(ConstructorResolver.java:721)
	at org.springframework.beans.factory.support.ConstructorResolver.instantiateUsingFactoryMethod(ConstructorResolver.java:470)
	at org.springframework.beans.factory.support.AbstractAutowireCapableBeanFactory.instantiateUsingFactoryMethod(AbstractAutowireCapableBeanFactory.java:1250)
	at org.springframework.beans.factory.support.AbstractAutowireCapableBeanFactory.createBeanInstance(AbstractAutowireCapableBeanFactory.java:1099)
	at org.springframework.beans.factory.support.AbstractAutowireCapableBeanFactory.doCreateBean(AbstractAutowireCapableBeanFactory.java:541)
	at org.springframework.beans.factory.support.AbstractAutowireCapableBeanFactory.createBean(AbstractAutowireCapableBeanFactory.java:501)
	at org.springframework.beans.factory.support.AbstractBeanFactory.lambda$doGetBean$0(AbstractBeanFactory.java:317)
	at org.springframework.beans.factory.support.DefaultSingletonBeanRegistry.getSingleton(DefaultSingletonBeanRegistry.java:228)
	at org.springframework.beans.factory.support.AbstractBeanFactory.doGetBean(AbstractBeanFactory.java:315)
	at org.springframework.beans.factory.support.AbstractBeanFactory.getBean(AbstractBeanFactory.java:199)
	at org.springframework.beans.factory.support.DefaultListableBeanFactory.preInstantiateSingletons(DefaultListableBeanFactory.java:760)
	at org.springframework.context.support.AbstractApplicationContext.finishBeanFactoryInitialization(AbstractApplicationContext.java:869)
	at org.springframework.context.support.AbstractApplicationContext.refresh(AbstractApplicationContext.java:550)
	at org.springframework.cloud.context.named.NamedContextFactory.createContext(NamedContextFactory.java:117)
	at org.springframework.cloud.context.named.NamedContextFactory.getContext(NamedContextFactory.java:85)
	at org.springframework.cloud.netflix.ribbon.SpringClientFactory.getContext(SpringClientFactory.java:118)
	at org.springframework.cloud.context.named.NamedContextFactory.getInstance(NamedContextFactory.java:126)
	at org.springframework.cloud.netflix.ribbon.SpringClientFactory.getInstance(SpringClientFactory.java:108)
	at org.springframework.cloud.netflix.ribbon.SpringClientFactory.getClientConfig(SpringClientFactory.java:65)
	at org.springframework.cloud.openfeign.ribbon.LoadBalancerFeignClient.getClientConfig(LoadBalancerFeignClient.java:78)
	at org.springframework.cloud.openfeign.ribbon.LoadBalancerFeignClient.execute(LoadBalancerFeignClient.java:62)
	at feign.SynchronousMethodHandler.executeAndDecode(SynchronousMethodHandler.java:97)
	at feign.SynchronousMethodHandler.invoke(SynchronousMethodHandler.java:76)
	at feign.ReflectiveFeign$FeignInvocationHandler.invoke(ReflectiveFeign.java:103)
	at com.sun.proxy.$Proxy158.findById(Unknown Source)
	at com.ningmeng.manage_course.dao.FeignTest.testfeign(FeignTest.java:23)
	at sun.reflect.NativeMethodAccessorImpl.invoke0(Native Method)
	at sun.reflect.NativeMethodAccessorImpl.invoke(NativeMethodAccessorImpl.java:62)
	at sun.reflect.DelegatingMethodAccessorImpl.invoke(DelegatingMethodAccessorImpl.java:43)
	at java.lang.reflect.Method.invoke(Method.java:498)
	at org.junit.runners.model.FrameworkMethod$1.runReflectiveCall(FrameworkMethod.java:50)
	at org.junit.internal.runners.model.ReflectiveCallable.run(ReflectiveCallable.java:12)
	at org.junit.runners.model.FrameworkMethod.invokeExplosively(FrameworkMethod.java:47)
	at org.junit.internal.runners.statements.InvokeMethod.evaluate(InvokeMethod.java:17)
	at org.springframework.test.context.junit4.statements.RunBeforeTestExecutionCallbacks.evaluate(RunBeforeTestExecutionCallbacks.java:73)
	at org.springframework.test.context.junit4.statements.RunAfterTestExecutionCallbacks.evaluate(RunAfterTestExecutionCallbacks.java:83)
	at org.springframework.test.context.junit4.statements.RunBeforeTestMethodCallbacks.evaluate(RunBeforeTestMethodCallbacks.java:75)
	at org.springframework.test.context.junit4.statements.RunAfterTestMethodCallbacks.evaluate(RunAfterTestMethodCallbacks.java:86)
	at org.springframework.test.context.junit4.statements.SpringRepeat.evaluate(SpringRepeat.java:84)
	at org.junit.runners.ParentRunner.runLeaf(ParentRunner.java:325)
	at org.springframework.test.context.junit4.SpringJUnit4ClassRunner.runChild(SpringJUnit4ClassRunner.java:251)
	at org.springframework.test.context.junit4.SpringJUnit4ClassRunner.runChild(SpringJUnit4ClassRunner.java:97)
	at org.junit.runners.ParentRunner$3.run(ParentRunner.java:290)
	at org.junit.runners.ParentRunner$1.schedule(ParentRunner.java:71)
	at org.junit.runners.ParentRunner.runChildren(ParentRunner.java:288)
	at org.junit.runners.ParentRunner.access$000(ParentRunner.java:58)
	at org.junit.runners.ParentRunner$2.evaluate(ParentRunner.java:268)
	at org.springframework.test.context.junit4.statements.RunBeforeTestClassCallbacks.evaluate(RunBeforeTestClassCallbacks.java:61)
	at org.springframework.test.context.junit4.statements.RunAfterTestClassCallbacks.evaluate(RunAfterTestClassCallbacks.java:70)
	at org.junit.runners.ParentRunner.run(ParentRunner.java:363)
	at org.springframework.test.context.junit4.SpringJUnit4ClassRunner.run(SpringJUnit4ClassRunner.java:190)
	at org.apache.maven.surefire.junit4.JUnit4Provider.execute(JUnit4Provider.java:365)
	at org.apache.maven.surefire.junit4.JUnit4Provider.executeWithRerun(JUnit4Provider.java:273)
	at org.apache.maven.surefire.junit4.JUnit4Provider.executeTestSet(JUnit4Provider.java:238)
	at org.apache.maven.surefire.junit4.JUnit4Provider.invoke(JUnit4Provider.java:159)
	at org.apache.maven.surefire.booter.ForkedBooter.invokeProviderInSameClassLoader(ForkedBooter.java:379)
	at org.apache.maven.surefire.booter.ForkedBooter.runSuitesInProcess(ForkedBooter.java:340)
	at org.apache.maven.surefire.booter.ForkedBooter.execute(ForkedBooter.java:125)
	at org.apache.maven.surefire.booter.ForkedBooter.main(ForkedBooter.java:413)
Caused by: java.net.ConnectException: Connection refused: connect
	at java.net.DualStackPlainSocketImpl.waitForConnect(Native Method)
	at java.net.DualStackPlainSocketImpl.socketConnect(DualStackPlainSocketImpl.java:85)
	at java.net.AbstractPlainSocketImpl.doConnect(AbstractPlainSocketImpl.java:350)
	at java.net.AbstractPlainSocketImpl.connectToAddress(AbstractPlainSocketImpl.java:206)
	at java.net.AbstractPlainSocketImpl.connect(AbstractPlainSocketImpl.java:188)
	at java.net.PlainSocketImpl.connect(PlainSocketImpl.java:172)
	at java.net.SocksSocketImpl.connect(SocksSocketImpl.java:392)
	at java.net.Socket.connect(Socket.java:589)
	at org.apache.http.conn.scheme.PlainSocketFactory.connectSocket(PlainSocketFactory.java:121)
	at org.apache.http.impl.conn.DefaultClientConnectionOperator.openConnection(DefaultClientConnectionOperator.java:180)
	at org.apache.http.impl.conn.AbstractPoolEntry.open(AbstractPoolEntry.java:144)
	at org.apache.http.impl.conn.AbstractPooledConnAdapter.open(AbstractPooledConnAdapter.java:134)
	at org.apache.http.impl.client.DefaultRequestDirector.tryConnect(DefaultRequestDirector.java:610)
	at org.apache.http.impl.client.DefaultRequestDirector.execute(DefaultRequestDirector.java:445)
	at org.apache.http.impl.client.AbstractHttpClient.doExecute(AbstractHttpClient.java:835)
	at org.apache.http.impl.client.CloseableHttpClient.execute(CloseableHttpClient.java:118)
	at org.apache.http.impl.client.CloseableHttpClient.execute(CloseableHttpClient.java:56)
	at com.sun.jersey.client.apache4.ApacheHttpClient4Handler.handle(ApacheHttpClient4Handler.java:173)
	... 140 common frames omitted
2020-03-05 20:55:07.117 [main] WARN  c.n.d.s.t.d.RetryableEurekaHttpClient - Request execution failed with message: java.net.ConnectException: Connection refused: connect
2020-03-05 20:55:07.118 [main] ERROR c.netflix.discovery.DiscoveryClient - DiscoveryClient_NM-SERVICE-MANAGE-COURSE/nm-service-manage-course:-1 - was unable to refresh its cache! status = Cannot execute request on any known server
com.netflix.discovery.shared.transport.TransportException: Cannot execute request on any known server
	at com.netflix.discovery.shared.transport.decorator.RetryableEurekaHttpClient.execute(RetryableEurekaHttpClient.java:112)
	at com.netflix.discovery.shared.transport.decorator.EurekaHttpClientDecorator.getApplications(EurekaHttpClientDecorator.java:134)
	at com.netflix.discovery.shared.transport.decorator.EurekaHttpClientDecorator$6.execute(EurekaHttpClientDecorator.java:137)
	at com.netflix.discovery.shared.transport.decorator.SessionedEurekaHttpClient.execute(SessionedEurekaHttpClient.java:77)
	at com.netflix.discovery.shared.transport.decorator.EurekaHttpClientDecorator.getApplications(EurekaHttpClientDecorator.java:134)
	at com.netflix.discovery.DiscoveryClient.getAndStoreFullRegistry(DiscoveryClient.java:1051)
	at com.netflix.discovery.DiscoveryClient.fetchRegistry(DiscoveryClient.java:965)
	at com.netflix.discovery.DiscoveryClient.<init>(DiscoveryClient.java:414)
	at com.netflix.discovery.DiscoveryClient.<init>(DiscoveryClient.java:269)
	at org.springframework.cloud.netflix.eureka.CloudEurekaClient.<init>(CloudEurekaClient.java:63)
	at org.springframework.cloud.netflix.eureka.EurekaClientAutoConfiguration$RefreshableEurekaClientConfiguration.eurekaClient(EurekaClientAutoConfiguration.java:290)
	at org.springframework.cloud.netflix.eureka.EurekaClientAutoConfiguration$RefreshableEurekaClientConfiguration$$EnhancerBySpringCGLIB$$8cff4a1d.CGLIB$eurekaClient$0(<generated>)
	at org.springframework.cloud.netflix.eureka.EurekaClientAutoConfiguration$RefreshableEurekaClientConfiguration$$EnhancerBySpringCGLIB$$8cff4a1d$$FastClassBySpringCGLIB$$6cacd7ad.invoke(<generated>)
	at org.springframework.cglib.proxy.MethodProxy.invokeSuper(MethodProxy.java:228)
	at org.springframework.context.annotation.ConfigurationClassEnhancer$BeanMethodInterceptor.intercept(ConfigurationClassEnhancer.java:361)
	at org.springframework.cloud.netflix.eureka.EurekaClientAutoConfiguration$RefreshableEurekaClientConfiguration$$EnhancerBySpringCGLIB$$8cff4a1d.eurekaClient(<generated>)
	at sun.reflect.NativeMethodAccessorImpl.invoke0(Native Method)
	at sun.reflect.NativeMethodAccessorImpl.invoke(NativeMethodAccessorImpl.java:62)
	at sun.reflect.DelegatingMethodAccessorImpl.invoke(DelegatingMethodAccessorImpl.java:43)
	at java.lang.reflect.Method.invoke(Method.java:498)
	at org.springframework.beans.factory.support.SimpleInstantiationStrategy.instantiate(SimpleInstantiationStrategy.java:154)
	at org.springframework.beans.factory.support.ConstructorResolver.instantiateUsingFactoryMethod(ConstructorResolver.java:579)
	at org.springframework.beans.factory.support.AbstractAutowireCapableBeanFactory.instantiateUsingFactoryMethod(AbstractAutowireCapableBeanFactory.java:1250)
	at org.springframework.beans.factory.support.AbstractAutowireCapableBeanFactory.createBeanInstance(AbstractAutowireCapableBeanFactory.java:1099)
	at org.springframework.beans.factory.support.AbstractAutowireCapableBeanFactory.doCreateBean(AbstractAutowireCapableBeanFactory.java:541)
	at org.springframework.beans.factory.support.AbstractAutowireCapableBeanFactory.createBean(AbstractAutowireCapableBeanFactory.java:501)
	at org.springframework.beans.factory.support.AbstractBeanFactory.lambda$doGetBean$1(AbstractBeanFactory.java:353)
	at org.springframework.cloud.context.scope.GenericScope$BeanLifecycleWrapper.getBean(GenericScope.java:390)
	at org.springframework.cloud.context.scope.GenericScope.get(GenericScope.java:184)
	at org.springframework.beans.factory.support.AbstractBeanFactory.doGetBean(AbstractBeanFactory.java:350)
	at org.springframework.beans.factory.support.AbstractBeanFactory.getBean(AbstractBeanFactory.java:199)
	at org.springframework.aop.target.SimpleBeanTargetSource.getTarget(SimpleBeanTargetSource.java:35)
	at org.springframework.aop.framework.JdkDynamicAopProxy.invoke(JdkDynamicAopProxy.java:193)
	at com.sun.proxy.$Proxy170.getInstancesByVipAddress(Unknown Source)
	at com.netflix.niws.loadbalancer.DiscoveryEnabledNIWSServerList.obtainServersViaDiscovery(DiscoveryEnabledNIWSServerList.java:167)
	at com.netflix.niws.loadbalancer.DiscoveryEnabledNIWSServerList.getUpdatedListOfServers(DiscoveryEnabledNIWSServerList.java:152)
	at org.springframework.cloud.netflix.ribbon.eureka.DomainExtractingServerList.getUpdatedListOfServers(DomainExtractingServerList.java:57)
	at com.netflix.loadbalancer.DynamicServerListLoadBalancer.updateListOfServers(DynamicServerListLoadBalancer.java:240)
	at com.netflix.loadbalancer.DynamicServerListLoadBalancer.restOfInit(DynamicServerListLoadBalancer.java:144)
	at com.netflix.loadbalancer.DynamicServerListLoadBalancer.<init>(DynamicServerListLoadBalancer.java:95)
	at com.netflix.loadbalancer.ZoneAwareLoadBalancer.<init>(ZoneAwareLoadBalancer.java:82)
	at org.springframework.cloud.netflix.ribbon.RibbonClientConfiguration.ribbonLoadBalancer(RibbonClientConfiguration.java:137)
	at org.springframework.cloud.netflix.ribbon.RibbonClientConfiguration$$EnhancerBySpringCGLIB$$452d723f.CGLIB$ribbonLoadBalancer$8(<generated>)
	at org.springframework.cloud.netflix.ribbon.RibbonClientConfiguration$$EnhancerBySpringCGLIB$$452d723f$$FastClassBySpringCGLIB$$74073a81.invoke(<generated>)
	at org.springframework.cglib.proxy.MethodProxy.invokeSuper(MethodProxy.java:228)
	at org.springframework.context.annotation.ConfigurationClassEnhancer$BeanMethodInterceptor.intercept(ConfigurationClassEnhancer.java:361)
	at org.springframework.cloud.netflix.ribbon.RibbonClientConfiguration$$EnhancerBySpringCGLIB$$452d723f.ribbonLoadBalancer(<generated>)
	at sun.reflect.NativeMethodAccessorImpl.invoke0(Native Method)
	at sun.reflect.NativeMethodAccessorImpl.invoke(NativeMethodAccessorImpl.java:62)
	at sun.reflect.DelegatingMethodAccessorImpl.invoke(DelegatingMethodAccessorImpl.java:43)
	at java.lang.reflect.Method.invoke(Method.java:498)
	at org.springframework.beans.factory.support.SimpleInstantiationStrategy.instantiate(SimpleInstantiationStrategy.java:154)
	at org.springframework.beans.factory.support.ConstructorResolver.instantiateUsingFactoryMethod(ConstructorResolver.java:579)
	at org.springframework.beans.factory.support.AbstractAutowireCapableBeanFactory.instantiateUsingFactoryMethod(AbstractAutowireCapableBeanFactory.java:1250)
	at org.springframework.beans.factory.support.AbstractAutowireCapableBeanFactory.createBeanInstance(AbstractAutowireCapableBeanFactory.java:1099)
	at org.springframework.beans.factory.support.AbstractAutowireCapableBeanFactory.doCreateBean(AbstractAutowireCapableBeanFactory.java:541)
	at org.springframework.beans.factory.support.AbstractAutowireCapableBeanFactory.createBean(AbstractAutowireCapableBeanFactory.java:501)
	at org.springframework.beans.factory.support.AbstractBeanFactory.lambda$doGetBean$0(AbstractBeanFactory.java:317)
	at org.springframework.beans.factory.support.DefaultSingletonBeanRegistry.getSingleton(DefaultSingletonBeanRegistry.java:228)
	at org.springframework.beans.factory.support.AbstractBeanFactory.doGetBean(AbstractBeanFactory.java:315)
	at org.springframework.beans.factory.support.AbstractBeanFactory.getBean(AbstractBeanFactory.java:199)
	at org.springframework.beans.factory.config.DependencyDescriptor.resolveCandidate(DependencyDescriptor.java:251)
	at org.springframework.beans.factory.support.DefaultListableBeanFactory.doResolveDependency(DefaultListableBeanFactory.java:1138)
	at org.springframework.beans.factory.support.DefaultListableBeanFactory.resolveDependency(DefaultListableBeanFactory.java:1065)
	at org.springframework.beans.factory.support.ConstructorResolver.resolveAutowiredArgument(ConstructorResolver.java:815)
	at org.springframework.beans.factory.support.ConstructorResolver.createArgumentArray(ConstructorResolver.java:721)
	at org.springframework.beans.factory.support.ConstructorResolver.instantiateUsingFactoryMethod(ConstructorResolver.java:470)
	at org.springframework.beans.factory.support.AbstractAutowireCapableBeanFactory.instantiateUsingFactoryMethod(AbstractAutowireCapableBeanFactory.java:1250)
	at org.springframework.beans.factory.support.AbstractAutowireCapableBeanFactory.createBeanInstance(AbstractAutowireCapableBeanFactory.java:1099)
	at org.springframework.beans.factory.support.AbstractAutowireCapableBeanFactory.doCreateBean(AbstractAutowireCapableBeanFactory.java:541)
	at org.springframework.beans.factory.support.AbstractAutowireCapableBeanFactory.createBean(AbstractAutowireCapableBeanFactory.java:501)
	at org.springframework.beans.factory.support.AbstractBeanFactory.lambda$doGetBean$0(AbstractBeanFactory.java:317)
	at org.springframework.beans.factory.support.DefaultSingletonBeanRegistry.getSingleton(DefaultSingletonBeanRegistry.java:228)
	at org.springframework.beans.factory.support.AbstractBeanFactory.doGetBean(AbstractBeanFactory.java:315)
	at org.springframework.beans.factory.support.AbstractBeanFactory.getBean(AbstractBeanFactory.java:199)
	at org.springframework.beans.factory.support.DefaultListableBeanFactory.preInstantiateSingletons(DefaultListableBeanFactory.java:760)
	at org.springframework.context.support.AbstractApplicationContext.finishBeanFactoryInitialization(AbstractApplicationContext.java:869)
	at org.springframework.context.support.AbstractApplicationContext.refresh(AbstractApplicationContext.java:550)
	at org.springframework.cloud.context.named.NamedContextFactory.createContext(NamedContextFactory.java:117)
	at org.springframework.cloud.context.named.NamedContextFactory.getContext(NamedContextFactory.java:85)
	at org.springframework.cloud.netflix.ribbon.SpringClientFactory.getContext(SpringClientFactory.java:118)
	at org.springframework.cloud.context.named.NamedContextFactory.getInstance(NamedContextFactory.java:126)
	at org.springframework.cloud.netflix.ribbon.SpringClientFactory.getInstance(SpringClientFactory.java:108)
	at org.springframework.cloud.netflix.ribbon.SpringClientFactory.getClientConfig(SpringClientFactory.java:65)
	at org.springframework.cloud.openfeign.ribbon.LoadBalancerFeignClient.getClientConfig(LoadBalancerFeignClient.java:78)
	at org.springframework.cloud.openfeign.ribbon.LoadBalancerFeignClient.execute(LoadBalancerFeignClient.java:62)
	at feign.SynchronousMethodHandler.executeAndDecode(SynchronousMethodHandler.java:97)
	at feign.SynchronousMethodHandler.invoke(SynchronousMethodHandler.java:76)
	at feign.ReflectiveFeign$FeignInvocationHandler.invoke(ReflectiveFeign.java:103)
	at com.sun.proxy.$Proxy158.findById(Unknown Source)
	at com.ningmeng.manage_course.dao.FeignTest.testfeign(FeignTest.java:23)
	at sun.reflect.NativeMethodAccessorImpl.invoke0(Native Method)
	at sun.reflect.NativeMethodAccessorImpl.invoke(NativeMethodAccessorImpl.java:62)
	at sun.reflect.DelegatingMethodAccessorImpl.invoke(DelegatingMethodAccessorImpl.java:43)
	at java.lang.reflect.Method.invoke(Method.java:498)
	at org.junit.runners.model.FrameworkMethod$1.runReflectiveCall(FrameworkMethod.java:50)
	at org.junit.internal.runners.model.ReflectiveCallable.run(ReflectiveCallable.java:12)
	at org.junit.runners.model.FrameworkMethod.invokeExplosively(FrameworkMethod.java:47)
	at org.junit.internal.runners.statements.InvokeMethod.evaluate(InvokeMethod.java:17)
	at org.springframework.test.context.junit4.statements.RunBeforeTestExecutionCallbacks.evaluate(RunBeforeTestExecutionCallbacks.java:73)
	at org.springframework.test.context.junit4.statements.RunAfterTestExecutionCallbacks.evaluate(RunAfterTestExecutionCallbacks.java:83)
	at org.springframework.test.context.junit4.statements.RunBeforeTestMethodCallbacks.evaluate(RunBeforeTestMethodCallbacks.java:75)
	at org.springframework.test.context.junit4.statements.RunAfterTestMethodCallbacks.evaluate(RunAfterTestMethodCallbacks.java:86)
	at org.springframework.test.context.junit4.statements.SpringRepeat.evaluate(SpringRepeat.java:84)
	at org.junit.runners.ParentRunner.runLeaf(ParentRunner.java:325)
	at org.springframework.test.context.junit4.SpringJUnit4ClassRunner.runChild(SpringJUnit4ClassRunner.java:251)
	at org.springframework.test.context.junit4.SpringJUnit4ClassRunner.runChild(SpringJUnit4ClassRunner.java:97)
	at org.junit.runners.ParentRunner$3.run(ParentRunner.java:290)
	at org.junit.runners.ParentRunner$1.schedule(ParentRunner.java:71)
	at org.junit.runners.ParentRunner.runChildren(ParentRunner.java:288)
	at org.junit.runners.ParentRunner.access$000(ParentRunner.java:58)
	at org.junit.runners.ParentRunner$2.evaluate(ParentRunner.java:268)
	at org.springframework.test.context.junit4.statements.RunBeforeTestClassCallbacks.evaluate(RunBeforeTestClassCallbacks.java:61)
	at org.springframework.test.context.junit4.statements.RunAfterTestClassCallbacks.evaluate(RunAfterTestClassCallbacks.java:70)
	at org.junit.runners.ParentRunner.run(ParentRunner.java:363)
	at org.springframework.test.context.junit4.SpringJUnit4ClassRunner.run(SpringJUnit4ClassRunner.java:190)
	at org.apache.maven.surefire.junit4.JUnit4Provider.execute(JUnit4Provider.java:365)
	at org.apache.maven.surefire.junit4.JUnit4Provider.executeWithRerun(JUnit4Provider.java:273)
	at org.apache.maven.surefire.junit4.JUnit4Provider.executeTestSet(JUnit4Provider.java:238)
	at org.apache.maven.surefire.junit4.JUnit4Provider.invoke(JUnit4Provider.java:159)
	at org.apache.maven.surefire.booter.ForkedBooter.invokeProviderInSameClassLoader(ForkedBooter.java:379)
	at org.apache.maven.surefire.booter.ForkedBooter.runSuitesInProcess(ForkedBooter.java:340)
	at org.apache.maven.surefire.booter.ForkedBooter.execute(ForkedBooter.java:125)
	at org.apache.maven.surefire.booter.ForkedBooter.main(ForkedBooter.java:413)
2020-03-05 20:55:07.119 [main] WARN  c.netflix.discovery.DiscoveryClient - Using default backup registry implementation which does not do anything.
2020-03-05 20:55:07.121 [main] INFO  c.netflix.discovery.DiscoveryClient - Starting heartbeat executor: renew interval is: 30
2020-03-05 20:55:07.124 [main] INFO  c.n.discovery.InstanceInfoReplicator - InstanceInfoReplicator onDemand update allowed rate per min is 4
2020-03-05 20:55:07.130 [main] INFO  c.netflix.discovery.DiscoveryClient - Discovery Client initialized at timestamp 1583412907128 with initial instances count: 0
2020-03-05 20:55:07.141 [main] INFO  c.n.l.DynamicServerListLoadBalancer - DynamicServerListLoadBalancer for client nm-service-manage-cms initialized: DynamicServerListLoadBalancer:{NFLoadBalancer:name=nm-service-manage-cms,current list of Servers=[],Load balancer stats=Zone stats: {},Server stats: []}ServerList:org.springframework.cloud.netflix.ribbon.eureka.DomainExtractingServerList@167f9043
]]></system-out>
  </testcase>
</testsuite>